#
# A fatal error has been detected by the Java Runtime Environment:
#
#  SIGSEGV (0xb) at pc=0x00007f7799019582, pid=5565, tid=140151347033856
#
# JRE version: OpenJDK Runtime Environment (7.0_55-b14) (build 1.7.0_55-b14)
# Java VM: OpenJDK 64-Bit Server VM (24.51-b03 mixed mode linux-amd64 compressed oops)
# Problematic frame:
# V  [libjvm.so+0x816582]  PhaseChaitin::Split(unsigned int, ResourceArea*)+0x2c32
#
# Failed to write core dump. Core dumps have been disabled. To enable core dumping, try "ulimit -c unlimited" before starting Java again
#
# If you would like to submit a bug report, please include
# instructions on how to reproduce the bug and visit:
#   http://icedtea.classpath.org/bugzilla
#

---------------  T H R E A D  ---------------

Current thread (0x00007f77900a7000):  JavaThread "C2 CompilerThread0" daemon [_thread_in_native, id=5582, stack(0x00007f7787313000,0x00007f7787414000)]

siginfo:si_signo=SIGSEGV: si_errno=0, si_code=2 (SEGV_ACCERR), si_addr=0x00007f77994a21d8

Registers:
RAX=0x00007f77994a21c0, RBX=0x0000000000800000, RCX=0x0000000000000bd7, RDX=0x0000000000000003
RSP=0x00007f778740f660, RBP=0x00007f778740f910, RSI=0x0000000000000001, RDI=0x0000000000000006
R8 =0x000000000000001d, R9 =0x00007f77693ea990, R10=0x000000000000000b, R11=0x00007f77682418c8
R12=0x00007f7764045d20, R13=0x0000000000000001, R14=0x00007f778740fc20, R15=0x00007f778740fc20
RIP=0x00007f7799019582, EFLAGS=0x0000000000010206, CSGSFS=0x0000000000000033, ERR=0x0000000000000004
  TRAPNO=0x000000000000000e

Top of Stack: (sp=0x00007f778740f660)
0x00007f778740f660:   00007f77645487d0 00007f778740f8c0
0x00007f778740f670:   00007f7700000016 0000000000000016
0x00007f778740f680:   00000000000003d8 00007f7764001208
0x00007f778740f690:   00007f7764000e30 00007f7764000e20
0x00007f778740f6a0:   00007f77645488c0 0000000000000015
0x00007f778740f6b0:   00000000000000a8 0000001600000001
0x00007f778740f6c0:   0000000000000016 00000000000000b0
0x00007f778740f6d0:   0000000000000017 00000000000000b8
0x00007f778740f6e0:   0000001800000017 0000000000000018
0x00007f778740f6f0:   00000000000000c0 0000000000000019
0x00007f778740f700:   00000000000000c8 0000001a00000019
0x00007f778740f710:   000000000000001a 00000000000000d0
0x00007f778740f720:   000000000000001b 00000000000000d8
0x00007f778740f730:   0000001c0000001b 000000000000001c
0x00007f778740f740:   00000000000000e0 000000000000001d
0x00007f778740f750:   0000000000000010 000003310000001d
0x00007f778740f760:   00007f7764045d30 00007f778740f87c
0x00007f778740f770:   0000000000000001 00007f778740fce8
0x00007f778740f780:   00007f7764bebb20 00007f77693eb0f3
0x00007f778740f790:   00007f7768cf3e28 00007f778740f8c0
0x00007f778740f7a0:   00007f7764bebb60 00007f77693eb088
0x00007f778740f7b0:   0000000000000000 00007f7764f43b10
0x00007f778740f7c0:   0000000000000013 00007f778740fc20
0x00007f778740f7d0:   00007f778740f960 00007f77693eaa80
0x00007f778740f7e0:   00007f77649df960 0000000000000020
0x00007f778740f7f0:   00007f77645487d0 00007f7764045d20
0x00007f778740f800:   0000000000000000 0000000000000000
0x00007f778740f810:   0000000000000000 00007f7764544710
0x00007f778740f820:   00007f776821dc40 00007f77000023f0
0x00007f778740f830:   00007f77693ea990 0000000000000001
0x00007f778740f840:   00007f7700000000 0000000000000000
0x00007f778740f850:   000000000000001d 00007f7700000000 

Instructions: (pc=0x00007f7799019582)
0x00007f7799019562:   48 8d 04 80 41 c1 ea 08 48 c1 e0 05 48 03 47 10
0x00007f7799019572:   89 cf c1 ef 05 83 e7 07 48 8b 40 08 4a 8b 04 d0
0x00007f7799019582:   85 1c b8 75 08 49 c7 04 d1 00 00 00 00 48 83 c2
0x00007f7799019592:   01 41 39 d0 77 ad 49 8b 47 48 83 85 4c fe ff ff 

Register to memory mapping:

RAX=0x00007f77994a21c0: <offset 0xc9f1c0> in /usr/lib/jvm/java-7-openjdk-amd64/jre/lib/amd64/server/libjvm.so at 0x00007f7798803000
RBX=0x0000000000800000 is an unknown value
RCX=0x0000000000000bd7 is an unknown value
RDX=0x0000000000000003 is an unknown value
RSP=0x00007f778740f660 is pointing into the stack for thread: 0x00007f77900a7000
RBP=0x00007f778740f910 is pointing into the stack for thread: 0x00007f77900a7000
RSI=0x0000000000000001 is an unknown value
RDI=0x0000000000000006 is an unknown value
R8 =0x000000000000001d is an unknown value
R9 =0x00007f77693ea990 is an unknown value
R10=0x000000000000000b is an unknown value
R11=0x00007f77682418c8 is an unknown value
R12=0x00007f7764045d20 is an unknown value
R13=0x0000000000000001 is an unknown value
R14=0x00007f778740fc20 is pointing into the stack for thread: 0x00007f77900a7000
R15=0x00007f778740fc20 is pointing into the stack for thread: 0x00007f77900a7000


Stack: [0x00007f7787313000,0x00007f7787414000],  sp=0x00007f778740f660,  free space=1009k
Native frames: (J=compiled Java code, j=interpreted, Vv=VM code, C=native code)
V  [libjvm.so+0x816582]  PhaseChaitin::Split(unsigned int, ResourceArea*)+0x2c32
V  [libjvm.so+0x3a543a]  PhaseChaitin::Register_Allocate()+0x46a
V  [libjvm.so+0x4188aa]  Compile::Code_Gen()+0x3fa
V  [libjvm.so+0x41cb10]  Compile::Compile(ciEnv*, C2Compiler*, ciMethod*, int, bool, bool)+0xf70
V  [libjvm.so+0x38bbba]  C2Compiler::compile_method(ciEnv*, ciMethod*, int)+0xca
V  [libjvm.so+0x422947]  CompileBroker::invoke_compiler_on_method(CompileTask*)+0x327
V  [libjvm.so+0x423a8d]  CompileBroker::compiler_thread_loop()+0x3dd
V  [libjvm.so+0x8cf7c0]  JavaThread::thread_main_inner()+0xf0
V  [libjvm.so+0x8cfa31]  JavaThread::run()+0x221
V  [libjvm.so+0x7974e2]  java_start(Thread*)+0xf2


Current CompileTask:
C2:  12612  240             org.springframework.util.StringUtils::collectionToDelimitedString (84 bytes)


---------------  P R O C E S S  ---------------

Java Threads: ( => current thread )
  0x00007f7790662000 JavaThread "ReaderThread" [_thread_in_native, id=5586, stack(0x00007f778557b000,0x00007f778567c000)]
  0x00007f77900ac000 JavaThread "Service Thread" daemon [_thread_blocked, id=5584, stack(0x00007f7787111000,0x00007f7787212000)]
  0x00007f77900aa000 JavaThread "C2 CompilerThread1" daemon [_thread_in_native, id=5583, stack(0x00007f7787212000,0x00007f7787313000)]
=>0x00007f77900a7000 JavaThread "C2 CompilerThread0" daemon [_thread_in_native, id=5582, stack(0x00007f7787313000,0x00007f7787414000)]
  0x00007f77900a4800 JavaThread "Signal Dispatcher" daemon [_thread_blocked, id=5581, stack(0x00007f7787414000,0x00007f7787515000)]
  0x00007f7790081800 JavaThread "Finalizer" daemon [_thread_blocked, id=5580, stack(0x00007f7787bfc000,0x00007f7787cfd000)]
  0x00007f779007f800 JavaThread "Reference Handler" daemon [_thread_blocked, id=5579, stack(0x00007f7787cfd000,0x00007f7787dfe000)]
  0x00007f7790010000 JavaThread "main" [_thread_in_native, id=5573, stack(0x00007f779a2d8000,0x00007f779a3d9000)]

Other Threads:
  0x00007f779007b800 VMThread [stack: 0x00007f7787dfe000,0x00007f7787eff000] [id=5578]
  0x00007f77900bf000 WatcherThread [stack: 0x00007f7787010000,0x00007f7787111000] [id=5585]

VM state:not at safepoint (normal execution)

VM Mutex/Monitor currently owned by a thread: None

Heap
 PSYoungGen      total 35328K, used 28373K [0x00000000ebe00000, 0x00000000f0500000, 0x0000000100000000)
  eden space 30208K, 79% used [0x00000000ebe00000,0x00000000ed58eef8,0x00000000edb80000)
  from space 5120K, 82% used [0x00000000ee100000,0x00000000ee526550,0x00000000ee600000)
  to   space 5632K, 0% used [0x00000000edb80000,0x00000000edb80000,0x00000000ee100000)
 ParOldGen       total 40960K, used 3732K [0x00000000c3a00000, 0x00000000c6200000, 0x00000000ebe00000)
  object space 40960K, 9% used [0x00000000c3a00000,0x00000000c3da53f0,0x00000000c6200000)
 PSPermGen       total 21504K, used 14103K [0x00000000b9400000, 0x00000000ba900000, 0x00000000c3a00000)
  object space 21504K, 65% used [0x00000000b9400000,0x00000000ba1c5de8,0x00000000ba900000)

Card table byte_map: [0x00007f7796d20000,0x00007f7796f57000] byte_map_base: 0x00007f7796756000

Polling page: 0x00007f779a3f3000

Code Cache  [0x00007f778d000000, 0x00007f778d270000, 0x00007f7790000000)
 total_blobs=566 nmethods=272 adapters=247 free_code_cache=47755Kb largest_free_block=48853824

Compilation events (10 events):
Event: 12,030 Thread 0x00007f77900aa000 nmethod 272 0x00007f778d148550 code [0x00007f778d148680, 0x00007f778d1486d8]
Event: 12,030 Thread 0x00007f77900aa000  273             org.springframework.asm.Type::getArgumentTypes (131 bytes)
Event: 12,059 Thread 0x00007f77900aa000 nmethod 273 0x00007f778d149d90 code [0x00007f778d149f00, 0x00007f778d14a488]
Event: 12,059 Thread 0x00007f77900aa000  274             com.sun.org.apache.xerces.internal.util.DOMUtil::getLocalName (22 bytes)
Event: 12,062 Thread 0x00007f77900aa000 nmethod 274 0x00007f778d149a90 code [0x00007f778d149be0, 0x00007f778d149c98]
Event: 12,063 Thread 0x00007f77900aa000  275             com.sun.org.apache.xerces.internal.impl.xs.opti.NamedNodeMapImpl::getLength (6 bytes)
Event: 12,064 Thread 0x00007f77900aa000 nmethod 275 0x00007f778d149850 code [0x00007f778d149980, 0x00007f778d1499f8]
Event: 12,064 Thread 0x00007f77900aa000  276             com.sun.org.apache.xerces.internal.util.URI::initializePath (605 bytes)
Event: 12,142 Thread 0x00007f77900aa000 nmethod 276 0x00007f778d1568d0 code [0x00007f778d156ba0, 0x00007f778d157a00]
Event: 12,143 Thread 0x00007f77900aa000  277             com.sun.org.apache.xerces.internal.impl.XMLNSDocumentScannerImpl::scanStartElement (1015 bytes)

GC Heap History (10 events):
Event: 2,875 GC heap before
{Heap before GC invocations=2 (full 0):
 PSYoungGen      total 18432K, used 17856K [0x00000000ebe00000, 0x00000000ed280000, 0x0000000100000000)
  eden space 15872K, 100% used [0x00000000ebe00000,0x00000000ecd80000,0x00000000ecd80000)
  from space 2560K, 77% used [0x00000000ecd80000,0x00000000ecf70320,0x00000000ed000000)
  to   space 2560K, 0% used [0x00000000ed000000,0x00000000ed000000,0x00000000ed280000)
 ParOldGen       total 40960K, used 8K [0x00000000c3a00000, 0x00000000c6200000, 0x00000000ebe00000)
  object space 40960K, 0% used [0x00000000c3a00000,0x00000000c3a02000,0x00000000c6200000)
 PSPermGen       total 21504K, used 7482K [0x00000000b9400000, 0x00000000ba900000, 0x00000000c3a00000)
  object space 21504K, 34% used [0x00000000b9400000,0x00000000b9b4e910,0x00000000ba900000)
Event: 2,890 GC heap after
Heap after GC invocations=2 (full 0):
 PSYoungGen      total 18432K, used 2208K [0x00000000ebe00000, 0x00000000ed280000, 0x0000000100000000)
  eden space 15872K, 0% used [0x00000000ebe00000,0x00000000ebe00000,0x00000000ecd80000)
  from space 2560K, 86% used [0x00000000ed000000,0x00000000ed228030,0x00000000ed280000)
  to   space 2560K, 0% used [0x00000000ecd80000,0x00000000ecd80000,0x00000000ed000000)
 ParOldGen       total 40960K, used 8K [0x00000000c3a00000, 0x00000000c6200000, 0x00000000ebe00000)
  object space 40960K, 0% used [0x00000000c3a00000,0x00000000c3a02000,0x00000000c6200000)
 PSPermGen       total 21504K, used 7482K [0x00000000b9400000, 0x00000000ba900000, 0x00000000c3a00000)
  object space 21504K, 34% used [0x00000000b9400000,0x00000000b9b4e910,0x00000000ba900000)
}
Event: 3,697 GC heap before
{Heap before GC invocations=3 (full 0):
 PSYoungGen      total 18432K, used 18080K [0x00000000ebe00000, 0x00000000ed280000, 0x0000000100000000)
  eden space 15872K, 100% used [0x00000000ebe00000,0x00000000ecd80000,0x00000000ecd80000)
  from space 2560K, 86% used [0x00000000ed000000,0x00000000ed228030,0x00000000ed280000)
  to   space 2560K, 0% used [0x00000000ecd80000,0x00000000ecd80000,0x00000000ed000000)
 ParOldGen       total 40960K, used 8K [0x00000000c3a00000, 0x00000000c6200000, 0x00000000ebe00000)
  object space 40960K, 0% used [0x00000000c3a00000,0x00000000c3a02000,0x00000000c6200000)
 PSPermGen       total 21504K, used 8929K [0x00000000b9400000, 0x00000000ba900000, 0x00000000c3a00000)
  object space 21504K, 41% used [0x00000000b9400000,0x00000000b9cb8610,0x00000000ba900000)
Event: 3,711 GC heap after
Heap after GC invocations=3 (full 0):
 PSYoungGen      total 18432K, used 2539K [0x00000000ebe00000, 0x00000000ee200000, 0x0000000100000000)
  eden space 15872K, 0% used [0x00000000ebe00000,0x00000000ebe00000,0x00000000ecd80000)
  from space 2560K, 99% used [0x00000000ecd80000,0x00000000ecffafa8,0x00000000ed000000)
  to   space 2560K, 0% used [0x00000000edf80000,0x00000000edf80000,0x00000000ee200000)
 ParOldGen       total 40960K, used 328K [0x00000000c3a00000, 0x00000000c6200000, 0x00000000ebe00000)
  object space 40960K, 0% used [0x00000000c3a00000,0x00000000c3a52250,0x00000000c6200000)
 PSPermGen       total 21504K, used 8929K [0x00000000b9400000, 0x00000000ba900000, 0x00000000c3a00000)
  object space 21504K, 41% used [0x00000000b9400000,0x00000000b9cb8610,0x00000000ba900000)
}
Event: 5,201 GC heap before
{Heap before GC invocations=4 (full 0):
 PSYoungGen      total 18432K, used 18411K [0x00000000ebe00000, 0x00000000ee200000, 0x0000000100000000)
  eden space 15872K, 100% used [0x00000000ebe00000,0x00000000ecd80000,0x00000000ecd80000)
  from space 2560K, 99% used [0x00000000ecd80000,0x00000000ecffafa8,0x00000000ed000000)
  to   space 2560K, 0% used [0x00000000edf80000,0x00000000edf80000,0x00000000ee200000)
 ParOldGen       total 40960K, used 328K [0x00000000c3a00000, 0x00000000c6200000, 0x00000000ebe00000)
  object space 40960K, 0% used [0x00000000c3a00000,0x00000000c3a52250,0x00000000c6200000)
 PSPermGen       total 21504K, used 12185K [0x00000000b9400000, 0x00000000ba900000, 0x00000000c3a00000)
  object space 21504K, 56% used [0x00000000b9400000,0x00000000b9fe6400,0x00000000ba900000)
Event: 5,217 GC heap after
Heap after GC invocations=4 (full 0):
 PSYoungGen      total 34304K, used 2535K [0x00000000ebe00000, 0x00000000ee200000, 0x0000000100000000)
  eden space 31744K, 0% used [0x00000000ebe00000,0x00000000ebe00000,0x00000000edd00000)
  from space 2560K, 99% used [0x00000000edf80000,0x00000000ee1f9ef0,0x00000000ee200000)
  to   space 2560K, 0% used [0x00000000edd00000,0x00000000edd00000,0x00000000edf80000)
 ParOldGen       total 40960K, used 1568K [0x00000000c3a00000, 0x00000000c6200000, 0x00000000ebe00000)
  object space 40960K, 3% used [0x00000000c3a00000,0x00000000c3b88208,0x00000000c6200000)
 PSPermGen       total 21504K, used 12185K [0x00000000b9400000, 0x00000000ba900000, 0x00000000c3a00000)
  object space 21504K, 56% used [0x00000000b9400000,0x00000000b9fe6400,0x00000000ba900000)
}
Event: 9,129 GC heap before
{Heap before GC invocations=5 (full 0):
 PSYoungGen      total 34304K, used 34279K [0x00000000ebe00000, 0x00000000ee200000, 0x0000000100000000)
  eden space 31744K, 100% used [0x00000000ebe00000,0x00000000edd00000,0x00000000edd00000)
  from space 2560K, 99% used [0x00000000edf80000,0x00000000ee1f9ef0,0x00000000ee200000)
  to   space 2560K, 0% used [0x00000000edd00000,0x00000000edd00000,0x00000000edf80000)
 ParOldGen       total 40960K, used 1568K [0x00000000c3a00000, 0x00000000c6200000, 0x00000000ebe00000)
  object space 40960K, 3% used [0x00000000c3a00000,0x00000000c3b88208,0x00000000c6200000)
 PSPermGen       total 21504K, used 13435K [0x00000000b9400000, 0x00000000ba900000, 0x00000000c3a00000)
  object space 21504K, 62% used [0x00000000b9400000,0x00000000ba11ed20,0x00000000ba900000)
Event: 9,151 GC heap after
Heap after GC invocations=5 (full 0):
 PSYoungGen      total 33280K, used 2544K [0x00000000ebe00000, 0x00000000ee600000, 0x0000000100000000)
  eden space 30720K, 0% used [0x00000000ebe00000,0x00000000ebe00000,0x00000000edc00000)
  from space 2560K, 99% used [0x00000000edd00000,0x00000000edf7c010,0x00000000edf80000)
  to   space 5120K, 0% used [0x00000000ee100000,0x00000000ee100000,0x00000000ee600000)
 ParOldGen       total 40960K, used 3724K [0x00000000c3a00000, 0x00000000c6200000, 0x00000000ebe00000)
  object space 40960K, 9% used [0x00000000c3a00000,0x00000000c3da33f0,0x00000000c6200000)
 PSPermGen       total 21504K, used 13435K [0x00000000b9400000, 0x00000000ba900000, 0x00000000c3a00000)
  object space 21504K, 62% used [0x00000000b9400000,0x00000000ba11ed20,0x00000000ba900000)
}
Event: 11,156 GC heap before
{Heap before GC invocations=6 (full 0):
 PSYoungGen      total 33280K, used 33264K [0x00000000ebe00000, 0x00000000ee600000, 0x0000000100000000)
  eden space 30720K, 100% used [0x00000000ebe00000,0x00000000edc00000,0x00000000edc00000)
  from space 2560K, 99% used [0x00000000edd00000,0x00000000edf7c010,0x00000000edf80000)
  to   space 5120K, 0% used [0x00000000ee100000,0x00000000ee100000,0x00000000ee600000)
 ParOldGen       total 40960K, used 3724K [0x00000000c3a00000, 0x00000000c6200000, 0x00000000ebe00000)
  object space 40960K, 9% used [0x00000000c3a00000,0x00000000c3da33f0,0x00000000c6200000)
 PSPermGen       total 21504K, used 13488K [0x00000000b9400000, 0x00000000ba900000, 0x00000000c3a00000)
  object space 21504K, 62% used [0x00000000b9400000,0x00000000ba12c048,0x00000000ba900000)
Event: 11,184 GC heap after
Heap after GC invocations=6 (full 0):
 PSYoungGen      total 35328K, used 4249K [0x00000000ebe00000, 0x00000000f0500000, 0x0000000100000000)
  eden space 30208K, 0% used [0x00000000ebe00000,0x00000000ebe00000,0x00000000edb80000)
  from space 5120K, 82% used [0x00000000ee100000,0x00000000ee526550,0x00000000ee600000)
  to   space 5632K, 0% used [0x00000000edb80000,0x00000000edb80000,0x00000000ee100000)
 ParOldGen       total 40960K, used 3732K [0x00000000c3a00000, 0x00000000c6200000, 0x00000000ebe00000)
  object space 40960K, 9% used [0x00000000c3a00000,0x00000000c3da53f0,0x00000000c6200000)
 PSPermGen       total 21504K, used 13488K [0x00000000b9400000, 0x00000000ba900000, 0x00000000c3a00000)
  object space 21504K, 62% used [0x00000000b9400000,0x00000000ba12c048,0x00000000ba900000)
}

Deoptimization events (10 events):
Event: 6,807 Thread 0x00007f7790010000 Uncommon trap: reason=class_check action=maybe_recompile pc=0x00007f778d0c8fac method=java.util.HashMap.put(Ljava/lang/Object;Ljava/lang/Object;)Ljava/lang/Object; @ 105
Event: 6,824 Thread 0x00007f7790010000 Uncommon trap: reason=unreached action=reinterpret pc=0x00007f778d0d2b40 method=java.util.concurrent.ConcurrentHashMap.get(Ljava/lang/Object;)Ljava/lang/Object; @ 101
Event: 10,685 Thread 0x00007f7790010000 Uncommon trap: reason=unreached action=reinterpret pc=0x00007f778d07d474 method=java.lang.AbstractStringBuilder.append(Ljava/lang/String;)Ljava/lang/AbstractStringBuilder; @ 1
Event: 10,685 Thread 0x00007f7790010000 Uncommon trap: reason=unreached action=reinterpret pc=0x00007f778d075270 method=java.lang.AbstractStringBuilder.append(Ljava/lang/String;)Ljava/lang/AbstractStringBuilder; @ 1
Event: 12,029 Thread 0x00007f7790010000 Uncommon trap: reason=array_check action=maybe_recompile pc=0x00007f778d154220 method=java.util.AbstractCollection.toArray([Ljava/lang/Object;)[Ljava/lang/Object; @ 119
Event: 12,029 Thread 0x00007f7790010000 Uncommon trap: reason=array_check action=maybe_recompile pc=0x00007f778d154220 method=java.util.AbstractCollection.toArray([Ljava/lang/Object;)[Ljava/lang/Object; @ 119
Event: 12,030 Thread 0x00007f7790010000 Uncommon trap: reason=array_check action=maybe_recompile pc=0x00007f778d154220 method=java.util.AbstractCollection.toArray([Ljava/lang/Object;)[Ljava/lang/Object; @ 119
Event: 12,030 Thread 0x00007f7790010000 Uncommon trap: reason=array_check action=maybe_recompile pc=0x00007f778d154220 method=java.util.AbstractCollection.toArray([Ljava/lang/Object;)[Ljava/lang/Object; @ 119
Event: 12,366 Thread 0x00007f7790010000 Uncommon trap: reason=class_check action=maybe_recompile pc=0x00007f778d0d0cb4 method=java.util.regex.Pattern$Curly.match0(Ljava/util/regex/Matcher;IILjava/lang/CharSequence;)Z @ 31
Event: 12,366 Thread 0x00007f7790010000 Uncommon trap: reason=class_check action=maybe_recompile pc=0x00007f778d0d50c0 method=java.util.regex.Pattern$CharProperty.match(Ljava/util/regex/Matcher;ILjava/lang/CharSequence;)Z @ 18

Internal exceptions (10 events):
Event: 12,379 Thread 0x00007f7790010000 Threw 0x00000000ed3de018 at /build/buildd/openjdk-7-7u55-2.4.7/build/openjdk/hotspot/src/share/vm/prims/jvm.cpp:1244
Event: 12,380 Thread 0x00007f7790010000 Threw 0x00000000ed3e7a18 at /build/buildd/openjdk-7-7u55-2.4.7/build/openjdk/hotspot/src/share/vm/prims/jvm.cpp:1244
Event: 12,381 Thread 0x00007f7790010000 Threw 0x00000000ed3f2330 at /build/buildd/openjdk-7-7u55-2.4.7/build/openjdk/hotspot/src/share/vm/prims/jvm.cpp:1244
Event: 12,391 Thread 0x00007f7790010000 Threw 0x00000000ed3fbe88 at /build/buildd/openjdk-7-7u55-2.4.7/build/openjdk/hotspot/src/share/vm/prims/jvm.cpp:1244
Event: 12,398 Thread 0x00007f7790010000 Threw 0x00000000ed408188 at /build/buildd/openjdk-7-7u55-2.4.7/build/openjdk/hotspot/src/share/vm/prims/jvm.cpp:1244
Event: 12,402 Thread 0x00007f7790010000 Threw 0x00000000ed4171b0 at /build/buildd/openjdk-7-7u55-2.4.7/build/openjdk/hotspot/src/share/vm/prims/jvm.cpp:1244
Event: 12,404 Thread 0x00007f7790010000 Threw 0x00000000ed420f80 at /build/buildd/openjdk-7-7u55-2.4.7/build/openjdk/hotspot/src/share/vm/prims/jvm.cpp:1244
Event: 12,407 Thread 0x00007f7790010000 Threw 0x00000000ed42bca8 at /build/buildd/openjdk-7-7u55-2.4.7/build/openjdk/hotspot/src/share/vm/prims/jvm.cpp:1244
Event: 12,409 Thread 0x00007f7790010000 Threw 0x00000000ed436c88 at /build/buildd/openjdk-7-7u55-2.4.7/build/openjdk/hotspot/src/share/vm/prims/jvm.cpp:1244
Event: 12,411 Thread 0x00007f7790010000 Threw 0x00000000ed442718 at /build/buildd/openjdk-7-7u55-2.4.7/build/openjdk/hotspot/src/share/vm/prims/jvm.cpp:1244

Events (10 events):
Event: 12,402 loading class 0x00007f77908d7660
Event: 12,402 loading class 0x00007f77908d7660 done
Event: 12,403 loading class 0x00007f77908e9110
Event: 12,404 loading class 0x00007f77908e9110 done
Event: 12,407 loading class 0x00007f77908bce00
Event: 12,407 loading class 0x00007f77908bce00 done
Event: 12,409 loading class 0x00007f77908be160
Event: 12,409 loading class 0x00007f77908be160 done
Event: 12,411 loading class 0x00007f77908eb2e0
Event: 12,411 loading class 0x00007f77908eb2e0 done


Dynamic libraries:
00400000-00401000 r-xp 00000000 08:01 8919436                            /usr/lib/jvm/java-7-openjdk-amd64/jre/bin/java
00600000-00601000 r--p 00000000 08:01 8919436                            /usr/lib/jvm/java-7-openjdk-amd64/jre/bin/java
00601000-00602000 rw-p 00001000 08:01 8919436                            /usr/lib/jvm/java-7-openjdk-amd64/jre/bin/java
00cb4000-00cd5000 rw-p 00000000 00:00 0                                  [heap]
b9400000-ba900000 rw-p 00000000 00:00 0 
ba900000-c3a00000 rw-p 00000000 00:00 0 
c3a00000-c6200000 rw-p 00000000 00:00 0 
c6200000-ebe00000 rw-p 00000000 00:00 0 
ebe00000-f0500000 rw-p 00000000 00:00 0 
f0500000-100000000 rw-p 00000000 00:00 0 
7f7754000000-7f7754021000 rw-p 00000000 00:00 0 
7f7754021000-7f7758000000 ---p 00000000 00:00 0 
7f7758000000-7f7758021000 rw-p 00000000 00:00 0 
7f7758021000-7f775c000000 ---p 00000000 00:00 0 
7f775c000000-7f775c021000 rw-p 00000000 00:00 0 
7f775c021000-7f7760000000 ---p 00000000 00:00 0 
7f7760000000-7f7760021000 rw-p 00000000 00:00 0 
7f7760021000-7f7764000000 ---p 00000000 00:00 0 
7f7764000000-7f7765264000 rw-p 00000000 00:00 0 
7f7765264000-7f7768000000 ---p 00000000 00:00 0 
7f7768000000-7f776bb1f000 rw-p 00000000 00:00 0 
7f776bb1f000-7f776c000000 ---p 00000000 00:00 0 
7f776c000000-7f776c021000 rw-p 00000000 00:00 0 
7f776c021000-7f7770000000 ---p 00000000 00:00 0 
7f7770000000-7f7770021000 rw-p 00000000 00:00 0 
7f7770021000-7f7774000000 ---p 00000000 00:00 0 
7f7774000000-7f7774021000 rw-p 00000000 00:00 0 
7f7774021000-7f7778000000 ---p 00000000 00:00 0 
7f7778000000-7f7778029000 rw-p 00000000 00:00 0 
7f7778029000-7f777c000000 ---p 00000000 00:00 0 
7f777c000000-7f777c021000 rw-p 00000000 00:00 0 
7f777c021000-7f7780000000 ---p 00000000 00:00 0 
7f7780000000-7f7780021000 rw-p 00000000 00:00 0 
7f7780021000-7f7784000000 ---p 00000000 00:00 0 
7f7785343000-7f7785353000 r-xp 00000000 08:01 9045854                    /usr/lib/jvm/java-7-openjdk-amd64/jre/lib/amd64/libnio.so
7f7785353000-7f7785553000 ---p 00010000 08:01 9045854                    /usr/lib/jvm/java-7-openjdk-amd64/jre/lib/amd64/libnio.so
7f7785553000-7f7785554000 r--p 00010000 08:01 9045854                    /usr/lib/jvm/java-7-openjdk-amd64/jre/lib/amd64/libnio.so
7f7785554000-7f7785555000 rw-p 00011000 08:01 9045854                    /usr/lib/jvm/java-7-openjdk-amd64/jre/lib/amd64/libnio.so
7f7785555000-7f778557b000 r--p 00000000 08:01 8790640                    /usr/share/locale-langpack/fr/LC_MESSAGES/libc.mo
7f778557b000-7f778557e000 ---p 00000000 00:00 0 
7f778557e000-7f77856ad000 rw-p 00000000 00:00 0                          [stack:5586]
7f77856ad000-7f77856ea000 r-xp 00000000 08:01 4067276                    /lib/x86_64-linux-gnu/libpcre.so.3.13.1
7f77856ea000-7f77858e9000 ---p 0003d000 08:01 4067276                    /lib/x86_64-linux-gnu/libpcre.so.3.13.1
7f77858e9000-7f77858ea000 r--p 0003c000 08:01 4067276                    /lib/x86_64-linux-gnu/libpcre.so.3.13.1
7f77858ea000-7f77858eb000 rw-p 0003d000 08:01 4067276                    /lib/x86_64-linux-gnu/libpcre.so.3.13.1
7f77858eb000-7f77858f2000 r-xp 00000000 08:01 7085817                    /usr/lib/x86_64-linux-gnu/libffi.so.6.0.1
7f77858f2000-7f7785af1000 ---p 00007000 08:01 7085817                    /usr/lib/x86_64-linux-gnu/libffi.so.6.0.1
7f7785af1000-7f7785af2000 r--p 00006000 08:01 7085817                    /usr/lib/x86_64-linux-gnu/libffi.so.6.0.1
7f7785af2000-7f7785af3000 rw-p 00007000 08:01 7085817                    /usr/lib/x86_64-linux-gnu/libffi.so.6.0.1
7f7785af3000-7f7785b0a000 r-xp 00000000 08:01 4067299                    /lib/x86_64-linux-gnu/libresolv-2.19.so
7f7785b0a000-7f7785d0a000 ---p 00017000 08:01 4067299                    /lib/x86_64-linux-gnu/libresolv-2.19.so
7f7785d0a000-7f7785d0b000 r--p 00017000 08:01 4067299                    /lib/x86_64-linux-gnu/libresolv-2.19.so
7f7785d0b000-7f7785d0c000 rw-p 00018000 08:01 4067299                    /lib/x86_64-linux-gnu/libresolv-2.19.so
7f7785d0c000-7f7785d0e000 rw-p 00000000 00:00 0 
7f7785d0e000-7f7785d2e000 r-xp 00000000 08:01 4067303                    /lib/x86_64-linux-gnu/libselinux.so.1
7f7785d2e000-7f7785f2d000 ---p 00020000 08:01 4067303                    /lib/x86_64-linux-gnu/libselinux.so.1
7f7785f2d000-7f7785f2e000 r--p 0001f000 08:01 4067303                    /lib/x86_64-linux-gnu/libselinux.so.1
7f7785f2e000-7f7785f2f000 rw-p 00020000 08:01 4067303                    /lib/x86_64-linux-gnu/libselinux.so.1
7f7785f2f000-7f7785f31000 rw-p 00000000 00:00 0 
7f7785f31000-7f7785f34000 r-xp 00000000 08:01 7085934                    /usr/lib/x86_64-linux-gnu/libgmodule-2.0.so.0.4000.0
7f7785f34000-7f7786133000 ---p 00003000 08:01 7085934                    /usr/lib/x86_64-linux-gnu/libgmodule-2.0.so.0.4000.0
7f7786133000-7f7786134000 r--p 00002000 08:01 7085934                    /usr/lib/x86_64-linux-gnu/libgmodule-2.0.so.0.4000.0
7f7786134000-7f7786135000 rw-p 00003000 08:01 7085934                    /usr/lib/x86_64-linux-gnu/libgmodule-2.0.so.0.4000.0
7f7786135000-7f778623b000 r-xp 00000000 08:01 4067204                    /lib/x86_64-linux-gnu/libglib-2.0.so.0.4000.0
7f778623b000-7f778643a000 ---p 00106000 08:01 4067204                    /lib/x86_64-linux-gnu/libglib-2.0.so.0.4000.0
7f778643a000-7f778643b000 r--p 00105000 08:01 4067204                    /lib/x86_64-linux-gnu/libglib-2.0.so.0.4000.0
7f778643b000-7f778643c000 rw-p 00106000 08:01 4067204                    /lib/x86_64-linux-gnu/libglib-2.0.so.0.4000.0
7f778643c000-7f778643d000 rw-p 00000000 00:00 0 
7f778643d000-7f778648c000 r-xp 00000000 08:01 7085950                    /usr/lib/x86_64-linux-gnu/libgobject-2.0.so.0.4000.0
7f778648c000-7f778668c000 ---p 0004f000 08:01 7085950                    /usr/lib/x86_64-linux-gnu/libgobject-2.0.so.0.4000.0
7f778668c000-7f778668d000 r--p 0004f000 08:01 7085950                    /usr/lib/x86_64-linux-gnu/libgobject-2.0.so.0.4000.0
7f778668d000-7f778668e000 rw-p 00050000 08:01 7085950                    /usr/lib/x86_64-linux-gnu/libgobject-2.0.so.0.4000.0
7f778668e000-7f77867f9000 r-xp 00000000 08:01 7085920                    /usr/lib/x86_64-linux-gnu/libgio-2.0.so.0.4000.0
7f77867f9000-7f77869f9000 ---p 0016b000 08:01 7085920                    /usr/lib/x86_64-linux-gnu/libgio-2.0.so.0.4000.0
7f77869f9000-7f77869fd000 r--p 0016b000 08:01 7085920                    /usr/lib/x86_64-linux-gnu/libgio-2.0.so.0.4000.0
7f77869fd000-7f77869ff000 rw-p 0016f000 08:01 7085920                    /usr/lib/x86_64-linux-gnu/libgio-2.0.so.0.4000.0
7f77869ff000-7f7786a01000 rw-p 00000000 00:00 0 
7f7786a06000-7f7786a07000 rw-p 00000000 00:00 0 
7f7786a07000-7f7786a10000 r--s 000b9000 08:01 8919447                    /usr/lib/jvm/java-7-openjdk-amd64/jre/lib/resources.jar
7f7786a10000-7f7786a17000 r--s 00000000 08:01 7472216                    /usr/lib/x86_64-linux-gnu/gconv/gconv-modules.cache
7f7786a17000-7f7786a2d000 r-xp 00000000 08:01 9045845                    /usr/lib/jvm/java-7-openjdk-amd64/jre/lib/amd64/libnet.so
7f7786a2d000-7f7786c2d000 ---p 00016000 08:01 9045845                    /usr/lib/jvm/java-7-openjdk-amd64/jre/lib/amd64/libnet.so
7f7786c2d000-7f7786c2e000 r--p 00016000 08:01 9045845                    /usr/lib/jvm/java-7-openjdk-amd64/jre/lib/amd64/libnet.so
7f7786c2e000-7f7786c2f000 rw-p 00017000 08:01 9045845                    /usr/lib/jvm/java-7-openjdk-amd64/jre/lib/amd64/libnet.so
7f7786c2f000-7f7786c5a000 r--s 001f9000 08:01 12189928                   /home/david/LocalRepository/com/google/guava/guava/17.0/guava-17.0.jar
7f7786c5a000-7f7786c5d000 r--s 00006000 08:01 11798795                   /home/david/LocalRepository/com/google/code/findbugs/jsr305/1.3.9/jsr305-1.3.9.jar
7f7786c5d000-7f7786c6b000 r--s 000c3000 08:01 12189927                   /home/david/LocalRepository/com/google/guava/guava-gwt/17.0/guava-gwt-17.0.jar
7f7786c6b000-7f7786c71000 r--s 0004a000 08:01 12189923                   /home/david/LocalRepository/cglib/cglib-nodep/2.2.2/cglib-nodep-2.2.2.jar
7f7786c71000-7f7786c74000 r--s 0001b000 08:01 12189920                   /home/david/LocalRepository/org/easymock/easymock/3.2/easymock-3.2.jar
7f7786c74000-7f7786c76000 r--s 00005000 08:01 12189924                   /home/david/LocalRepository/org/objenesis/objenesis/1.0/objenesis-1.0.jar
7f7786c76000-7f7786c95000 r--s 00150000 08:01 12189930                   /home/david/LocalRepository/org/mockito/mockito-core/1.9.5/mockito-core-1.9.5.jar
7f7786c95000-7f7786cb6000 r--s 00162000 08:01 12189919                   /home/david/LocalRepository/org/mockito/mockito-all/1.9.5/mockito-all-1.9.5.jar
7f7786cb6000-7f7786cbd000 r--s 00022000 08:01 12190910                   /home/david/LocalRepository/com/googlecode/openpojo/openpojo/0.5.0/openpojo-0.5.0.jar
7f7786cbd000-7f7786cbf000 r--s 00009000 08:01 12060878                   /home/david/LocalRepository/org/hamcrest/hamcrest-core/1.3/hamcrest-core-1.3.jar
7f7786cbf000-7f7786cc5000 r--s 00036000 08:01 12060877                   /home/david/LocalRepository/junit/junit/4.11/junit-4.11.jar
7f7786cc5000-7f7786cce000 r--s 000e0000 08:01 12190909                   /home/david/LocalRepository/mysql/mysql-connector-java/5.1.30/mysql-connector-java-5.1.30.jar
7f7786cce000-7f7786cdb000 r--s 00183000 08:01 12190911                   /home/david/LocalRepository/com/h2database/h2/1.3.175/h2-1.3.175.jar
7f7786cdb000-7f7786cde000 r--s 0001b000 08:01 12321043                   /home/david/LocalRepository/xpp3/xpp3/1.1.4c/xpp3-1.1.4c.jar
7f7786cde000-7f7786ce0000 r--s 00005000 08:01 12321044                   /home/david/LocalRepository/xpp3/xpp3_min/1.1.3.4.O/xpp3_min-1.1.3.4.O.jar
7f7786ce0000-7f7786cea000 r--s 00052000 08:01 12321047                   /home/david/LocalRepository/com/thoughtworks/xstream/xstream/1.2.2/xstream-1.2.2.jar
7f7786cea000-7f7786d55000 r--s 00672000 08:01 11010340                   /home/david/LocalRepository/org/codehaus/groovy/groovy-all/2.3.0/groovy-all-2.3.0.jar
7f7786d55000-7f7786d57000 r--s 0000a000 08:01 12191760                   /home/david/LocalRepository/org/mybatis/mybatis-spring/1.2.2/mybatis-spring-1.2.2.jar
7f7786d57000-7f7786d65000 r--s 000a1000 08:01 12191758                   /home/david/LocalRepository/org/mybatis/mybatis/3.2.7/mybatis-3.2.7.jar
7f7786d65000-7f7786e05000 r--s 005fe000 08:01 10094751                   /home/david/LocalRepository/net/sf/ehcache/ehcache/2.8.2/ehcache-2.8.2.jar
7f7786e05000-7f7786e20000 r--s 0012e000 08:01 9702227                    /home/david/LocalRepository/net/sf/ehcache/ehcache-core/2.6.8/ehcache-core-2.6.8.jar
7f7786e20000-7f7786e21000 r--s 00002000 08:01 12191757                   /home/david/LocalRepository/org/mybatis/caches/mybatis-ehcache/1.0.3/mybatis-ehcache-1.0.3.jar
7f7786e21000-7f7786e24000 r--s 0000c000 08:01 12191765                   /home/david/LocalRepository/org/komea/product/komea-dao/1.1.24-SNAPSHOT/komea-dao-1.1.24-SNAPSHOT.jar
7f7786e24000-7f7786e26000 r--s 00000000 08:01 13636105                   /home/david/LocalRepository/org/komea/cep-cache-guava/1.0.65/cep-cache-guava-1.0.65.jar
7f7786e26000-7f7786e27000 r--s 00000000 08:01 13636104                   /home/david/LocalRepository/org/komea/cep-bridge-memory/1.0.65/cep-bridge-memory-1.0.65.jar
7f7786e27000-7f7786e2b000 r--s 0001e000 08:01 12320868                   /home/david/LocalRepository/com/googlecode/lambdaj/lambdaj/2.3.3/lambdaj-2.3.3.jar
7f7786e2b000-7f7786e2c000 r--s 00007000 08:01 13636108                   /home/david/LocalRepository/org/komea/cep-engine/1.0.65/cep-engine-1.0.65.jar
7f7786e2c000-7f7786e2e000 r--s 0000b000 08:01 12321009                   /home/david/LocalRepository/org/komea/product/komea-cep-engine/1.1.24-SNAPSHOT/komea-cep-engine-1.1.24-SNAPSHOT.jar
7f7786e2e000-7f7786e30000 r--s 0000a000 08:01 12191718                   /home/david/LocalRepository/org/apache/directory/server/apacheds-core-jndi/1.5.5/apacheds-core-jndi-1.5.5.jar
7f7786e30000-7f7786e32000 r--s 00005000 08:01 12191716                   /home/david/LocalRepository/org/apache/directory/server/apacheds-protocol-shared/1.5.5/apacheds-protocol-shared-1.5.5.jar
7f7786e32000-7f7786e34000 r--s 00066000 08:01 12191719                   /home/david/LocalRepository/org/apache/directory/server/apacheds-bootstrap-partition/1.5.5/apacheds-bootstrap-partition-1.5.5.jar
7f7786e34000-7f7786e3b000 r--s 0003b000 08:01 12191713                   /home/david/LocalRepository/org/apache/directory/server/apacheds-kerberos-shared/1.5.5/apacheds-kerberos-shared-1.5.5.jar
7f7786e3b000-7f7786e48000 r--s 0008f000 08:01 12191710                   /home/david/LocalRepository/org/apache/mina/mina-core/2.0.0-M6/mina-core-2.0.0-M6.jar
7f7786e48000-7f7786e4a000 r--s 00002000 08:01 12191707                   /home/david/LocalRepository/org/apache/directory/shared/shared-asn1-codec/0.9.15/shared-asn1-codec-0.9.15.jar
7f7786e4a000-7f7786e4e000 r--s 00027000 08:01 12191706                   /home/david/LocalRepository/org/apache/directory/server/apacheds-protocol-ldap/1.5.5/apacheds-protocol-ldap-1.5.5.jar
7f7786e4e000-7f7786e4f000 r--s 00003000 08:01 12191705                   /home/david/LocalRepository/org/apache/directory/server/apacheds-server-jndi/1.5.5/apacheds-server-jndi-1.5.5.jar
7f7786e4f000-7f7786e54000 r--s 00068000 08:01 11404367                   /home/david/LocalRepository/antlr/antlr/2.7.7/antlr-2.7.7.jar
7f7786e54000-7f7786e55000 r--s 00004000 08:01 12191703                   /home/david/LocalRepository/org/apache/directory/shared/shared-ldap-constants/0.9.15/shared-ldap-constants-0.9.15.jar
7f7786e55000-7f7786e59000 r--s 00014000 08:01 12191701                   /home/david/LocalRepository/org/apache/directory/shared/shared-asn1/0.9.15/shared-asn1-0.9.15.jar
7f7786e59000-7f7786e5e000 r--s 00041000 08:01 9832072                    /home/david/LocalRepository/commons-lang/commons-lang/2.6/commons-lang-2.6.jar
7f7786e5e000-7f7786e7b000 r--s 0011f000 08:01 12191700                   /home/david/LocalRepository/org/apache/directory/shared/shared-ldap/0.9.15/shared-ldap-0.9.15.jar
7f7786e7b000-7f7786e9e000 r--s 00163000 08:01 12191699                   /home/david/LocalRepository/bouncycastle/bcprov-jdk15/140/bcprov-jdk15-140.jar
7f7786e9e000-7f7786e9f000 r--s 00004000 08:01 12191696                   /home/david/LocalRepository/org/apache/directory/shared/shared-cursor/0.9.15/shared-cursor-0.9.15.jar
7f7786e9f000-7f7786ea0000 r--s 00003000 08:01 12191691                   /home/david/LocalRepository/org/apache/directory/server/apacheds-bootstrap-extract/1.5.5/apacheds-bootstrap-extract-1.5.5.jar
7f7786ea0000-7f7786ea2000 r--s 00008000 08:01 12191695                   /home/david/LocalRepository/org/apache/directory/server/apacheds-xdbm-base/1.5.5/apacheds-xdbm-base-1.5.5.jar
7f7786ea2000-7f7786ea4000 r--s 00006000 08:01 12191690                   /home/david/LocalRepository/org/apache/directory/server/apacheds-core-avl/1.5.5/apacheds-core-avl-1.5.5.jar
7f7786ea4000-7f7786ea6000 r--s 0000e000 08:01 12191688                   /home/david/LocalRepository/org/apache/directory/server/apacheds-jdbm-store/1.5.5/apacheds-jdbm-store-1.5.5.jar
7f7786ea6000-7f7786ea7000 r--s 00002000 08:01 12191682                   /home/david/LocalRepository/org/apache/directory/server/apacheds-utils/1.5.5/apacheds-utils-1.5.5.jar
7f7786ea7000-7f7786ea9000 r--s 00002000 08:01 12191685                   /home/david/LocalRepository/org/apache/directory/server/apacheds-core-constants/1.5.5/apacheds-core-constants-1.5.5.jar
7f7786ea9000-7f7786eab000 r--s 00002000 08:01 12191679                   /home/david/LocalRepository/org/apache/directory/server/apacheds-core-shared/1.5.5/apacheds-core-shared-1.5.5.jar
7f7786eab000-7f7786ead000 r--s 0000e000 08:01 12191678                   /home/david/LocalRepository/org/apache/directory/server/apacheds-schema-registries/1.5.5/apacheds-schema-registries-1.5.5.jar
7f7786ead000-7f7786eaf000 r--s 0000f000 08:01 12191677                   /home/david/LocalRepository/org/apache/directory/server/apacheds-core-entry/1.5.5/apacheds-core-entry-1.5.5.jar
7f7786eaf000-7f7786eb1000 r--s 00014000 08:01 12191671                   /home/david/LocalRepository/org/apache/directory/server/apacheds-jdbm/1.5.5/apacheds-jdbm-1.5.5.jar
7f7786eb1000-7f7786eb5000 r--s 0001d000 08:01 12191673                   /home/david/LocalRepository/org/apache/directory/server/apacheds-schema-bootstrap/1.5.5/apacheds-schema-bootstrap-1.5.5.jar
7f7786eb5000-7f7786eb7000 r--s 00004000 08:01 12191672                   /home/david/LocalRepository/org/apache/directory/server/apacheds-xdbm-tools/1.5.5/apacheds-xdbm-tools-1.5.5.jar
7f7786eb7000-7f7786ebd000 r--s 00022000 08:01 12191666                   /home/david/LocalRepository/org/apache/directory/server/apacheds-schema-extras/1.5.5/apacheds-schema-extras-1.5.5.jar
7f7786ebd000-7f7786ec0000 r--s 00011000 08:01 12191665                   /home/david/LocalRepository/org/apache/directory/server/apacheds-xdbm-search/1.5.5/apacheds-xdbm-search-1.5.5.jar
7f7786ec0000-7f7786ecb000 r--s 0008b000 08:01 12191670                   /home/david/LocalRepository/org/apache/directory/server/apacheds-core/1.5.5/apacheds-core-1.5.5.jar
7f7786ecb000-7f7786ecd000 r--s 00009000 08:01 12191663                   /home/david/LocalRepository/com/github/springtestdbunit/spring-test-dbunit/1.0.1/spring-test-dbunit-1.0.1.jar
7f7786ecd000-7f7786edb000 r--s 0007f000 08:01 12191664                   /home/david/LocalRepository/commons-collections/commons-collections/3.2.1/commons-collections-3.2.1.jar
7f7786edb000-7f7786ee5000 r--s 0008a000 08:01 12191654                   /home/david/LocalRepository/org/dbunit/dbunit/2.4.9/dbunit-2.4.9.jar
7f7786ee5000-7f7786ee8000 r--s 00017000 08:01 12191273                   /home/david/LocalRepository/org/springframework/spring-mock/2.0.8/spring-mock-2.0.8.jar
7f7786ee8000-7f7786ef3000 r--s 00065000 08:01 12191259                   /home/david/LocalRepository/org/springframework/spring-test/3.2.8.RELEASE/spring-test-3.2.8.RELEASE.jar
7f7786ef3000-7f7786ef9000 r--s 00045000 08:01 12191653                   /home/david/LocalRepository/org/hamcrest/hamcrest-all/1.3/hamcrest-all-1.3.jar
7f7786ef9000-7f7786efc000 r--s 00028000 08:01 12191239                   /home/david/LocalRepository/javax/servlet/servlet-api/3.0-alpha-1/servlet-api-3.0-alpha-1.jar
7f7786efc000-7f7786efe000 r--s 0000c000 08:01 12191658                   /home/david/LocalRepository/net/minidev/json-smart/1.2/json-smart-1.2.jar
7f7786efe000-7f7786f01000 r--s 00015000 08:01 12191659                   /home/david/LocalRepository/com/jayway/jsonpath/json-path/0.9.1/json-path-0.9.1.jar
7f7786f01000-7f7786f04000 r--s 00011000 08:01 12191655                   /home/david/LocalRepository/com/carrotsearch/junit-benchmarks/0.7.2/junit-benchmarks-0.7.2.jar
7f7786f04000-7f7786f05000 r--s 00001000 08:01 13635579                   /home/david/LocalRepository/javax/annotation/jsr250-api/1.0/jsr250-api-1.0.jar
7f7786f05000-7f7786f06000 r--s 00000000 08:01 12584901                   /home/david/LocalRepository/net/jcip/jcip-annotations/1.0/jcip-annotations-1.0.jar
7f7786f06000-7f7786f08000 r--s 0000a000 08:01 13635578                   /home/david/LocalRepository/uk/co/jemos/podam/podam/3.6.0.RELEASE/podam-3.6.0.RELEASE.jar
7f7786f08000-7f7786f09000 r--s 00004000 08:01 9702407                    /home/david/LocalRepository/net/sf/opencsv/opencsv/2.3/opencsv-2.3.jar
7f7786f09000-7f7786f0f000 r--s 00063000 08:01 12191318                   /home/david/LocalRepository/org/jodd/jodd-core/3.5.2/jodd-core-3.5.2.jar
7f7786f0f000-7f7786f11000 r--s 00008000 08:01 12191317                   /home/david/LocalRepository/org/jodd/jodd-bean/3.5.2/jodd-bean-3.5.2.jar
7f7786f11000-7f7786f13000 r--s 0000d000 08:01 12191315                   /home/david/LocalRepository/org/jboss/logging/jboss-logging/3.1.0.CR2/jboss-logging-3.1.0.CR2.jar
7f7786f13000-7f7786f16000 r--s 00009000 08:01 12191312                   /home/david/LocalRepository/javax/validation/validation-api/1.0.0.GA/validation-api-1.0.0.GA.jar
7f7786f16000-7f7786f21000 r--s 0006a000 08:01 12191313                   /home/david/LocalRepository/org/hibernate/hibernate-validator/4.3.1.Final/hibernate-validator-4.3.1.Final.jar
7f7786f21000-7f7786f27000 r--s 0003f000 08:01 12191308                   /home/david/LocalRepository/commons-net/commons-net/3.3/commons-net-3.3.jar
7f7786f27000-7f7786f2b000 r--s 0002a000 08:01 9963165                    /home/david/LocalRepository/commons-io/commons-io/2.4/commons-io-2.4.jar
7f7786f2b000-7f7786f2d000 r--s 00003000 08:01 12191305                   /home/david/LocalRepository/org/slf4j/jcl-over-slf4j/1.7.7/jcl-over-slf4j-1.7.7.jar
7f7786f2d000-7f7786f37000 r--s 0005f000 08:01 12191304                   /home/david/LocalRepository/ch/qos/logback/logback-core/1.1.2/logback-core-1.1.2.jar
7f7786f37000-7f7786f3d000 r--s 0003d000 08:01 12191309                   /home/david/LocalRepository/ch/qos/logback/logback-classic/1.1.2/logback-classic-1.1.2.jar
7f7786f3d000-7f7786f3f000 r--s 00006000 08:01 12191301                   /home/david/LocalRepository/org/slf4j/slf4j-api/1.7.7/slf4j-api-1.7.7.jar
7f7786f3f000-7f7786f43000 r--s 00035000 08:01 12191294                   /home/david/LocalRepository/org/codehaus/jackson/jackson-core-asl/1.9.13/jackson-core-asl-1.9.13.jar
7f7786f43000-7f7786f51000 r--s 000b1000 08:01 12191295                   /home/david/LocalRepository/org/codehaus/jackson/jackson-mapper-asl/1.9.13/jackson-mapper-asl-1.9.13.jar
7f7786f51000-7f7786f59000 r--s 0005c000 08:01 12191296                   /home/david/LocalRepository/org/springframework/security/spring-security-config/3.2.3.RELEASE/spring-security-config-3.2.3.RELEASE.jar
7f7786f59000-7f7786f63000 r--s 0004a000 08:01 12191290                   /home/david/LocalRepository/org/springframework/security/spring-security-web/3.2.3.RELEASE/spring-security-web-3.2.3.RELEASE.jar
7f7786f63000-7f7786f6e000 r--s 0004d000 08:01 12191288                   /home/david/LocalRepository/org/springframework/security/spring-security-core/3.2.3.RELEASE/spring-security-core-3.2.3.RELEASE.jar
7f7786f6e000-7f7786f71000 r--s 00012000 08:01 12191287                   /home/david/LocalRepository/org/springframework/security/spring-security-acl/3.2.3.RELEASE/spring-security-acl-3.2.3.RELEASE.jar
7f7786f71000-7f7786f7a000 r--s 00098000 08:01 12191281                   /home/david/LocalRepository/org/javassist/javassist/3.16.1-GA/javassist-3.16.1-GA.jar
7f7786f7a000-7f7786f7d000 r--s 00035000 08:01 12191280                   /home/david/LocalRepository/ognl/ognl/3.0.6/ognl-3.0.6.jar
7f7786f7d000-7f7786f8a000 r--s 000b3000 08:01 12191275                   /home/david/LocalRepository/org/thymeleaf/thymeleaf/2.1.2.RELEASE/thymeleaf-2.1.2.RELEASE.jar
7f7786f8a000-7f7786f8d000 r--s 00033000 08:01 12191283                   /home/david/LocalRepository/org/thymeleaf/thymeleaf-spring3/2.1.2.RELEASE/thymeleaf-spring3-2.1.2.RELEASE.jar
7f7786f8d000-7f7786f8f000 r--s 00007000 08:01 12191277                   /home/david/LocalRepository/org/thymeleaf/extras/thymeleaf-extras-springsecurity3/2.1.1.RELEASE/thymeleaf-extras-springsecurity3-2.1.1.RELEASE.jar
7f7786f8f000-7f7786f91000 r--s 00011000 08:01 12191274                   /home/david/LocalRepository/org/springframework/spring-oxm/3.2.8.RELEASE/spring-oxm-3.2.8.RELEASE.jar
7f7786f91000-7f7786f95000 r--s 0002c000 08:01 12191267                   /home/david/LocalRepository/org/springframework/spring-expression/3.2.8.RELEASE/spring-expression-3.2.8.RELEASE.jar
7f7786f95000-7f7786f99000 r--s 0001c000 08:01 12191268                   /home/david/LocalRepository/org/springframework/spring-context-support/3.2.8.RELEASE/spring-context-support-3.2.8.RELEASE.jar
7f7786f99000-7f7786fa3000 r--s 0005a000 08:01 12191266                   /home/david/LocalRepository/org/springframework/spring-jdbc/3.2.8.RELEASE/spring-jdbc-3.2.8.RELEASE.jar
7f7786fa3000-7f7786fa5000 r--s 00000000 08:01 12191262                   /home/david/LocalRepository/aopalliance/aopalliance/1.0/aopalliance-1.0.jar
7f7786fa5000-7f7786fae000 r--s 0004a000 08:01 12191264                   /home/david/LocalRepository/org/springframework/spring-aop/3.2.8.RELEASE/spring-aop-3.2.8.RELEASE.jar
7f7786fae000-7f7786fba000 r--s 00090000 08:01 12191258                   /home/david/LocalRepository/org/springframework/spring-webmvc/3.2.8.RELEASE/spring-webmvc-3.2.8.RELEASE.jar
7f7786fba000-7f7786fcf000 r--s 000bf000 08:01 12191255                   /home/david/LocalRepository/org/springframework/spring-context/3.2.8.RELEASE/spring-context-3.2.8.RELEASE.jar
7f7786fcf000-7f7786fdd000 r--s 0008c000 08:01 12191254                   /home/david/LocalRepository/org/springframework/spring-web/3.2.8.RELEASE/spring-web-3.2.8.RELEASE.jar
7f7786fdd000-7f7786fef000 r--s 000c4000 08:01 12191252                   /home/david/LocalRepository/org/springframework/spring-core/3.2.8.RELEASE/spring-core-3.2.8.RELEASE.jar
7f7786fef000-7f7786ffb000 r--s 0008a000 08:01 12191251                   /home/david/LocalRepository/org/springframework/spring-beans/3.2.8.RELEASE/spring-beans-3.2.8.RELEASE.jar
7f7786ffb000-7f7787003000 r--s 00034000 08:01 12191247                   /home/david/LocalRepository/org/springframework/spring-tx/3.2.8.RELEASE/spring-tx-3.2.8.RELEASE.jar
7f7787003000-7f7787007000 r--s 00020000 08:01 12191246                   /home/david/LocalRepository/commons-digester/commons-digester/1.8/commons-digester-1.8.jar
7f7787007000-7f778700c000 r--s 00034000 08:01 8658366                    /home/david/LocalRepository/commons-beanutils/commons-beanutils/1.8.3/commons-beanutils-1.8.3.jar
7f778700c000-7f7787010000 r--s 00028000 08:01 12191244                   /home/david/LocalRepository/commons-validator/commons-validator/1.4.0/commons-validator-1.4.0.jar
7f7787010000-7f7787011000 ---p 00000000 00:00 0 
7f7787011000-7f7787111000 rw-p 00000000 00:00 0                          [stack:5585]
7f7787111000-7f7787114000 ---p 00000000 00:00 0 
7f7787114000-7f7787212000 rw-p 00000000 00:00 0                          [stack:5584]
7f7787212000-7f7787215000 ---p 00000000 00:00 0 
7f7787215000-7f7787313000 rw-p 00000000 00:00 0                          [stack:5583]
7f7787313000-7f7787316000 ---p 00000000 00:00 0 
7f7787316000-7f7787414000 rw-p 00000000 00:00 0                          [stack:5582]
7f7787414000-7f7787417000 ---p 00000000 00:00 0 
7f7787417000-7f7787515000 rw-p 00000000 00:00 0                          [stack:5581]
7f7787515000-7f7787bfc000 r--p 00000000 08:01 7084626                    /usr/lib/locale/locale-archive
7f7787bfc000-7f7787bff000 ---p 00000000 00:00 0 
7f7787bff000-7f7787cfd000 rw-p 00000000 00:00 0                          [stack:5580]
7f7787cfd000-7f7787d00000 ---p 00000000 00:00 0 
7f7787d00000-7f7787dfe000 rw-p 00000000 00:00 0                          [stack:5579]
7f7787dfe000-7f7787dff000 ---p 00000000 00:00 0 
7f7787dff000-7f7788000000 rw-p 00000000 00:00 0                          [stack:5578]
7f7788000000-7f7788021000 rw-p 00000000 00:00 0 
7f7788021000-7f778c000000 ---p 00000000 00:00 0 
7f778c000000-7f778c001000 r--s 00005000 08:01 12191298                   /home/david/LocalRepository/org/slf4j/log4j-over-slf4j/1.7.7/log4j-over-slf4j-1.7.7.jar
7f778c001000-7f778c003000 r--s 0000d000 08:01 9573389                    /home/david/LocalRepository/commons-logging/commons-logging/1.1.1/commons-logging-1.1.1.jar
7f778c003000-7f778c00a000 r--s 0005e000 08:01 11273891                   /home/david/LocalRepository/org/apache/commons/commons-lang3/3.3.2/commons-lang3-3.3.2.jar
7f778c00a000-7f778c019000 r--s 0007f000 08:01 12191242                   /home/david/LocalRepository/joda-time/joda-time/2.3/joda-time-2.3.jar
7f778c019000-7f778c01b000 r--s 00017000 08:01 12191241                   /home/david/LocalRepository/org/ocpsoft/prettytime/prettytime/3.2.5.Final/prettytime-3.2.5.Final.jar
7f778c01b000-7f778c039000 r--s 00180000 08:01 11010334                   /home/david/LocalRepository/org/apache/commons/commons-math3/3.2/commons-math3-3.2.jar
7f778c039000-7f778c044000 r--s 0008a000 08:01 12191796                   /home/david/LocalRepository/c3p0/c3p0/0.9.1.1/c3p0-0.9.1.1.jar
7f778c044000-7f778ce52000 rw-p 00000000 00:00 0 
7f778ce52000-7f778d000000 r--s 01cfc000 08:01 8919443                    /usr/lib/jvm/java-7-openjdk-amd64/jre/lib/rt.jar
7f778d000000-7f778d270000 rwxp 00000000 00:00 0 
7f778d270000-7f77909c2000 rw-p 00000000 00:00 0 
7f77909c2000-7f7794000000 ---p 00000000 00:00 0 
7f7794000000-7f779400a000 r--s 00098000 08:01 12191795                   /home/david/LocalRepository/org/quartz-scheduler/quartz/2.2.1/quartz-2.2.1.jar
7f779400a000-7f7796787000 rw-p 00000000 00:00 0 
7f7796787000-7f7796788000 ---p 00000000 00:00 0 
7f7796788000-7f7796888000 rw-p 00000000 00:00 0                          [stack:5577]
7f7796888000-7f7796889000 ---p 00000000 00:00 0 
7f7796889000-7f7796989000 rw-p 00000000 00:00 0                          [stack:5576]
7f7796989000-7f779698a000 ---p 00000000 00:00 0 
7f779698a000-7f7796a8a000 rw-p 00000000 00:00 0                          [stack:5575]
7f7796a8a000-7f7796a8b000 ---p 00000000 00:00 0 
7f7796a8b000-7f7796b96000 rw-p 00000000 00:00 0                          [stack:5574]
7f7796b96000-7f7796bde000 rw-p 00000000 00:00 0 
7f7796bde000-7f7796bf2000 rw-p 00000000 00:00 0 
7f7796bf2000-7f7796d20000 rw-p 00000000 00:00 0 
7f7796d20000-7f7796d2b000 rw-p 00000000 00:00 0 
7f7796d2b000-7f7796d73000 rw-p 00000000 00:00 0 
7f7796d73000-7f7796d87000 rw-p 00000000 00:00 0 
7f7796d87000-7f7796eb5000 rw-p 00000000 00:00 0 
7f7796eb5000-7f7796ed9000 rw-p 00000000 00:00 0 
7f7796ed9000-7f7796f56000 rw-p 00000000 00:00 0 
7f7796f56000-7f7796f57000 rw-p 00000000 00:00 0 
7f7796f57000-7f7796f5f000 r-xp 00000000 08:01 9045840                    /usr/lib/jvm/java-7-openjdk-amd64/jre/lib/amd64/libzip.so
7f7796f5f000-7f779715e000 ---p 00008000 08:01 9045840                    /usr/lib/jvm/java-7-openjdk-amd64/jre/lib/amd64/libzip.so
7f779715e000-7f779715f000 r--p 00007000 08:01 9045840                    /usr/lib/jvm/java-7-openjdk-amd64/jre/lib/amd64/libzip.so
7f779715f000-7f7797160000 rw-p 00008000 08:01 9045840                    /usr/lib/jvm/java-7-openjdk-amd64/jre/lib/amd64/libzip.so
7f7797160000-7f779716b000 r-xp 00000000 08:01 4067248                    /lib/x86_64-linux-gnu/libnss_files-2.19.so
7f779716b000-7f779736a000 ---p 0000b000 08:01 4067248                    /lib/x86_64-linux-gnu/libnss_files-2.19.so
7f779736a000-7f779736b000 r--p 0000a000 08:01 4067248                    /lib/x86_64-linux-gnu/libnss_files-2.19.so
7f779736b000-7f779736c000 rw-p 0000b000 08:01 4067248                    /lib/x86_64-linux-gnu/libnss_files-2.19.so
7f779736c000-7f7797377000 r-xp 00000000 08:01 4067258                    /lib/x86_64-linux-gnu/libnss_nis-2.19.so
7f7797377000-7f7797576000 ---p 0000b000 08:01 4067258                    /lib/x86_64-linux-gnu/libnss_nis-2.19.so
7f7797576000-7f7797577000 r--p 0000a000 08:01 4067258                    /lib/x86_64-linux-gnu/libnss_nis-2.19.so
7f7797577000-7f7797578000 rw-p 0000b000 08:01 4067258                    /lib/x86_64-linux-gnu/libnss_nis-2.19.so
7f7797578000-7f779758f000 r-xp 00000000 08:01 4067242                    /lib/x86_64-linux-gnu/libnsl-2.19.so
7f779758f000-7f779778e000 ---p 00017000 08:01 4067242                    /lib/x86_64-linux-gnu/libnsl-2.19.so
7f779778e000-7f779778f000 r--p 00016000 08:01 4067242                    /lib/x86_64-linux-gnu/libnsl-2.19.so
7f779778f000-7f7797790000 rw-p 00017000 08:01 4067242                    /lib/x86_64-linux-gnu/libnsl-2.19.so
7f7797790000-7f7797792000 rw-p 00000000 00:00 0 
7f7797792000-7f779779b000 r-xp 00000000 08:01 4067244                    /lib/x86_64-linux-gnu/libnss_compat-2.19.so
7f779779b000-7f779799a000 ---p 00009000 08:01 4067244                    /lib/x86_64-linux-gnu/libnss_compat-2.19.so
7f779799a000-7f779799b000 r--p 00008000 08:01 4067244                    /lib/x86_64-linux-gnu/libnss_compat-2.19.so
7f779799b000-7f779799c000 rw-p 00009000 08:01 4067244                    /lib/x86_64-linux-gnu/libnss_compat-2.19.so
7f779799c000-7f77979c7000 r-xp 00000000 08:01 9045836                    /usr/lib/jvm/java-7-openjdk-amd64/jre/lib/amd64/libjava.so
7f77979c7000-7f7797bc6000 ---p 0002b000 08:01 9045836                    /usr/lib/jvm/java-7-openjdk-amd64/jre/lib/amd64/libjava.so
7f7797bc6000-7f7797bc7000 r--p 0002a000 08:01 9045836                    /usr/lib/jvm/java-7-openjdk-amd64/jre/lib/amd64/libjava.so
7f7797bc7000-7f7797bc9000 rw-p 0002b000 08:01 9045836                    /usr/lib/jvm/java-7-openjdk-amd64/jre/lib/amd64/libjava.so
7f7797bc9000-7f7797bd9000 r-xp 00000000 08:01 9045869                    /usr/lib/jvm/java-7-openjdk-amd64/jre/lib/amd64/libverify.so
7f7797bd9000-7f7797dd8000 ---p 00010000 08:01 9045869                    /usr/lib/jvm/java-7-openjdk-amd64/jre/lib/amd64/libverify.so
7f7797dd8000-7f7797dda000 r--p 0000f000 08:01 9045869                    /usr/lib/jvm/java-7-openjdk-amd64/jre/lib/amd64/libverify.so
7f7797dda000-7f7797ddb000 rw-p 00011000 08:01 9045869                    /usr/lib/jvm/java-7-openjdk-amd64/jre/lib/amd64/libverify.so
7f7797ddb000-7f7797de2000 r-xp 00000000 08:01 4067301                    /lib/x86_64-linux-gnu/librt-2.19.so
7f7797de2000-7f7797fe1000 ---p 00007000 08:01 4067301                    /lib/x86_64-linux-gnu/librt-2.19.so
7f7797fe1000-7f7797fe2000 r--p 00006000 08:01 4067301                    /lib/x86_64-linux-gnu/librt-2.19.so
7f7797fe2000-7f7797fe3000 rw-p 00007000 08:01 4067301                    /lib/x86_64-linux-gnu/librt-2.19.so
7f7797fe3000-7f7797ff9000 r-xp 00000000 08:01 4067200                    /lib/x86_64-linux-gnu/libgcc_s.so.1
7f7797ff9000-7f77981f8000 ---p 00016000 08:01 4067200                    /lib/x86_64-linux-gnu/libgcc_s.so.1
7f77981f8000-7f77981f9000 rw-p 00015000 08:01 4067200                    /lib/x86_64-linux-gnu/libgcc_s.so.1
7f77981f9000-7f77982fe000 r-xp 00000000 08:01 4067223                    /lib/x86_64-linux-gnu/libm-2.19.so
7f77982fe000-7f77984fd000 ---p 00105000 08:01 4067223                    /lib/x86_64-linux-gnu/libm-2.19.so
7f77984fd000-7f77984fe000 r--p 00104000 08:01 4067223                    /lib/x86_64-linux-gnu/libm-2.19.so
7f77984fe000-7f77984ff000 rw-p 00105000 08:01 4067223                    /lib/x86_64-linux-gnu/libm-2.19.so
7f77984ff000-7f77985e5000 r-xp 00000000 08:01 7086445                    /usr/lib/x86_64-linux-gnu/libstdc++.so.6.0.19
7f77985e5000-7f77987e4000 ---p 000e6000 08:01 7086445                    /usr/lib/x86_64-linux-gnu/libstdc++.so.6.0.19
7f77987e4000-7f77987ec000 r--p 000e5000 08:01 7086445                    /usr/lib/x86_64-linux-gnu/libstdc++.so.6.0.19
7f77987ec000-7f77987ee000 rw-p 000ed000 08:01 7086445                    /usr/lib/x86_64-linux-gnu/libstdc++.so.6.0.19
7f77987ee000-7f7798803000 rw-p 00000000 00:00 0 
7f7798803000-7f77992e4000 r-xp 00000000 08:01 9045851                    /usr/lib/jvm/java-7-openjdk-amd64/jre/lib/amd64/server/libjvm.so
7f77992e4000-7f77994e3000 ---p 00ae1000 08:01 9045851                    /usr/lib/jvm/java-7-openjdk-amd64/jre/lib/amd64/server/libjvm.so
7f77994e3000-7f7799575000 r--p 00ae0000 08:01 9045851                    /usr/lib/jvm/java-7-openjdk-amd64/jre/lib/amd64/server/libjvm.so
7f7799575000-7f7799598000 rw-p 00b72000 08:01 9045851                    /usr/lib/jvm/java-7-openjdk-amd64/jre/lib/amd64/server/libjvm.so
7f7799598000-7f77995c5000 rw-p 00000000 00:00 0 
7f77995c5000-7f77995dd000 r-xp 00000000 08:01 4067336                    /lib/x86_64-linux-gnu/libz.so.1.2.8
7f77995dd000-7f77997dc000 ---p 00018000 08:01 4067336                    /lib/x86_64-linux-gnu/libz.so.1.2.8
7f77997dc000-7f77997dd000 r--p 00017000 08:01 4067336                    /lib/x86_64-linux-gnu/libz.so.1.2.8
7f77997dd000-7f77997de000 rw-p 00018000 08:01 4067336                    /lib/x86_64-linux-gnu/libz.so.1.2.8
7f77997de000-7f77997f7000 r-xp 00000000 08:01 4067293                    /lib/x86_64-linux-gnu/libpthread-2.19.so
7f77997f7000-7f77999f6000 ---p 00019000 08:01 4067293                    /lib/x86_64-linux-gnu/libpthread-2.19.so
7f77999f6000-7f77999f7000 r--p 00018000 08:01 4067293                    /lib/x86_64-linux-gnu/libpthread-2.19.so
7f77999f7000-7f77999f8000 rw-p 00019000 08:01 4067293                    /lib/x86_64-linux-gnu/libpthread-2.19.so
7f77999f8000-7f77999fc000 rw-p 00000000 00:00 0 
7f77999fc000-7f77999ff000 r-xp 00000000 08:01 4067190                    /lib/x86_64-linux-gnu/libdl-2.19.so
7f77999ff000-7f7799bfe000 ---p 00003000 08:01 4067190                    /lib/x86_64-linux-gnu/libdl-2.19.so
7f7799bfe000-7f7799bff000 r--p 00002000 08:01 4067190                    /lib/x86_64-linux-gnu/libdl-2.19.so
7f7799bff000-7f7799c00000 rw-p 00003000 08:01 4067190                    /lib/x86_64-linux-gnu/libdl-2.19.so
7f7799c00000-7f7799dbc000 r-xp 00000000 08:01 4067173                    /lib/x86_64-linux-gnu/libc-2.19.so
7f7799dbc000-7f7799fbb000 ---p 001bc000 08:01 4067173                    /lib/x86_64-linux-gnu/libc-2.19.so
7f7799fbb000-7f7799fbf000 r--p 001bb000 08:01 4067173                    /lib/x86_64-linux-gnu/libc-2.19.so
7f7799fbf000-7f7799fc1000 rw-p 001bf000 08:01 4067173                    /lib/x86_64-linux-gnu/libc-2.19.so
7f7799fc1000-7f7799fc6000 rw-p 00000000 00:00 0 
7f7799fc6000-7f7799fd3000 r-xp 00000000 08:01 9045862                    /usr/lib/jvm/java-7-openjdk-amd64/jre/lib/amd64/jli/libjli.so
7f7799fd3000-7f779a1d2000 ---p 0000d000 08:01 9045862                    /usr/lib/jvm/java-7-openjdk-amd64/jre/lib/amd64/jli/libjli.so
7f779a1d2000-7f779a1d3000 r--p 0000c000 08:01 9045862                    /usr/lib/jvm/java-7-openjdk-amd64/jre/lib/amd64/jli/libjli.so
7f779a1d3000-7f779a1d4000 rw-p 0000d000 08:01 9045862                    /usr/lib/jvm/java-7-openjdk-amd64/jre/lib/amd64/jli/libjli.so
7f779a1d4000-7f779a1f7000 r-xp 00000000 08:01 4067149                    /lib/x86_64-linux-gnu/ld-2.19.so
7f779a1f7000-7f779a1f8000 r--s 00005000 08:01 12191282                   /home/david/LocalRepository/org/springframework/security/spring-security-taglibs/3.2.3.RELEASE/spring-security-taglibs-3.2.3.RELEASE.jar
7f779a1f8000-7f779a1fa000 r--s 00003000 08:01 13636085                   /home/david/LocalRepository/org/komea/cep-engine-api/1.0.65/cep-engine-api-1.0.65.jar
7f779a1fa000-7f779a1fd000 r--s 00032000 08:01 9044393                    /usr/lib/jvm/java-7-openjdk-amd64/jre/lib/ext/sunjce_provider.jar
7f779a1fd000-7f779a201000 r--s 00085000 08:01 9044411                    /usr/lib/jvm/java-7-openjdk-amd64/jre/lib/ext/localedata.jar
7f779a201000-7f779a222000 rw-p 00000000 00:00 0 
7f779a222000-7f779a2d8000 rw-p 00000000 00:00 0 
7f779a2d8000-7f779a2db000 ---p 00000000 00:00 0 
7f779a2db000-7f779a3de000 rw-p 00000000 00:00 0                          [stack:5573]
7f779a3de000-7f779a3df000 r--s 00002000 08:01 9044445                    /usr/lib/jvm/java-7-openjdk-amd64/jre/lib/ext/dnsns.jar
7f779a3df000-7f779a3e1000 r--s 00006000 08:01 7476763                    /usr/share/java/java-atk-wrapper.jar
7f779a3e1000-7f779a3e3000 r--s 00012000 08:01 9044385                    /usr/lib/jvm/java-7-openjdk-amd64/jre/lib/ext/zipfs.jar
7f779a3e3000-7f779a3e6000 r--s 0000f000 08:01 9044380                    /usr/lib/jvm/java-7-openjdk-amd64/jre/lib/ext/pulse-java.jar
7f779a3e6000-7f779a3ea000 r--s 0003b000 08:01 9044440                    /usr/lib/jvm/java-7-openjdk-amd64/jre/lib/ext/sunpkcs11.jar
7f779a3ea000-7f779a3f2000 rw-s 00000000 08:01 29886021                   /tmp/hsperfdata_david/5565
7f779a3f2000-7f779a3f3000 rw-p 00000000 00:00 0 
7f779a3f3000-7f779a3f4000 r--p 00000000 00:00 0 
7f779a3f4000-7f779a3f6000 rw-p 00000000 00:00 0 
7f779a3f6000-7f779a3f7000 r--p 00022000 08:01 4067149                    /lib/x86_64-linux-gnu/ld-2.19.so
7f779a3f7000-7f779a3f8000 rw-p 00023000 08:01 4067149                    /lib/x86_64-linux-gnu/ld-2.19.so
7f779a3f8000-7f779a3f9000 rw-p 00000000 00:00 0 
7fff09ef2000-7fff09f16000 rw-p 00000000 00:00 0                          [stack]
7fff09ffe000-7fff0a000000 r-xp 00000000 00:00 0                          [vdso]
ffffffffff600000-ffffffffff601000 r-xp 00000000 00:00 0                  [vsyscall]

VM Arguments:
jvm_args: -Dfile.encoding=UTF-8 
java_command: org.eclipse.jdt.internal.junit.runner.RemoteTestRunner -version 3 -port 33158 -testLoaderClass org.eclipse.jdt.internal.junit4.runner.JUnit4TestLoader -loaderpluginname org.eclipse.jdt.junit4.runtime -classNames org.komea.product.web.cyfe.rest.api.CyfeControllerITest
Launcher Type: SUN_STANDARD

Environment Variables:
JAVA_HOME=/usr/lib/jvm/java-7-openjdk-amd64
PATH=/usr/local/sbin:/usr/local/bin:/usr/sbin:/usr/bin:/sbin:/bin:/usr/games:/usr/local/games:/usr/lib/jvm/java-7-openjdk-amd64/bin:/usr/lib/maven/apache-maven-3.2.1/bin:/usr/lib/gradle/gradle-1.12/bin
SHELL=/bin/bash
DISPLAY=:0

Signal Handlers:
SIGSEGV: [libjvm.so+0x918620], sa_mask[0]=0x7ffbfeff, sa_flags=0x10000004
SIGBUS: [libjvm.so+0x918620], sa_mask[0]=0x7ffbfeff, sa_flags=0x10000004
SIGFPE: [libjvm.so+0x795e30], sa_mask[0]=0x7ffbfeff, sa_flags=0x10000004
SIGPIPE: [libjvm.so+0x795e30], sa_mask[0]=0x7ffbfeff, sa_flags=0x10000004
SIGXFSZ: [libjvm.so+0x795e30], sa_mask[0]=0x7ffbfeff, sa_flags=0x10000004
SIGILL: [libjvm.so+0x795e30], sa_mask[0]=0x7ffbfeff, sa_flags=0x10000004
SIGUSR1: SIG_DFL, sa_mask[0]=0x00000000, sa_flags=0x00000000
SIGUSR2: [libjvm.so+0x795cd0], sa_mask[0]=0x00000004, sa_flags=0x10000004
SIGHUP: [libjvm.so+0x795eb0], sa_mask[0]=0x7ffbfeff, sa_flags=0x10000004
SIGINT: [libjvm.so+0x795eb0], sa_mask[0]=0x7ffbfeff, sa_flags=0x10000004
SIGTERM: [libjvm.so+0x795eb0], sa_mask[0]=0x7ffbfeff, sa_flags=0x10000004
SIGQUIT: [libjvm.so+0x795eb0], sa_mask[0]=0x7ffbfeff, sa_flags=0x10000004


---------------  S Y S T E M  ---------------

OS:Ubuntu 14.04 (trusty)
uname:Linux 3.13.0-24-generic #46-Ubuntu SMP Thu Apr 10 19:11:08 UTC 2014 x86_64
libc:glibc 2.19 NPTL 2.19 
rlimit: STACK 8192k, CORE 0k, NPROC 30743, NOFILE 4096, AS infinity
load average:1,73 1,57 1,19

/proc/meminfo:
MemTotal:        3956644 kB
MemFree:          136828 kB
Buffers:           11148 kB
Cached:          1000432 kB
SwapCached:        12940 kB
Active:          2466008 kB
Inactive:        1127268 kB
Active(anon):    2299128 kB
Inactive(anon):   967632 kB
Active(file):     166880 kB
Inactive(file):   159636 kB
Unevictable:           0 kB
Mlocked:               0 kB
SwapTotal:       4102140 kB
SwapFree:        3961800 kB
Dirty:               520 kB
Writeback:             0 kB
AnonPages:       2573984 kB
Mapped:           318852 kB
Shmem:            684792 kB
Slab:             125532 kB
SReclaimable:      94136 kB
SUnreclaim:        31396 kB
KernelStack:        4400 kB
PageTables:        34008 kB
NFS_Unstable:          0 kB
Bounce:                0 kB
WritebackTmp:          0 kB
CommitLimit:     6080460 kB
Committed_AS:    6083284 kB
VmallocTotal:   34359738367 kB
VmallocUsed:      406016 kB
VmallocChunk:   34359322620 kB
HardwareCorrupted:     0 kB
AnonHugePages:    940032 kB
HugePages_Total:       0
HugePages_Free:        0
HugePages_Rsvd:        0
HugePages_Surp:        0
Hugepagesize:       2048 kB
DirectMap4k:       68144 kB
DirectMap2M:     4036608 kB


CPU:total 4 (2 cores per cpu, 2 threads per core) family 6 model 42 stepping 7, cmov, cx8, fxsr, mmx, sse, sse2, sse3, ssse3, sse4.1, sse4.2, popcnt, avx, ht, tsc, tscinvbit

/proc/cpuinfo:
processor	: 0
vendor_id	: GenuineIntel
cpu family	: 6
model		: 42
model name	: Intel(R) Core(TM) i5-2410M CPU @ 2.30GHz
stepping	: 7
microcode	: 0x18
cpu MHz		: 2301.000
cache size	: 3072 KB
physical id	: 0
siblings	: 4
core id		: 0
cpu cores	: 2
apicid		: 0
initial apicid	: 0
fpu		: yes
fpu_exception	: yes
cpuid level	: 13
wp		: yes
flags		: fpu vme de pse tsc msr pae mce cx8 apic sep mtrr pge mca cmov pat pse36 clflush dts acpi mmx fxsr sse sse2 ss ht tm pbe syscall nx rdtscp lm constant_tsc arch_perfmon pebs bts rep_good nopl xtopology nonstop_tsc aperfmperf eagerfpu pni pclmulqdq dtes64 monitor ds_cpl vmx est tm2 ssse3 cx16 xtpr pdcm pcid sse4_1 sse4_2 x2apic popcnt tsc_deadline_timer xsave avx lahf_lm ida arat epb xsaveopt pln pts dtherm tpr_shadow vnmi flexpriority ept vpid
bogomips	: 4589.96
clflush size	: 64
cache_alignment	: 64
address sizes	: 36 bits physical, 48 bits virtual
power management:

processor	: 1
vendor_id	: GenuineIntel
cpu family	: 6
model		: 42
model name	: Intel(R) Core(TM) i5-2410M CPU @ 2.30GHz
stepping	: 7
microcode	: 0x18
cpu MHz		: 2301.000
cache size	: 3072 KB
physical id	: 0
siblings	: 4
core id		: 1
cpu cores	: 2
apicid		: 2
initial apicid	: 2
fpu		: yes
fpu_exception	: yes
cpuid level	: 13
wp		: yes
flags		: fpu vme de pse tsc msr pae mce cx8 apic sep mtrr pge mca cmov pat pse36 clflush dts acpi mmx fxsr sse sse2 ss ht tm pbe syscall nx rdtscp lm constant_tsc arch_perfmon pebs bts rep_good nopl xtopology nonstop_tsc aperfmperf eagerfpu pni pclmulqdq dtes64 monitor ds_cpl vmx est tm2 ssse3 cx16 xtpr pdcm pcid sse4_1 sse4_2 x2apic popcnt tsc_deadline_timer xsave avx lahf_lm ida arat epb xsaveopt pln pts dtherm tpr_shadow vnmi flexpriority ept vpid
bogomips	: 4589.96
clflush size	: 64
cache_alignment	: 64
address sizes	: 36 bits physical, 48 bits virtual
power management:

processor	: 2
vendor_id	: GenuineIntel
cpu family	: 6
model		: 42
model name	: Intel(R) Core(TM) i5-2410M CPU @ 2.30GHz
stepping	: 7
microcode	: 0x18
cpu MHz		: 1000.000
cache size	: 3072 KB
physical id	: 0
siblings	: 4
core id		: 0
cpu cores	: 2
apicid		: 1
initial apicid	: 1
fpu		: yes
fpu_exception	: yes
cpuid level	: 13
wp		: yes
flags		: fpu vme de pse tsc msr pae mce cx8 apic sep mtrr pge mca cmov pat pse36 clflush dts acpi mmx fxsr sse sse2 ss ht tm pbe syscall nx rdtscp lm constant_tsc arch_perfmon pebs bts rep_good nopl xtopology nonstop_tsc aperfmperf eagerfpu pni pclmulqdq dtes64 monitor ds_cpl vmx est tm2 ssse3 cx16 xtpr pdcm pcid sse4_1 sse4_2 x2apic popcnt tsc_deadline_timer xsave avx lahf_lm ida arat epb xsaveopt pln pts dtherm tpr_shadow vnmi flexpriority ept vpid
bogomips	: 4589.96
clflush size	: 64
cache_alignment	: 64
address sizes	: 36 bits physical, 48 bits virtual
power management:

processor	: 3
vendor_id	: GenuineIntel
cpu family	: 6
model		: 42
model name	: Intel(R) Core(TM) i5-2410M CPU @ 2.30GHz
stepping	: 7
microcode	: 0x18
cpu MHz		: 2301.000
cache size	: 3072 KB
physical id	: 0
siblings	: 4
core id		: 1
cpu cores	: 2
apicid		: 3
initial apicid	: 3
fpu		: yes
fpu_exception	: yes
cpuid level	: 13
wp		: yes
flags		: fpu vme de pse tsc msr pae mce cx8 apic sep mtrr pge mca cmov pat pse36 clflush dts acpi mmx fxsr sse sse2 ss ht tm pbe syscall nx rdtscp lm constant_tsc arch_perfmon pebs bts rep_good nopl xtopology nonstop_tsc aperfmperf eagerfpu pni pclmulqdq dtes64 monitor ds_cpl vmx est tm2 ssse3 cx16 xtpr pdcm pcid sse4_1 sse4_2 x2apic popcnt tsc_deadline_timer xsave avx lahf_lm ida arat epb xsaveopt pln pts dtherm tpr_shadow vnmi flexpriority ept vpid
bogomips	: 4589.96
clflush size	: 64
cache_alignment	: 64
address sizes	: 36 bits physical, 48 bits virtual
power management:



Memory: 4k page, physical 3956644k(136828k free), swap 4102140k(3961800k free)

vm_info: OpenJDK 64-Bit Server VM (24.51-b03) for linux-amd64 JRE (1.7.0_55-b14), built on Apr 17 2014 20:08:07 by "buildd" with gcc 4.8.2

time: Thu Jun 26 11:27:16 2014
elapsed time: 12 seconds

