154  [main] INFO  o.s.web.context.ContextLoader - Root WebApplicationContext: initialization started
206  [main] INFO  o.s.w.c.s.XmlWebApplicationContext - Refreshing Root WebApplicationContext: startup date [Thu Jan 16 14:17:14 CET 2014]; root of context hierarchy
244  [main] INFO  o.s.b.f.xml.XmlBeanDefinitionReader - Loading XML bean definitions from file [/home/sleroy/git/komea/komea-product/komea-admin-webgui/target/classes/spring/database-context.xml]
416  [main] INFO  o.s.b.f.xml.XmlBeanDefinitionReader - Loading XML bean definitions from file [/home/sleroy/git/komea/komea-product/komea-admin-webgui/target/classes/spring/application-context.xml]
483  [main] INFO  o.s.b.f.xml.XmlBeanDefinitionReader - Loading XML bean definitions from file [/home/sleroy/git/komea/komea-product/komea-admin-webgui/target/classes/spring/security-servlet.xml]
677  [main] INFO  o.s.s.c.SpringSecurityCoreVersion - You are running with Spring Security Core 3.2.0.RELEASE
678  [main] INFO  o.s.s.c.SecurityNamespaceHandler - Spring Security 'config' module version is 3.2.0.RELEASE
732  [main] INFO  o.s.s.c.h.FilterInvocationSecurityMetadataSourceParser - Creating access control expression attribute 'permitAll' for /p/auth/**
733  [main] INFO  o.s.s.c.h.FilterInvocationSecurityMetadataSourceParser - Creating access control expression attribute 'hasRole('ROLE_ADMIN')' for /p/**
733  [main] INFO  o.s.s.c.h.FilterInvocationSecurityMetadataSourceParser - Creating access control expression attribute 'permitAll' for /rest/**
776  [main] INFO  o.s.s.c.h.HttpSecurityBeanDefinitionParser - Checking sorted filter chain: [Root bean: class [org.springframework.security.web.context.SecurityContextPersistenceFilter]; scope=; abstract=false; lazyInit=false; autowireMode=0; dependencyCheck=0; autowireCandidate=true; primary=false; factoryBeanName=null; factoryMethodName=null; initMethodName=null; destroyMethodName=null, order = 200, Root bean: class [org.springframework.security.web.context.request.async.WebAsyncManagerIntegrationFilter]; scope=; abstract=false; lazyInit=false; autowireMode=0; dependencyCheck=0; autowireCandidate=true; primary=false; factoryBeanName=null; factoryMethodName=null; initMethodName=null; destroyMethodName=null, order = 400, Root bean: class [org.springframework.security.web.authentication.logout.LogoutFilter]; scope=; abstract=false; lazyInit=false; autowireMode=0; dependencyCheck=0; autowireCandidate=true; primary=false; factoryBeanName=null; factoryMethodName=null; initMethodName=null; destroyMethodName=null, order = 700, <org.springframework.security.web.authentication.UsernamePasswordAuthenticationFilter#0>, order = 1100, Root bean: class [org.springframework.security.web.authentication.www.BasicAuthenticationFilter]; scope=; abstract=false; lazyInit=false; autowireMode=0; dependencyCheck=0; autowireCandidate=true; primary=false; factoryBeanName=null; factoryMethodName=null; initMethodName=null; destroyMethodName=null, order = 1500, Root bean: class [org.springframework.security.web.savedrequest.RequestCacheAwareFilter]; scope=; abstract=false; lazyInit=false; autowireMode=0; dependencyCheck=0; autowireCandidate=true; primary=false; factoryBeanName=null; factoryMethodName=null; initMethodName=null; destroyMethodName=null, order = 1600, Root bean: class [org.springframework.security.web.servletapi.SecurityContextHolderAwareRequestFilter]; scope=; abstract=false; lazyInit=false; autowireMode=0; dependencyCheck=0; autowireCandidate=true; primary=false; factoryBeanName=null; factoryMethodName=null; initMethodName=null; destroyMethodName=null, order = 1700, Root bean: class [org.springframework.security.web.authentication.AnonymousAuthenticationFilter]; scope=; abstract=false; lazyInit=false; autowireMode=0; dependencyCheck=0; autowireCandidate=true; primary=false; factoryBeanName=null; factoryMethodName=null; initMethodName=null; destroyMethodName=null, order = 2000, Root bean: class [org.springframework.security.web.session.SessionManagementFilter]; scope=; abstract=false; lazyInit=false; autowireMode=0; dependencyCheck=0; autowireCandidate=true; primary=false; factoryBeanName=null; factoryMethodName=null; initMethodName=null; destroyMethodName=null, order = 2100, Root bean: class [org.springframework.security.web.access.ExceptionTranslationFilter]; scope=; abstract=false; lazyInit=false; autowireMode=0; dependencyCheck=0; autowireCandidate=true; primary=false; factoryBeanName=null; factoryMethodName=null; initMethodName=null; destroyMethodName=null, order = 2200, <org.springframework.security.web.access.intercept.FilterSecurityInterceptor#0>, order = 2300]
1053 [main] INFO  o.s.c.s.PropertySourcesPlaceholderConfigurer - Loading properties file from class path resource [config/bdd-h2.properties]
1077 [main] INFO  o.s.b.f.a.AutowiredAnnotationBeanPostProcessor - JSR-330 'javax.inject.Inject' annotation found and supported for autowiring
1146 [main] INFO  o.s.j.d.DriverManagerDataSource - Loaded JDBC driver: org.h2.Driver
1147 [main] INFO  o.s.w.c.s.XmlWebApplicationContext - Bean 'dataSource' of type [class org.springframework.jdbc.datasource.DriverManagerDataSource] is not eligible for getting processed by all BeanPostProcessors (for example: not eligible for auto-proxying)
1167 [main] INFO  o.s.b.f.xml.XmlBeanDefinitionReader - Loading XML bean definitions from class path resource [org/springframework/jdbc/support/sql-error-codes.xml]
1224 [main] INFO  o.s.j.support.SQLErrorCodesFactory - SQLErrorCodes loaded: [DB2, Derby, H2, HSQL, Informix, MS-SQL, MySQL, Oracle, PostgreSQL, Sybase]
1456 [main] INFO  o.s.w.c.s.XmlWebApplicationContext - Bean 'org.mybatis.spring.MyBatisExceptionTranslator#0' of type [class org.mybatis.spring.MyBatisExceptionTranslator] is not eligible for getting processed by all BeanPostProcessors (for example: not eligible for auto-proxying)
1533 [main] INFO  o.h.validator.internal.util.Version - HV000001: Hibernate Validator 4.3.1.Final
1663 [main] INFO  o.s.b.f.s.DefaultListableBeanFactory - Pre-instantiating singletons in org.springframework.beans.factory.support.DefaultListableBeanFactory@39ca7988: defining beans [org.springframework.context.support.PropertySourcesPlaceholderConfigurer#0,dataSource,sqlSessionFactory,transactionManager,org.mybatis.spring.MyBatisExceptionTranslator#0,org.springframework.dao.annotation.PersistenceExceptionTranslationPostProcessor#0,org.springframework.aop.config.internalAutoProxyCreator,org.springframework.transaction.annotation.AnnotationTransactionAttributeSource#0,org.springframework.transaction.interceptor.TransactionInterceptor#0,org.springframework.transaction.config.internalTransactionAdvisor,kpiAlertTypeMapper,projectMapper,providerMapper,kpiMapper,providerSettingMapper,hasProjectPersonMapper,linkMapper,personGroupMapper,eventTypeMapper,measureMapper,personMapper,hasPersonKpiAlertTypeMapper,tagMapper,settingMapper,personRoleMapper,hasProjectKpiAlertTypeMapper,hasProjectTagMapper,customerMapper,groupKindMapper,hasPersonGroupKpiAlertTypeMapper,hasProjectPersonGroupMapper,org.springframework.context.annotation.internalConfigurationAnnotationProcessor,org.springframework.context.annotation.internalAutowiredAnnotationProcessor,org.springframework.context.annotation.internalRequiredAnnotationProcessor,org.springframework.context.annotation.internalCommonAnnotationProcessor,org.springframework.jdbc.datasource.init.DataSourceInitializer#0,validator,org.springframework.validation.beanvalidation.MethodValidationPostProcessor#0,org.springframework.security.filterChains,org.springframework.security.filterChainProxy,org.springframework.security.web.PortMapperImpl#0,org.springframework.security.web.PortResolverImpl#0,org.springframework.security.config.authentication.AuthenticationManagerFactoryBean#0,org.springframework.security.authentication.ProviderManager#0,org.springframework.security.web.context.HttpSessionSecurityContextRepository#0,org.springframework.security.web.authentication.session.CompositeSessionAuthenticationStrategy#0,org.springframework.security.web.savedrequest.HttpSessionRequestCache#0,org.springframework.security.web.access.expression.DefaultWebSecurityExpressionHandler#0,org.springframework.security.access.vote.AffirmativeBased#0,org.springframework.security.web.access.intercept.FilterSecurityInterceptor#0,org.springframework.security.web.access.DefaultWebInvocationPrivilegeEvaluator#0,org.springframework.security.authentication.AnonymousAuthenticationProvider#0,org.springframework.security.web.authentication.www.BasicAuthenticationEntryPoint#0,org.springframework.security.web.authentication.UsernamePasswordAuthenticationFilter#0,org.springframework.security.userDetailsServiceFactory,org.springframework.security.web.DefaultSecurityFilterChain#0,org.springframework.security.provisioning.InMemoryUserDetailsManager#0,org.springframework.security.authentication.dao.DaoAuthenticationProvider#0,org.springframework.security.authentication.DefaultAuthenticationEventPublisher#0,org.springframework.security.authenticationManager,org.springframework.cache.annotation.AnnotationCacheOperationSource#0,org.springframework.cache.interceptor.CacheInterceptor#0,org.springframework.cache.config.internalCacheAdvisor,org.springframework.context.annotation.internalAsyncAnnotationProcessor,org.springframework.context.annotation.internalScheduledAnnotationProcessor,cacheManager,pluginIntegrationService,esperAlertSnapshotService,esperEngineBean,alertValidationBean,esperQueryServiceBean,esperXmlImportationBean,eventTypeService,settingService,providerAPIService,org.springframework.context.annotation.ConfigurationClassPostProcessor.importAwareProcessor]; root of factory hierarchy
2180 [main] INFO  o.s.j.d.i.ResourceDatabasePopulator - Executing SQL script from class path resource [data/komea-h2.sql]
2259 [main] INFO  o.s.j.d.i.ResourceDatabasePopulator - Done executing SQL script from class path resource [data/komea-h2.sql] in 79 ms.
2696 [main] INFO  o.s.s.w.DefaultSecurityFilterChain - Creating filter chain: org.springframework.security.web.util.matcher.AnyRequestMatcher@1, [org.springframework.security.web.context.SecurityContextPersistenceFilter@12e42a8e, org.springframework.security.web.context.request.async.WebAsyncManagerIntegrationFilter@41a5da52, org.springframework.security.web.authentication.logout.LogoutFilter@6fa05f29, org.springframework.security.web.authentication.UsernamePasswordAuthenticationFilter@9c7b600, org.springframework.security.web.authentication.www.BasicAuthenticationFilter@167dbf04, org.springframework.security.web.savedrequest.RequestCacheAwareFilter@1987ab25, org.springframework.security.web.servletapi.SecurityContextHolderAwareRequestFilter@19f5173b, org.springframework.security.web.authentication.AnonymousAuthenticationFilter@29c82fcd, org.springframework.security.web.session.SessionManagementFilter@15ba5129, org.springframework.security.web.access.ExceptionTranslationFilter@7b2665e3, org.springframework.security.web.access.intercept.FilterSecurityInterceptor@15eb593f]
2744 [main] INFO  o.s.s.c.h.DefaultFilterChainValidator - Checking whether login URL '/p/auth/login' is accessible with your configuration
2912 [main] INFO  plugin-loader - Initializing the plugin loader
2917 [main] INFO  plugin-loader - Found 0 plugins
2917 [main] INFO  plugin-loader - Registration finished.
2977 [main] INFO  o.k.p.b.s.esper.EsperEngineBean - Initialization of Esper Engine
3058 [main] INFO  c.e.e.c.s.EPServiceProviderImpl - Initializing engine URI 'default' version 4.10.0
3059 [main] INFO  c.e.e.e.metric.MetricReportingPath - Metrics reporting has been enabled, this setting takes affect for all engine instances at engine initialization time.
3462 [main] INFO  o.k.p.b.s.esper.EsperEngineBean - Esper engine created : com.espertech.esper.core.service.EPServiceProviderImpl@c0c6339
3462 [main] INFO  o.k.p.b.s.esper.EsperEngineBean - Creation of notification listener
3463 [main] INFO  o.k.p.b.e.r.EsperDebugReactorListener - Initializing debug provider
3463 [main] INFO  o.k.p.b.e.r.EsperDebugReactorListener - Esper component referenced : Y
3463 [main] INFO  o.k.p.b.e.r.EsperDebugReactorListener - Esper Initialized : Y
4012 [main] INFO  o.k.p.b.s.esper.EsperEngineBean - Esper notification listener created
4022 [main] INFO  o.k.p.b.s.e.EsperXmlImportationBean - No statement available
4035 [main] INFO  o.s.web.context.ContextLoader - Root WebApplicationContext: initialization completed in 3879 ms
181  [main] INFO  o.s.web.context.ContextLoader - Root WebApplicationContext: initialization started
321  [main] INFO  o.s.w.c.s.XmlWebApplicationContext - Refreshing Root WebApplicationContext: startup date [Thu Jan 16 14:18:23 CET 2014]; root of context hierarchy
386  [main] INFO  o.s.b.f.xml.XmlBeanDefinitionReader - Loading XML bean definitions from file [/home/sleroy/git/komea/komea-product/komea-admin-webgui/target/classes/spring/database-context.xml]
608  [main] INFO  o.s.b.f.xml.XmlBeanDefinitionReader - Loading XML bean definitions from file [/home/sleroy/git/komea/komea-product/komea-admin-webgui/target/classes/spring/application-context.xml]
660  [main] INFO  o.s.b.f.xml.XmlBeanDefinitionReader - Loading XML bean definitions from file [/home/sleroy/git/komea/komea-product/komea-admin-webgui/target/classes/spring/security-servlet.xml]
740  [main] INFO  o.s.s.c.SpringSecurityCoreVersion - You are running with Spring Security Core 3.2.0.RELEASE
740  [main] INFO  o.s.s.c.SecurityNamespaceHandler - Spring Security 'config' module version is 3.2.0.RELEASE
775  [main] INFO  o.s.s.c.h.FilterInvocationSecurityMetadataSourceParser - Creating access control expression attribute 'permitAll' for /p/auth/**
775  [main] INFO  o.s.s.c.h.FilterInvocationSecurityMetadataSourceParser - Creating access control expression attribute 'hasRole('ROLE_ADMIN')' for /p/**
775  [main] INFO  o.s.s.c.h.FilterInvocationSecurityMetadataSourceParser - Creating access control expression attribute 'permitAll' for /rest/**
801  [main] INFO  o.s.s.c.h.HttpSecurityBeanDefinitionParser - Checking sorted filter chain: [Root bean: class [org.springframework.security.web.context.SecurityContextPersistenceFilter]; scope=; abstract=false; lazyInit=false; autowireMode=0; dependencyCheck=0; autowireCandidate=true; primary=false; factoryBeanName=null; factoryMethodName=null; initMethodName=null; destroyMethodName=null, order = 200, Root bean: class [org.springframework.security.web.context.request.async.WebAsyncManagerIntegrationFilter]; scope=; abstract=false; lazyInit=false; autowireMode=0; dependencyCheck=0; autowireCandidate=true; primary=false; factoryBeanName=null; factoryMethodName=null; initMethodName=null; destroyMethodName=null, order = 400, Root bean: class [org.springframework.security.web.authentication.logout.LogoutFilter]; scope=; abstract=false; lazyInit=false; autowireMode=0; dependencyCheck=0; autowireCandidate=true; primary=false; factoryBeanName=null; factoryMethodName=null; initMethodName=null; destroyMethodName=null, order = 700, <org.springframework.security.web.authentication.UsernamePasswordAuthenticationFilter#0>, order = 1100, Root bean: class [org.springframework.security.web.authentication.www.BasicAuthenticationFilter]; scope=; abstract=false; lazyInit=false; autowireMode=0; dependencyCheck=0; autowireCandidate=true; primary=false; factoryBeanName=null; factoryMethodName=null; initMethodName=null; destroyMethodName=null, order = 1500, Root bean: class [org.springframework.security.web.savedrequest.RequestCacheAwareFilter]; scope=; abstract=false; lazyInit=false; autowireMode=0; dependencyCheck=0; autowireCandidate=true; primary=false; factoryBeanName=null; factoryMethodName=null; initMethodName=null; destroyMethodName=null, order = 1600, Root bean: class [org.springframework.security.web.servletapi.SecurityContextHolderAwareRequestFilter]; scope=; abstract=false; lazyInit=false; autowireMode=0; dependencyCheck=0; autowireCandidate=true; primary=false; factoryBeanName=null; factoryMethodName=null; initMethodName=null; destroyMethodName=null, order = 1700, Root bean: class [org.springframework.security.web.authentication.AnonymousAuthenticationFilter]; scope=; abstract=false; lazyInit=false; autowireMode=0; dependencyCheck=0; autowireCandidate=true; primary=false; factoryBeanName=null; factoryMethodName=null; initMethodName=null; destroyMethodName=null, order = 2000, Root bean: class [org.springframework.security.web.session.SessionManagementFilter]; scope=; abstract=false; lazyInit=false; autowireMode=0; dependencyCheck=0; autowireCandidate=true; primary=false; factoryBeanName=null; factoryMethodName=null; initMethodName=null; destroyMethodName=null, order = 2100, Root bean: class [org.springframework.security.web.access.ExceptionTranslationFilter]; scope=; abstract=false; lazyInit=false; autowireMode=0; dependencyCheck=0; autowireCandidate=true; primary=false; factoryBeanName=null; factoryMethodName=null; initMethodName=null; destroyMethodName=null, order = 2200, <org.springframework.security.web.access.intercept.FilterSecurityInterceptor#0>, order = 2300]
1060 [main] INFO  o.s.c.s.PropertySourcesPlaceholderConfigurer - Loading properties file from class path resource [config/bdd-h2.properties]
1082 [main] INFO  o.s.b.f.a.AutowiredAnnotationBeanPostProcessor - JSR-330 'javax.inject.Inject' annotation found and supported for autowiring
1150 [main] INFO  o.s.j.d.DriverManagerDataSource - Loaded JDBC driver: org.h2.Driver
1150 [main] INFO  o.s.w.c.s.XmlWebApplicationContext - Bean 'dataSource' of type [class org.springframework.jdbc.datasource.DriverManagerDataSource] is not eligible for getting processed by all BeanPostProcessors (for example: not eligible for auto-proxying)
1169 [main] INFO  o.s.b.f.xml.XmlBeanDefinitionReader - Loading XML bean definitions from class path resource [org/springframework/jdbc/support/sql-error-codes.xml]
1220 [main] INFO  o.s.j.support.SQLErrorCodesFactory - SQLErrorCodes loaded: [DB2, Derby, H2, HSQL, Informix, MS-SQL, MySQL, Oracle, PostgreSQL, Sybase]
1418 [main] INFO  o.s.w.c.s.XmlWebApplicationContext - Bean 'org.mybatis.spring.MyBatisExceptionTranslator#0' of type [class org.mybatis.spring.MyBatisExceptionTranslator] is not eligible for getting processed by all BeanPostProcessors (for example: not eligible for auto-proxying)
1511 [main] INFO  o.h.validator.internal.util.Version - HV000001: Hibernate Validator 4.3.1.Final
1650 [main] INFO  o.s.b.f.s.DefaultListableBeanFactory - Pre-instantiating singletons in org.springframework.beans.factory.support.DefaultListableBeanFactory@386bfb17: defining beans [org.springframework.context.support.PropertySourcesPlaceholderConfigurer#0,dataSource,sqlSessionFactory,transactionManager,org.mybatis.spring.MyBatisExceptionTranslator#0,org.springframework.dao.annotation.PersistenceExceptionTranslationPostProcessor#0,org.springframework.aop.config.internalAutoProxyCreator,org.springframework.transaction.annotation.AnnotationTransactionAttributeSource#0,org.springframework.transaction.interceptor.TransactionInterceptor#0,org.springframework.transaction.config.internalTransactionAdvisor,kpiAlertTypeMapper,projectMapper,providerMapper,kpiMapper,providerSettingMapper,hasProjectPersonMapper,linkMapper,personGroupMapper,eventTypeMapper,measureMapper,personMapper,hasPersonKpiAlertTypeMapper,tagMapper,settingMapper,personRoleMapper,hasProjectKpiAlertTypeMapper,hasProjectTagMapper,customerMapper,groupKindMapper,hasPersonGroupKpiAlertTypeMapper,hasProjectPersonGroupMapper,org.springframework.context.annotation.internalConfigurationAnnotationProcessor,org.springframework.context.annotation.internalAutowiredAnnotationProcessor,org.springframework.context.annotation.internalRequiredAnnotationProcessor,org.springframework.context.annotation.internalCommonAnnotationProcessor,org.springframework.jdbc.datasource.init.DataSourceInitializer#0,validator,org.springframework.validation.beanvalidation.MethodValidationPostProcessor#0,org.springframework.security.filterChains,org.springframework.security.filterChainProxy,org.springframework.security.web.PortMapperImpl#0,org.springframework.security.web.PortResolverImpl#0,org.springframework.security.config.authentication.AuthenticationManagerFactoryBean#0,org.springframework.security.authentication.ProviderManager#0,org.springframework.security.web.context.HttpSessionSecurityContextRepository#0,org.springframework.security.web.authentication.session.CompositeSessionAuthenticationStrategy#0,org.springframework.security.web.savedrequest.HttpSessionRequestCache#0,org.springframework.security.web.access.expression.DefaultWebSecurityExpressionHandler#0,org.springframework.security.access.vote.AffirmativeBased#0,org.springframework.security.web.access.intercept.FilterSecurityInterceptor#0,org.springframework.security.web.access.DefaultWebInvocationPrivilegeEvaluator#0,org.springframework.security.authentication.AnonymousAuthenticationProvider#0,org.springframework.security.web.authentication.www.BasicAuthenticationEntryPoint#0,org.springframework.security.web.authentication.UsernamePasswordAuthenticationFilter#0,org.springframework.security.userDetailsServiceFactory,org.springframework.security.web.DefaultSecurityFilterChain#0,org.springframework.security.provisioning.InMemoryUserDetailsManager#0,org.springframework.security.authentication.dao.DaoAuthenticationProvider#0,org.springframework.security.authentication.DefaultAuthenticationEventPublisher#0,org.springframework.security.authenticationManager,org.springframework.cache.annotation.AnnotationCacheOperationSource#0,org.springframework.cache.interceptor.CacheInterceptor#0,org.springframework.cache.config.internalCacheAdvisor,org.springframework.context.annotation.internalAsyncAnnotationProcessor,org.springframework.context.annotation.internalScheduledAnnotationProcessor,cacheManager,pluginIntegrationService,esperAlertSnapshotService,esperEngineBean,alertValidationBean,esperQueryServiceBean,esperXmlImportationBean,eventTypeService,settingService,providerAPIService,org.springframework.context.annotation.ConfigurationClassPostProcessor.importAwareProcessor]; root of factory hierarchy
2129 [main] INFO  o.s.j.d.i.ResourceDatabasePopulator - Executing SQL script from class path resource [data/komea-h2.sql]
2215 [main] INFO  o.s.j.d.i.ResourceDatabasePopulator - Done executing SQL script from class path resource [data/komea-h2.sql] in 86 ms.
2682 [main] INFO  o.s.s.w.DefaultSecurityFilterChain - Creating filter chain: org.springframework.security.web.util.matcher.AnyRequestMatcher@1, [org.springframework.security.web.context.SecurityContextPersistenceFilter@831de69, org.springframework.security.web.context.request.async.WebAsyncManagerIntegrationFilter@200c3b3, org.springframework.security.web.authentication.logout.LogoutFilter@301dcc, org.springframework.security.web.authentication.UsernamePasswordAuthenticationFilter@56f43c2c, org.springframework.security.web.authentication.www.BasicAuthenticationFilter@3c9a994d, org.springframework.security.web.savedrequest.RequestCacheAwareFilter@49c6ad50, org.springframework.security.web.servletapi.SecurityContextHolderAwareRequestFilter@129c8507, org.springframework.security.web.authentication.AnonymousAuthenticationFilter@61e1981c, org.springframework.security.web.session.SessionManagementFilter@21c98878, org.springframework.security.web.access.ExceptionTranslationFilter@361e8f9c, org.springframework.security.web.access.intercept.FilterSecurityInterceptor@10666686]
2711 [main] INFO  o.s.s.c.h.DefaultFilterChainValidator - Checking whether login URL '/p/auth/login' is accessible with your configuration
2861 [main] INFO  plugin-loader - Initializing the plugin loader
2864 [main] INFO  plugin-loader - Found 0 plugins
2864 [main] INFO  plugin-loader - Registration finished.
2893 [main] INFO  o.k.p.b.s.esper.EsperEngineBean - Initialization of Esper Engine
2972 [main] INFO  c.e.e.c.s.EPServiceProviderImpl - Initializing engine URI 'default' version 4.10.0
2973 [main] INFO  c.e.e.e.metric.MetricReportingPath - Metrics reporting has been enabled, this setting takes affect for all engine instances at engine initialization time.
3328 [main] INFO  o.k.p.b.s.esper.EsperEngineBean - Esper engine created : com.espertech.esper.core.service.EPServiceProviderImpl@38a93034
3329 [main] INFO  o.k.p.b.s.esper.EsperEngineBean - Creation of notification listener
3330 [main] INFO  o.k.p.b.e.r.EsperDebugReactorListener - Initializing debug provider
3330 [main] INFO  o.k.p.b.e.r.EsperDebugReactorListener - Esper component referenced : Y
3330 [main] INFO  o.k.p.b.e.r.EsperDebugReactorListener - Esper Initialized : Y
3881 [main] INFO  o.k.p.b.s.esper.EsperEngineBean - Esper notification listener created
3892 [main] INFO  o.k.p.b.s.e.EsperXmlImportationBean - No statement available
3907 [main] INFO  o.s.web.context.ContextLoader - Root WebApplicationContext: initialization completed in 3725 ms
61645 [qtp799919495-22] INFO  o.s.web.servlet.DispatcherServlet - FrameworkServlet 'dispatcher': initialization started
61658 [qtp799919495-22] INFO  o.s.w.c.s.XmlWebApplicationContext - Refreshing WebApplicationContext for namespace 'dispatcher-servlet': startup date [Thu Jan 16 14:19:24 CET 2014]; parent: Root WebApplicationContext
61659 [qtp799919495-22] INFO  o.s.b.f.xml.XmlBeanDefinitionReader - Loading XML bean definitions from ServletContext resource [/WEB-INF/dispatcher-servlet.xml]
61738 [qtp799919495-22] INFO  o.s.b.f.xml.XmlBeanDefinitionReader - Loading XML bean definitions from ServletContext resource [/WEB-INF/thymeleaf-servlet.xml]
61975 [qtp799919495-22] INFO  o.s.b.f.a.AutowiredAnnotationBeanPostProcessor - JSR-330 'javax.inject.Inject' annotation found and supported for autowiring
62004 [qtp799919495-22] INFO  o.s.b.f.s.DefaultListableBeanFactory - Pre-instantiating singletons in org.springframework.beans.factory.support.DefaultListableBeanFactory@550864f1: defining beans [messageSource,templateResolver,templateEngine,org.thymeleaf.spring3.view.ThymeleafViewResolver#0,mvcContentNegotiationManager,org.springframework.web.servlet.mvc.method.annotation.RequestMappingHandlerMapping#0,org.springframework.format.support.FormattingConversionServiceFactoryBean#0,org.springframework.validation.beanvalidation.LocalValidatorFactoryBean#0,org.springframework.web.servlet.mvc.method.annotation.RequestMappingHandlerAdapter#0,org.springframework.web.servlet.handler.MappedInterceptor#0,org.springframework.web.servlet.mvc.method.annotation.ExceptionHandlerExceptionResolver#0,org.springframework.web.servlet.mvc.annotation.ResponseStatusExceptionResolver#0,org.springframework.web.servlet.mvc.support.DefaultHandlerExceptionResolver#0,org.springframework.web.servlet.handler.BeanNameUrlHandlerMapping,org.springframework.web.servlet.mvc.HttpRequestHandlerAdapter,org.springframework.web.servlet.mvc.SimpleControllerHandlerAdapter,indexView,authView,alertAPIView,org.springframework.context.annotation.internalConfigurationAnnotationProcessor,org.springframework.context.annotation.internalAutowiredAnnotationProcessor,org.springframework.context.annotation.internalRequiredAnnotationProcessor,org.springframework.context.annotation.internalCommonAnnotationProcessor,org.springframework.web.servlet.handler.SimpleMappingExceptionResolver#0,org.springframework.context.annotation.ConfigurationClassPostProcessor.importAwareProcessor]; parent: org.springframework.beans.factory.support.DefaultListableBeanFactory@386bfb17
62333 [qtp799919495-22] INFO  o.s.w.s.m.m.a.RequestMappingHandlerMapping - Mapped "{[/error.html],methods=[GET || POST],params=[],headers=[],consumes=[],produces=[],custom=[]}" onto public java.lang.String org.komea.product.web.admin.views.IndexView.customError(javax.servlet.http.HttpServletRequest,javax.servlet.http.HttpServletResponse,org.springframework.ui.Model)
62333 [qtp799919495-22] INFO  o.s.w.s.m.m.a.RequestMappingHandlerMapping - Mapped "{[/ || ],methods=[GET],params=[],headers=[],consumes=[],produces=[],custom=[]}" onto public org.springframework.web.servlet.ModelAndView org.komea.product.web.admin.views.IndexView.requestPage()
62335 [qtp799919495-22] INFO  o.s.w.s.m.m.a.RequestMappingHandlerMapping - Mapped "{[/auth/accessdenied],methods=[GET],params=[],headers=[],consumes=[],produces=[],custom=[]}" onto public java.lang.String org.komea.product.web.admin.views.AuthView.accessdenied(org.springframework.ui.ModelMap)
62338 [qtp799919495-22] INFO  o.s.w.s.m.m.a.RequestMappingHandlerMapping - Mapped "{[/auth/logout],methods=[GET],params=[],headers=[],consumes=[],produces=[],custom=[]}" onto public java.lang.String org.komea.product.web.admin.views.AuthView.logout()
62339 [qtp799919495-22] INFO  o.s.w.s.m.m.a.RequestMappingHandlerMapping - Mapped "{[/auth/login],methods=[GET],params=[],headers=[],consumes=[],produces=[],custom=[]}" onto public java.lang.String org.komea.product.web.admin.views.AuthView.login()
62340 [qtp799919495-22] INFO  o.s.w.s.m.m.a.RequestMappingHandlerMapping - Mapped "{[/admin/alert_api],methods=[GET],params=[],headers=[],consumes=[],produces=[],custom=[]}" onto public java.lang.String org.komea.product.web.admin.views.AlertAPIView.requestPicture() throws java.io.IOException
63355 [qtp799919495-22] INFO  o.s.web.servlet.DispatcherServlet - FrameworkServlet 'dispatcher': initialization completed in 1709 ms
63758 [qtp799919495-22] INFO  org.thymeleaf.TemplateEngine - [THYMELEAF] INITIALIZING TEMPLATE ENGINE
63899 [qtp799919495-22] INFO  o.t.t.AbstractTemplateResolver - [THYMELEAF] INITIALIZING TEMPLATE RESOLVER: org.thymeleaf.templateresolver.ServletContextTemplateResolver
63899 [qtp799919495-22] INFO  o.t.t.AbstractTemplateResolver - [THYMELEAF] TEMPLATE RESOLVER INITIALIZED OK
63899 [qtp799919495-22] INFO  o.t.m.AbstractMessageResolver - [THYMELEAF] INITIALIZING MESSAGE RESOLVER: org.thymeleaf.spring3.messageresolver.SpringMessageResolver
63900 [qtp799919495-22] INFO  o.t.m.AbstractMessageResolver - [THYMELEAF] MESSAGE RESOLVER INITIALIZED OK
63908 [qtp799919495-22] INFO  org.thymeleaf.TemplateEngine.CONFIG - [THYMELEAF] TEMPLATE ENGINE CONFIGURATION:
[THYMELEAF] * Cache Factory implementation: org.thymeleaf.cache.StandardCacheManager
[THYMELEAF] * Template modes:
[THYMELEAF]     * VALIDXML
[THYMELEAF]     * HTML5
[THYMELEAF]     * XHTML
[THYMELEAF]     * LEGACYHTML5
[THYMELEAF]     * VALIDXHTML
[THYMELEAF]     * XML
[THYMELEAF] * Template resolvers (in order):
[THYMELEAF]     * org.thymeleaf.templateresolver.ServletContextTemplateResolver
[THYMELEAF] * Message resolvers (in order):
[THYMELEAF]     * org.thymeleaf.spring3.messageresolver.SpringMessageResolver
[THYMELEAF] * Dialect [1 of 2]: org.thymeleaf.spring3.dialect.SpringStandardDialect
[THYMELEAF]     * Prefix: "th"
[THYMELEAF] * Dialect [2 of 2]: org.thymeleaf.extras.springsecurity3.dialect.SpringSecurityDialect
[THYMELEAF]     * Prefix: "sec"
[THYMELEAF] TEMPLATE ENGINE CONFIGURED OK
63912 [qtp799919495-22] INFO  org.thymeleaf.TemplateEngine - [THYMELEAF] TEMPLATE ENGINE INITIALIZED
73030 [qtp799919495-16] INFO  o.s.web.servlet.DispatcherServlet - FrameworkServlet 'rest': initialization started
73033 [qtp799919495-16] INFO  o.s.w.c.s.XmlWebApplicationContext - Refreshing WebApplicationContext for namespace 'rest-servlet': startup date [Thu Jan 16 14:19:35 CET 2014]; parent: Root WebApplicationContext
73034 [qtp799919495-16] INFO  o.s.b.f.xml.XmlBeanDefinitionReader - Loading XML bean definitions from ServletContext resource [/WEB-INF/rest-servlet.xml]
73125 [qtp799919495-16] INFO  o.s.b.f.a.AutowiredAnnotationBeanPostProcessor - JSR-330 'javax.inject.Inject' annotation found and supported for autowiring
73129 [qtp799919495-16] INFO  o.s.b.f.s.DefaultListableBeanFactory - Pre-instantiating singletons in org.springframework.beans.factory.support.DefaultListableBeanFactory@73c6e165: defining beans [mvcContentNegotiationManager,org.springframework.web.servlet.mvc.method.annotation.RequestMappingHandlerMapping#0,org.springframework.format.support.FormattingConversionServiceFactoryBean#0,org.springframework.validation.beanvalidation.LocalValidatorFactoryBean#0,org.springframework.web.servlet.mvc.method.annotation.RequestMappingHandlerAdapter#0,org.springframework.web.servlet.handler.MappedInterceptor#0,org.springframework.web.servlet.mvc.method.annotation.ExceptionHandlerExceptionResolver#0,org.springframework.web.servlet.mvc.annotation.ResponseStatusExceptionResolver#0,org.springframework.web.servlet.mvc.support.DefaultHandlerExceptionResolver#0,org.springframework.web.servlet.handler.BeanNameUrlHandlerMapping,org.springframework.web.servlet.mvc.HttpRequestHandlerAdapter,org.springframework.web.servlet.mvc.SimpleControllerHandlerAdapter,alertController,localResourceTransferController,projectsController,departmentController,alertTypeController,measuresController,providersController,teamsController,personsController,eventsController,kpisController,org.springframework.context.annotation.internalConfigurationAnnotationProcessor,org.springframework.context.annotation.internalAutowiredAnnotationProcessor,org.springframework.context.annotation.internalRequiredAnnotationProcessor,org.springframework.context.annotation.internalCommonAnnotationProcessor,org.springframework.web.servlet.handler.SimpleMappingExceptionResolver#0,org.springframework.context.annotation.ConfigurationClassPostProcessor.importAwareProcessor]; parent: org.springframework.beans.factory.support.DefaultListableBeanFactory@386bfb17
73144 [qtp799919495-16] INFO  o.s.w.s.m.m.a.RequestMappingHandlerMapping - Mapped "{[/alerts/find],methods=[POST],params=[],headers=[],consumes=[],produces=[],custom=[]}" onto public java.util.List<org.komea.product.database.dto.KpiAlertDto> org.komea.product.web.rest.api.AlertController.findAlerts(org.komea.product.database.dto.SearchKpiAlertsDto)
73145 [qtp799919495-16] INFO  o.s.w.s.m.m.a.RequestMappingHandlerMapping - Mapped "{[/alerts/get/{kpiAlertTypeKey}/{entityKey}],methods=[GET],params=[],headers=[],consumes=[],produces=[],custom=[]}" onto public boolean org.komea.product.web.rest.api.AlertController.getAlerts(java.lang.String,java.lang.String)
73145 [qtp799919495-16] INFO  o.s.w.s.m.m.a.RequestMappingHandlerMapping - Mapped "{[/alerts/push],methods=[POST],params=[],headers=[],consumes=[],produces=[],custom=[]}" onto public void org.komea.product.web.rest.api.AlertController.pushEvent(org.komea.product.database.dto.EventDto)
73146 [qtp799919495-16] INFO  o.s.w.s.m.m.a.RequestMappingHandlerMapping - Mapped "{[/local_resources/pic/{name}],methods=[GET],params=[],headers=[],consumes=[],produces=[],custom=[]}" onto public byte[] org.komea.product.web.rest.api.LocalResourceTransferController.requestPicture(javax.servlet.http.HttpServletResponse,java.lang.String) throws java.io.IOException
73147 [qtp799919495-16] INFO  o.s.w.s.m.m.a.RequestMappingHandlerMapping - Mapped "{[/projects/all],methods=[GET],params=[],headers=[],consumes=[],produces=[],custom=[]}" onto public java.util.List<org.komea.product.database.model.Project> org.komea.product.web.rest.api.ProjectsController.allProjects()
73148 [qtp799919495-16] INFO  o.s.w.s.m.m.a.RequestMappingHandlerMapping - Mapped "{[/departments/all],methods=[GET],params=[],headers=[],consumes=[],produces=[],custom=[]}" onto public java.util.List<org.komea.product.database.model.PersonGroup> org.komea.product.web.rest.api.DepartmentController.allTeams()
73149 [qtp799919495-16] INFO  o.s.w.s.m.m.a.RequestMappingHandlerMapping - Mapped "{[/alerttypes/all],methods=[GET],params=[],headers=[],consumes=[],produces=[],custom=[]}" onto public java.util.List<org.komea.product.database.model.KpiAlertType> org.komea.product.web.rest.api.AlertTypeController.allAlertIypes()
73152 [qtp799919495-16] INFO  o.s.w.s.m.m.a.RequestMappingHandlerMapping - Mapped "{[/measures/historical],methods=[POST],params=[],headers=[],consumes=[],produces=[],custom=[]}" onto public java.util.Map<org.komea.product.database.model.Kpi, java.util.Map<java.lang.String, java.util.List<org.komea.product.database.model.Measure>>> org.komea.product.web.rest.api.MeasuresController.historicalMeasures(org.komea.product.database.dto.SearchHistoricalMeasuresDto)
73152 [qtp799919495-16] INFO  o.s.w.s.m.m.a.RequestMappingHandlerMapping - Mapped "{[/measures/last],methods=[POST],params=[],headers=[],consumes=[],produces=[],custom=[]}" onto public java.util.Map<org.komea.product.database.model.Kpi, java.util.Map<java.lang.String, org.komea.product.database.model.Measure>> org.komea.product.web.rest.api.MeasuresController.lastMeasures(org.komea.product.database.dto.SearchLastMeasuresDto)
73153 [qtp799919495-16] INFO  o.s.w.s.m.m.a.RequestMappingHandlerMapping - Mapped "{[/measures/last/{kpiKey}/{entityKey}],methods=[GET],params=[],headers=[],consumes=[],produces=[],custom=[]}" onto public double org.komea.product.web.rest.api.MeasuresController.lastMeasuresForEntity(java.lang.String,java.lang.String)
73154 [qtp799919495-16] INFO  o.s.w.s.m.m.a.RequestMappingHandlerMapping - Mapped "{[/providers/register],methods=[POST],params=[],headers=[],consumes=[],produces=[],custom=[]}" onto public void org.komea.product.web.rest.api.ProvidersController.registerProvider(org.komea.product.database.dto.ProviderDto)
73155 [qtp799919495-16] INFO  o.s.w.s.m.m.a.RequestMappingHandlerMapping - Mapped "{[/teams/all],methods=[GET],params=[],headers=[],consumes=[],produces=[],custom=[]}" onto public java.util.List<org.komea.product.database.model.PersonGroup> org.komea.product.web.rest.api.TeamsController.allTeams()
73156 [qtp799919495-16] INFO  o.s.w.s.m.m.a.RequestMappingHandlerMapping - Mapped "{[/persons/all],methods=[GET],params=[],headers=[],consumes=[],produces=[],custom=[]}" onto public java.util.List<org.komea.product.database.model.Person> org.komea.product.web.rest.api.PersonsController.allPersons()
73158 [qtp799919495-16] INFO  o.s.w.s.m.m.a.RequestMappingHandlerMapping - Mapped "{[/events/get/{severityMin}/{number}],methods=[GET],params=[],headers=[],consumes=[],produces=[],custom=[]}" onto public java.util.List<org.komea.product.database.dto.EventDto> org.komea.product.web.rest.api.EventsController.getEvents(java.lang.String,int)
73159 [qtp799919495-16] INFO  o.s.w.s.m.m.a.RequestMappingHandlerMapping - Mapped "{[/events/find],methods=[POST],params=[],headers=[],consumes=[],produces=[],custom=[]}" onto public java.util.List<org.komea.product.database.dto.EventDto> org.komea.product.web.rest.api.EventsController.findEvents(org.komea.product.database.dto.SearchEventsDto)
73159 [qtp799919495-16] INFO  o.s.w.s.m.m.a.RequestMappingHandlerMapping - Mapped "{[/events/push],methods=[POST],params=[],headers=[],consumes=[],produces=[],custom=[]}" onto public void org.komea.product.web.rest.api.EventsController.pushEvent(org.komea.product.database.dto.EventDto)
73160 [qtp799919495-16] INFO  o.s.w.s.m.m.a.RequestMappingHandlerMapping - Mapped "{[/kpis/all],methods=[GET],params=[],headers=[],consumes=[],produces=[],custom=[]}" onto public java.util.List<org.komea.product.database.model.Kpi> org.komea.product.web.rest.api.KpisController.allKpis()
73325 [qtp799919495-16] INFO  o.s.web.servlet.DispatcherServlet - FrameworkServlet 'rest': initialization completed in 294 ms
89614 [Thread-1] INFO  o.s.w.c.s.XmlWebApplicationContext - Closing WebApplicationContext for namespace 'rest-servlet': startup date [Thu Jan 16 14:19:35 CET 2014]; parent: Root WebApplicationContext
89616 [Thread-1] INFO  o.s.b.f.s.DefaultListableBeanFactory - Destroying singletons in org.springframework.beans.factory.support.DefaultListableBeanFactory@73c6e165: defining beans [mvcContentNegotiationManager,org.springframework.web.servlet.mvc.method.annotation.RequestMappingHandlerMapping#0,org.springframework.format.support.FormattingConversionServiceFactoryBean#0,org.springframework.validation.beanvalidation.LocalValidatorFactoryBean#0,org.springframework.web.servlet.mvc.method.annotation.RequestMappingHandlerAdapter#0,org.springframework.web.servlet.handler.MappedInterceptor#0,org.springframework.web.servlet.mvc.method.annotation.ExceptionHandlerExceptionResolver#0,org.springframework.web.servlet.mvc.annotation.ResponseStatusExceptionResolver#0,org.springframework.web.servlet.mvc.support.DefaultHandlerExceptionResolver#0,org.springframework.web.servlet.handler.BeanNameUrlHandlerMapping,org.springframework.web.servlet.mvc.HttpRequestHandlerAdapter,org.springframework.web.servlet.mvc.SimpleControllerHandlerAdapter,alertController,localResourceTransferController,projectsController,departmentController,alertTypeController,measuresController,providersController,teamsController,personsController,eventsController,kpisController,org.springframework.context.annotation.internalConfigurationAnnotationProcessor,org.springframework.context.annotation.internalAutowiredAnnotationProcessor,org.springframework.context.annotation.internalRequiredAnnotationProcessor,org.springframework.context.annotation.internalCommonAnnotationProcessor,org.springframework.web.servlet.handler.SimpleMappingExceptionResolver#0,org.springframework.context.annotation.ConfigurationClassPostProcessor.importAwareProcessor]; parent: org.springframework.beans.factory.support.DefaultListableBeanFactory@386bfb17
89625 [Thread-1] INFO  o.s.w.c.s.XmlWebApplicationContext - Closing WebApplicationContext for namespace 'dispatcher-servlet': startup date [Thu Jan 16 14:19:24 CET 2014]; parent: Root WebApplicationContext
89626 [Thread-1] INFO  o.s.b.f.s.DefaultListableBeanFactory - Destroying singletons in org.springframework.beans.factory.support.DefaultListableBeanFactory@550864f1: defining beans [messageSource,templateResolver,templateEngine,org.thymeleaf.spring3.view.ThymeleafViewResolver#0,mvcContentNegotiationManager,org.springframework.web.servlet.mvc.method.annotation.RequestMappingHandlerMapping#0,org.springframework.format.support.FormattingConversionServiceFactoryBean#0,org.springframework.validation.beanvalidation.LocalValidatorFactoryBean#0,org.springframework.web.servlet.mvc.method.annotation.RequestMappingHandlerAdapter#0,org.springframework.web.servlet.handler.MappedInterceptor#0,org.springframework.web.servlet.mvc.method.annotation.ExceptionHandlerExceptionResolver#0,org.springframework.web.servlet.mvc.annotation.ResponseStatusExceptionResolver#0,org.springframework.web.servlet.mvc.support.DefaultHandlerExceptionResolver#0,org.springframework.web.servlet.handler.BeanNameUrlHandlerMapping,org.springframework.web.servlet.mvc.HttpRequestHandlerAdapter,org.springframework.web.servlet.mvc.SimpleControllerHandlerAdapter,indexView,authView,alertAPIView,org.springframework.context.annotation.internalConfigurationAnnotationProcessor,org.springframework.context.annotation.internalAutowiredAnnotationProcessor,org.springframework.context.annotation.internalRequiredAnnotationProcessor,org.springframework.context.annotation.internalCommonAnnotationProcessor,org.springframework.web.servlet.handler.SimpleMappingExceptionResolver#0,org.springframework.context.annotation.ConfigurationClassPostProcessor.importAwareProcessor]; parent: org.springframework.beans.factory.support.DefaultListableBeanFactory@386bfb17
89633 [Thread-1] INFO  o.s.w.c.s.XmlWebApplicationContext - Closing Root WebApplicationContext: startup date [Thu Jan 16 14:18:23 CET 2014]; root of context hierarchy
89634 [Thread-1] INFO  o.s.b.f.s.DefaultListableBeanFactory - Destroying singletons in org.springframework.beans.factory.support.DefaultListableBeanFactory@386bfb17: defining beans [org.springframework.context.support.PropertySourcesPlaceholderConfigurer#0,dataSource,sqlSessionFactory,transactionManager,org.mybatis.spring.MyBatisExceptionTranslator#0,org.springframework.dao.annotation.PersistenceExceptionTranslationPostProcessor#0,org.springframework.aop.config.internalAutoProxyCreator,org.springframework.transaction.annotation.AnnotationTransactionAttributeSource#0,org.springframework.transaction.interceptor.TransactionInterceptor#0,org.springframework.transaction.config.internalTransactionAdvisor,kpiAlertTypeMapper,projectMapper,providerMapper,kpiMapper,providerSettingMapper,hasProjectPersonMapper,linkMapper,personGroupMapper,eventTypeMapper,measureMapper,personMapper,hasPersonKpiAlertTypeMapper,tagMapper,settingMapper,personRoleMapper,hasProjectKpiAlertTypeMapper,hasProjectTagMapper,customerMapper,groupKindMapper,hasPersonGroupKpiAlertTypeMapper,hasProjectPersonGroupMapper,org.springframework.context.annotation.internalConfigurationAnnotationProcessor,org.springframework.context.annotation.internalAutowiredAnnotationProcessor,org.springframework.context.annotation.internalRequiredAnnotationProcessor,org.springframework.context.annotation.internalCommonAnnotationProcessor,org.springframework.jdbc.datasource.init.DataSourceInitializer#0,validator,org.springframework.validation.beanvalidation.MethodValidationPostProcessor#0,org.springframework.security.filterChains,org.springframework.security.filterChainProxy,org.springframework.security.web.PortMapperImpl#0,org.springframework.security.web.PortResolverImpl#0,org.springframework.security.config.authentication.AuthenticationManagerFactoryBean#0,org.springframework.security.authentication.ProviderManager#0,org.springframework.security.web.context.HttpSessionSecurityContextRepository#0,org.springframework.security.web.authentication.session.CompositeSessionAuthenticationStrategy#0,org.springframework.security.web.savedrequest.HttpSessionRequestCache#0,org.springframework.security.web.access.expression.DefaultWebSecurityExpressionHandler#0,org.springframework.security.access.vote.AffirmativeBased#0,org.springframework.security.web.access.intercept.FilterSecurityInterceptor#0,org.springframework.security.web.access.DefaultWebInvocationPrivilegeEvaluator#0,org.springframework.security.authentication.AnonymousAuthenticationProvider#0,org.springframework.security.web.authentication.www.BasicAuthenticationEntryPoint#0,org.springframework.security.web.authentication.UsernamePasswordAuthenticationFilter#0,org.springframework.security.userDetailsServiceFactory,org.springframework.security.web.DefaultSecurityFilterChain#0,org.springframework.security.provisioning.InMemoryUserDetailsManager#0,org.springframework.security.authentication.dao.DaoAuthenticationProvider#0,org.springframework.security.authentication.DefaultAuthenticationEventPublisher#0,org.springframework.security.authenticationManager,org.springframework.cache.annotation.AnnotationCacheOperationSource#0,org.springframework.cache.interceptor.CacheInterceptor#0,org.springframework.cache.config.internalCacheAdvisor,org.springframework.context.annotation.internalAsyncAnnotationProcessor,org.springframework.context.annotation.internalScheduledAnnotationProcessor,cacheManager,pluginIntegrationService,esperAlertSnapshotService,esperEngineBean,alertValidationBean,esperQueryServiceBean,esperXmlImportationBean,eventTypeService,settingService,providerAPIService,org.springframework.context.annotation.ConfigurationClassPostProcessor.importAwareProcessor]; root of factory hierarchy
