#
# A fatal error has been detected by the Java Runtime Environment:
#
#  SIGBUS (0x7) at pc=0x00007ff356a33982, pid=32651, tid=140682688153344
#
# JRE version: Java(TM) SE Runtime Environment (7.0_45-b18) (build 1.7.0_45-b18)
# Java VM: Java HotSpot(TM) 64-Bit Server VM (24.45-b08 mixed mode linux-amd64 compressed oops)
# Problematic frame:
# C  [libzip.so+0x4982]  newEntry+0x62
#
# Failed to write core dump. Core dumps have been disabled. To enable core dumping, try "ulimit -c unlimited" before starting Java again
#
# If you would like to submit a bug report, please visit:
#   http://bugreport.sun.com/bugreport/crash.jsp
# The crash happened outside the Java Virtual Machine in native code.
# See problematic frame for where to report the bug.
#

---------------  T H R E A D  ---------------

Current thread (0x00007ff2a4003800):  JavaThread "ModificationWatcher Task" daemon [_thread_in_native, id=32699, stack(0x00007ff33d974000,0x00007ff33da75000)]

siginfo:si_signo=SIGBUS: si_errno=0, si_code=2 (BUS_ADRERR), si_addr=0x00007ff33f5c915a

Registers:
RAX=0x00007ff2a8000dc0, RBX=0x00007ff3508dba00, RCX=0x00007ff2a8000020, RDX=0x00007ff2a8000dc0
RSP=0x00007ff33da73090, RBP=0x00007ff33da730e0, RSI=0x0000000000000028, RDI=0x0000000000000002
R8 =0x00000000000004d0, R9 =0x00000000000003ff, R10=0x00007ff34d06bcf8, R11=0x00007ff358d985d0
R12=0x00007ff33f5c913d, R13=0x00007ff2a8000dc0, R14=0x0000000004ecbad2, R15=0x00007ff3508db1e0
RIP=0x00007ff356a33982, EFLAGS=0x0000000000010202, CSGSFS=0x0000000000000033, ERR=0x0000000000000004
  TRAPNO=0x000000000000000e

Top of Stack: (sp=0x00007ff33da73090)
0x00007ff33da73090:   000000077e600c70 00007ff200000000
0x00007ff33da730a0:   00007ff33da73120 00007ff35859c2ac
0x00007ff33da730b0:   00007ff2a8000dc0 00007ff3508dba00
0x00007ff33da730c0:   00007ff3508db1e0 00007ff2a40178a0
0x00007ff33da730d0:   0000000004ecbad2 00007ff33da73140
0x00007ff33da730e0:   00007ff33da73120 00007ff356a340b0
0x00007ff33da730f0:   000000273da73120 00007ff33da73140
0x00007ff33da73100:   0000000000000027 00007ff2a40039e8
0x00007ff33da73110:   00007ff33da73140 00007ff33da73598
0x00007ff33da73120:   00007ff33da73580 00007ff356a32eed
0x00007ff33da73130:   01007ff2a4003800 00007ff3508db1e0
0x00007ff33da73140:   656d6f6b2f67726f 6375646f72702f61
0x00007ff33da73150:   74656b6369772f74 61506e69676f4c2f
0x00007ff33da73160:   006c6d74682e6567 000000077e60ade8
0x00007ff33da73170:   00007ff33da731f0 00007ff3583759f3
0x00007ff33da73180:   00007ff33da731a8 00007ff33da731f0
0x00007ff33da73190:   00007ff34d006058 00000007e1f0e130
0x00007ff33da731a0:   00000007e1f0e110 00000007e1f0e0f8
0x00007ff33da731b0:   00007ff2a4003800 0000000000000000
0x00007ff33da731c0:   00000007e1f0e260 00000007e1f0e260
0x00007ff33da731d0:   ffffffffffffffff 0000000000000004
0x00007ff33da731e0:   00007ff2a4003800 00007ff2fc4c76b0
0x00007ff33da731f0:   00007ff33da73250 00007ff35837a9fe
0x00007ff33da73200:   00000007e1f0e0f8 0000000700000001
0x00007ff33da73210:   0000000000000001 000000043da73218
0x00007ff33da73220:   00007ff33da73250 00007ff2a40052a0
0x00007ff33da73230:   00007ff2a4003800 000000077e880c00
0x00007ff33da73240:   00007ff2a40052a0 00007ff2a4003800
0x00007ff33da73250:   00007ff33da732b0 00007ff3583b5fa4
0x00007ff33da73260:   00007ff2a4003800 00000007e1f0e170
0x00007ff33da73270:   00007ff2a4003800 00007ff33da73278
0x00007ff33da73280:   000000077e876e82 00000000000000bd 

Instructions: (pc=0x00007ff356a33982)
0x00007ff356a33962:   00 48 c7 40 28 00 00 00 00 41 80 7f 30 00 0f 84
0x00007ff356a33972:   8a 02 00 00 4c 8b 63 08 4d 2b 67 28 4d 03 67 18
0x00007ff356a33982:   41 0f b6 5c 24 1d 41 0f b6 44 24 1c c1 e3 08 09
0x00007ff356a33992:   c3 41 0f b6 44 24 1e 88 45 bd 41 0f b6 54 24 20 

Register to memory mapping:

RAX=0x00007ff2a8000dc0 is an unknown value
RBX=0x00007ff3508dba00 is an unknown value
RCX=0x00007ff2a8000020 is an unknown value
RDX=0x00007ff2a8000dc0 is an unknown value
RSP=0x00007ff33da73090 is pointing into the stack for thread: 0x00007ff2a4003800
RBP=0x00007ff33da730e0 is pointing into the stack for thread: 0x00007ff2a4003800
RSI=0x0000000000000028 is an unknown value
RDI=0x0000000000000002 is an unknown value
R8 =0x00000000000004d0 is an unknown value
R9 =0x00000000000003ff is an unknown value
R10=0x00007ff34d06bcf8 is at entry_point+88 in (nmethod*)0x00007ff34d06bb10
R11=0x00007ff358d985d0: <offset 0x16c5d0> in /lib/x86_64-linux-gnu/libc.so.6 at 0x00007ff358c2c000
R12=0x00007ff33f5c913d is an unknown value
R13=0x00007ff2a8000dc0 is an unknown value
R14=0x0000000004ecbad2 is an unknown value
R15=0x00007ff3508db1e0 is an unknown value


Stack: [0x00007ff33d974000,0x00007ff33da75000],  sp=0x00007ff33da73090,  free space=1020k
Native frames: (J=compiled Java code, j=interpreted, Vv=VM code, C=native code)
C  [libzip.so+0x4982]  newEntry+0x62
C  [libzip.so+0x50b0]  ZIP_GetEntry+0xd0
C  [libzip.so+0x3eed]  Java_java_util_zip_ZipFile_getEntry+0xad
J  java.util.zip.ZipFile.getEntry(J[BZ)J

Java frames: (J=compiled Java code, j=interpreted, Vv=VM code)
J  java.util.zip.ZipFile.getEntry(J[BZ)J
J  java.util.jar.JarFile.getEntry(Ljava/lang/String;)Ljava/util/zip/ZipEntry;
j  sun.net.www.protocol.jar.URLJarFile.getEntry(Ljava/lang/String;)Ljava/util/zip/ZipEntry;+2
j  sun.net.www.protocol.jar.JarURLConnection.connect()V+62
j  sun.net.www.protocol.jar.JarURLConnection.getContentLengthLong()J+5
j  sun.net.www.protocol.jar.JarURLConnection.getContentLength()I+1
j  org.apache.wicket.core.util.resource.UrlResourceStream.updateContentLength()V+20
j  org.apache.wicket.core.util.resource.UrlResourceStream.lastModifiedTime()Lorg/apache/wicket/util/time/Time;+25
j  org.apache.wicket.markup.MarkupResourceStream.lastModifiedTime()Lorg/apache/wicket/util/time/Time;+4
j  org.apache.wicket.util.watch.ModificationWatcher.checkModified()V+36
j  org.apache.wicket.util.watch.ModificationWatcher$1.run(Lorg/slf4j/Logger;)V+4
j  org.apache.wicket.util.thread.Task$1.run()V+67
j  java.lang.Thread.run()V+11
v  ~StubRoutines::call_stub

---------------  P R O C E S S  ---------------

Java Threads: ( => current thread )
=>0x00007ff2a4003800 JavaThread "ModificationWatcher Task" daemon [_thread_in_native, id=32699, stack(0x00007ff33d974000,0x00007ff33da75000)]
  0x00007ff2b8002800 JavaThread "http-8080-2" daemon [_thread_blocked, id=32698, stack(0x00007ff33da75000,0x00007ff33db76000)]
  0x00007ff2ac051000 JavaThread "Wicket-PageSavingThread" daemon [_thread_blocked, id=32697, stack(0x00007ff33db76000,0x00007ff33dc77000)]
  0x00007ff2b8001000 JavaThread "http-8080-1" daemon [_thread_blocked, id=32692, stack(0x00007ff33dc77000,0x00007ff33dd78000)]
  0x00007ff3514a0800 JavaThread "http-8080-Acceptor-0" daemon [_thread_in_native, id=32689, stack(0x00007ff33dd78000,0x00007ff33de79000)]
  0x00007ff350c9f800 JavaThread "ContainerBackgroundProcessor[StandardEngine[localEngine]]" daemon [_thread_blocked, id=32688, stack(0x00007ff33de79000,0x00007ff33df7a000)]
  0x00007ff3516b3000 JavaThread "Timer-0" daemon [_thread_blocked, id=32687, stack(0x00007ff33e59a000,0x00007ff33e69b000)]
  0x00007ff3516ae000 JavaThread "DefaultQuartzScheduler_QuartzSchedulerThread" [_thread_blocked, id=32686, stack(0x00007ff33e69b000,0x00007ff33e79c000)]
  0x00007ff3516aa000 JavaThread "DefaultQuartzScheduler_Worker-10" [_thread_blocked, id=32685, stack(0x00007ff33e79c000,0x00007ff33e89d000)]
  0x00007ff3516a8000 JavaThread "DefaultQuartzScheduler_Worker-9" [_thread_blocked, id=32684, stack(0x00007ff33e89d000,0x00007ff33e99e000)]
  0x00007ff351697800 JavaThread "DefaultQuartzScheduler_Worker-8" [_thread_blocked, id=32683, stack(0x00007ff33e99e000,0x00007ff33ea9f000)]
  0x00007ff351695800 JavaThread "DefaultQuartzScheduler_Worker-7" [_thread_blocked, id=32682, stack(0x00007ff33ea9f000,0x00007ff33eba0000)]
  0x00007ff351693000 JavaThread "DefaultQuartzScheduler_Worker-6" [_thread_blocked, id=32681, stack(0x00007ff33eba0000,0x00007ff33eca1000)]
  0x00007ff351691000 JavaThread "DefaultQuartzScheduler_Worker-5" [_thread_blocked, id=32680, stack(0x00007ff33eca1000,0x00007ff33eda2000)]
  0x00007ff35168f000 JavaThread "DefaultQuartzScheduler_Worker-4" [_thread_blocked, id=32679, stack(0x00007ff33eda2000,0x00007ff33eea3000)]
  0x00007ff35168d000 JavaThread "DefaultQuartzScheduler_Worker-3" [_thread_blocked, id=32678, stack(0x00007ff33eea3000,0x00007ff33efa4000)]
  0x00007ff35168b800 JavaThread "DefaultQuartzScheduler_Worker-2" [_thread_blocked, id=32677, stack(0x00007ff33f155000,0x00007ff33f256000)]
  0x00007ff351687800 JavaThread "DefaultQuartzScheduler_Worker-1" [_thread_blocked, id=32676, stack(0x00007ff33f256000,0x00007ff33f357000)]
  0x00007ff3511a5000 JavaThread "Abandoned connection cleanup thread" daemon [_thread_blocked, id=32674, stack(0x00007ff33efa4000,0x00007ff33f0a5000)]
  0x00007ff35009f000 JavaThread "Service Thread" daemon [_thread_blocked, id=32671, stack(0x00007ff33fdfe000,0x00007ff33feff000)]
  0x00007ff35009d000 JavaThread "C2 CompilerThread1" daemon [_thread_blocked, id=32670, stack(0x00007ff33feff000,0x00007ff340000000)]
  0x00007ff35009a000 JavaThread "C2 CompilerThread0" daemon [_thread_blocked, id=32669, stack(0x00007ff34c069000,0x00007ff34c16a000)]
  0x00007ff35008f800 JavaThread "Signal Dispatcher" daemon [_thread_blocked, id=32668, stack(0x00007ff34c16a000,0x00007ff34c26b000)]
  0x00007ff350078800 JavaThread "Finalizer" daemon [_thread_blocked, id=32667, stack(0x00007ff34c3f4000,0x00007ff34c4f5000)]
  0x00007ff350074800 JavaThread "Reference Handler" daemon [_thread_blocked, id=32666, stack(0x00007ff34c4f5000,0x00007ff34c5f6000)]
  0x00007ff35000a000 JavaThread "main" [_thread_blocked, id=32656, stack(0x00007ff359708000,0x00007ff359809000)]

Other Threads:
  0x00007ff350072000 VMThread [stack: 0x00007ff34c5f6000,0x00007ff34c6f7000] [id=32665]
  0x00007ff3500aa000 WatcherThread [stack: 0x00007ff33fcfd000,0x00007ff33fdfe000] [id=32672]

VM state:not at safepoint (normal execution)

VM Mutex/Monitor currently owned by a thread: None

Heap
 PSYoungGen      total 532992K, used 245603K [0x00000007d6800000, 0x00000007f8a00000, 0x0000000800000000)
  eden space 509952K, 44% used [0x00000007d6800000,0x00000007e4644da8,0x00000007f5a00000)
  from space 23040K, 78% used [0x00000007f7180000,0x00000007f8313ee0,0x00000007f8800000)
  to   space 24064K, 0% used [0x00000007f5a00000,0x00000007f5a00000,0x00000007f7180000)
 ParOldGen       total 84992K, used 24423K [0x0000000783800000, 0x0000000788b00000, 0x00000007d6800000)
  object space 84992K, 28% used [0x0000000783800000,0x0000000784fd9c10,0x0000000788b00000)
 PSPermGen       total 48640K, used 48214K [0x000000077e600000, 0x0000000781580000, 0x0000000783800000)
  object space 48640K, 99% used [0x000000077e600000,0x0000000781515930,0x0000000781580000)

Card table byte_map: [0x00007ff356621000,0x00007ff356a2f000] byte_map_base: 0x00007ff352a2e000

Polling page: 0x00007ff359829000

Code Cache  [0x00007ff34d000000, 0x00007ff34d4c0000, 0x00007ff350000000)
 total_blobs=1657 nmethods=1272 adapters=338 free_code_cache=44713Kb largest_free_block=45362304

Compilation events (10 events):
Event: 14,035 Thread 0x00007ff35009d000 1399 %           java.io.ObjectOutputStream$BlockDataOutputStream::getUTFLength @ 47 (124 bytes)
Event: 14,037 Thread 0x00007ff35009a000 1400             java.io.ObjectOutputStream$BlockDataOutputStream::writeBytes (144 bytes)
Event: 14,039 Thread 0x00007ff35009d000 nmethod 1399% 0x00007ff34d2093d0 code [0x00007ff34d209540, 0x00007ff34d2097c8]
Event: 14,039 Thread 0x00007ff35009d000 1401             java.io.ObjectOutputStream$BlockDataOutputStream::getUTFLength (124 bytes)
Event: 14,045 Thread 0x00007ff35009d000 nmethod 1401 0x00007ff34d26a050 code [0x00007ff34d26a1a0, 0x00007ff34d26a5d8]
Event: 14,046 Thread 0x00007ff35009a000 nmethod 1400 0x00007ff34d3b1250 code [0x00007ff34d3b13c0, 0x00007ff34d3b1848]
Event: 19,774 Thread 0x00007ff35009d000 1402   !         org.apache.wicket.util.encoding.UrlDecoder::decode (331 bytes)
Event: 19,798 Thread 0x00007ff35009d000 nmethod 1402 0x00007ff34d1eb850 code [0x00007ff34d1ebac0, 0x00007ff34d1ec748]
Event: 20,774 Thread 0x00007ff35009a000 1403             java.util.concurrent.ConcurrentHashMap$HashIterator::advance (96 bytes)
Event: 20,779 Thread 0x00007ff35009a000 nmethod 1403 0x00007ff34d0c0b50 code [0x00007ff34d0c0ca0, 0x00007ff34d0c0e18]

GC Heap History (10 events):
Event: 2,379 GC heap before
{Heap before GC invocations=4 (full 0):
 PSYoungGen      total 69632K, used 69616K [0x00000007d6800000, 0x00000007df000000, 0x0000000800000000)
  eden space 64512K, 100% used [0x00000007d6800000,0x00000007da700000,0x00000007da700000)
  from space 5120K, 99% used [0x00000007da700000,0x00000007dabfc010,0x00000007dac00000)
  to   space 5120K, 0% used [0x00000007deb00000,0x00000007deb00000,0x00000007df000000)
 ParOldGen       total 84992K, used 7633K [0x0000000783800000, 0x0000000788b00000, 0x00000007d6800000)
  object space 84992K, 8% used [0x0000000783800000,0x0000000783f746b0,0x0000000788b00000)
 PSPermGen       total 21504K, used 13493K [0x000000077e600000, 0x000000077fb00000, 0x0000000783800000)
  object space 21504K, 62% used [0x000000077e600000,0x000000077f32d400,0x000000077fb00000)
Event: 2,401 GC heap after
Heap after GC invocations=4 (full 0):
 PSYoungGen      total 134144K, used 5104K [0x00000007d6800000, 0x00000007df000000, 0x0000000800000000)
  eden space 129024K, 0% used [0x00000007d6800000,0x00000007d6800000,0x00000007de600000)
  from space 5120K, 99% used [0x00000007deb00000,0x00000007deffc010,0x00000007df000000)
  to   space 5120K, 0% used [0x00000007de600000,0x00000007de600000,0x00000007deb00000)
 ParOldGen       total 84992K, used 10757K [0x0000000783800000, 0x0000000788b00000, 0x00000007d6800000)
  object space 84992K, 12% used [0x0000000783800000,0x0000000784281710,0x0000000788b00000)
 PSPermGen       total 21504K, used 13493K [0x000000077e600000, 0x000000077fb00000, 0x0000000783800000)
  object space 21504K, 62% used [0x000000077e600000,0x000000077f32d400,0x000000077fb00000)
}
Event: 4,872 GC heap before
{Heap before GC invocations=5 (full 0):
 PSYoungGen      total 134144K, used 134128K [0x00000007d6800000, 0x00000007df000000, 0x0000000800000000)
  eden space 129024K, 100% used [0x00000007d6800000,0x00000007de600000,0x00000007de600000)
  from space 5120K, 99% used [0x00000007deb00000,0x00000007deffc010,0x00000007df000000)
  to   space 5120K, 0% used [0x00000007de600000,0x00000007de600000,0x00000007deb00000)
 ParOldGen       total 84992K, used 10757K [0x0000000783800000, 0x0000000788b00000, 0x00000007d6800000)
  object space 84992K, 12% used [0x0000000783800000,0x0000000784281710,0x0000000788b00000)
 PSPermGen       total 21504K, used 19466K [0x000000077e600000, 0x000000077fb00000, 0x0000000783800000)
  object space 21504K, 90% used [0x000000077e600000,0x000000077f902af8,0x000000077fb00000)
Event: 4,886 GC heap after
Heap after GC invocations=5 (full 0):
 PSYoungGen      total 134144K, used 5094K [0x00000007d6800000, 0x00000007e8300000, 0x0000000800000000)
  eden space 129024K, 0% used [0x00000007d6800000,0x00000007d6800000,0x00000007de600000)
  from space 5120K, 99% used [0x00000007de600000,0x00000007deaf9a00,0x00000007deb00000)
  to   space 15872K, 0% used [0x00000007e7380000,0x00000007e7380000,0x00000007e8300000)
 ParOldGen       total 84992K, used 20616K [0x0000000783800000, 0x0000000788b00000, 0x00000007d6800000)
  object space 84992K, 24% used [0x0000000783800000,0x0000000784c22000,0x0000000788b00000)
 PSPermGen       total 21504K, used 19466K [0x000000077e600000, 0x000000077fb00000, 0x0000000783800000)
  object space 21504K, 90% used [0x000000077e600000,0x000000077f902af8,0x000000077fb00000)
}
Event: 5,915 GC heap before
{Heap before GC invocations=6 (full 0):
 PSYoungGen      total 134144K, used 134118K [0x00000007d6800000, 0x00000007e8300000, 0x0000000800000000)
  eden space 129024K, 100% used [0x00000007d6800000,0x00000007de600000,0x00000007de600000)
  from space 5120K, 99% used [0x00000007de600000,0x00000007deaf9a00,0x00000007deb00000)
  to   space 15872K, 0% used [0x00000007e7380000,0x00000007e7380000,0x00000007e8300000)
 ParOldGen       total 84992K, used 20616K [0x0000000783800000, 0x0000000788b00000, 0x00000007d6800000)
  object space 84992K, 24% used [0x0000000783800000,0x0000000784c22000,0x0000000788b00000)
 PSPermGen       total 28160K, used 27693K [0x000000077e600000, 0x0000000780180000, 0x0000000783800000)
  object space 28160K, 98% used [0x000000077e600000,0x000000078010b438,0x0000000780180000)
Event: 5,933 GC heap after
Heap after GC invocations=6 (full 0):
 PSYoungGen      total 271360K, used 15851K [0x00000007d6800000, 0x00000007e8800000, 0x0000000800000000)
  eden space 255488K, 0% used [0x00000007d6800000,0x00000007d6800000,0x00000007e6180000)
  from space 15872K, 99% used [0x00000007e7380000,0x00000007e82fafd0,0x00000007e8300000)
  to   space 18432K, 0% used [0x00000007e6180000,0x00000007e6180000,0x00000007e7380000)
 ParOldGen       total 84992K, used 21026K [0x0000000783800000, 0x0000000788b00000, 0x00000007d6800000)
  object space 84992K, 24% used [0x0000000783800000,0x0000000784c88988,0x0000000788b00000)
 PSPermGen       total 28160K, used 27693K [0x000000077e600000, 0x0000000780180000, 0x0000000783800000)
  object space 28160K, 98% used [0x000000077e600000,0x000000078010b438,0x0000000780180000)
}
Event: 7,455 GC heap before
{Heap before GC invocations=7 (full 0):
 PSYoungGen      total 271360K, used 271339K [0x00000007d6800000, 0x00000007e8800000, 0x0000000800000000)
  eden space 255488K, 100% used [0x00000007d6800000,0x00000007e6180000,0x00000007e6180000)
  from space 15872K, 99% used [0x00000007e7380000,0x00000007e82fafd0,0x00000007e8300000)
  to   space 18432K, 0% used [0x00000007e6180000,0x00000007e6180000,0x00000007e7380000)
 ParOldGen       total 84992K, used 21026K [0x0000000783800000, 0x0000000788b00000, 0x00000007d6800000)
  object space 84992K, 24% used [0x0000000783800000,0x0000000784c88988,0x0000000788b00000)
 PSPermGen       total 35840K, used 35772K [0x000000077e600000, 0x0000000780900000, 0x0000000783800000)
  object space 35840K, 99% used [0x000000077e600000,0x00000007808ef340,0x0000000780900000)
Event: 7,476 GC heap after
Heap after GC invocations=7 (full 0):
 PSYoungGen      total 273920K, used 18427K [0x00000007d6800000, 0x00000007f8800000, 0x0000000800000000)
  eden space 255488K, 0% used [0x00000007d6800000,0x00000007d6800000,0x00000007e6180000)
  from space 18432K, 99% used [0x00000007e6180000,0x00000007e737ef68,0x00000007e7380000)
  to   space 23040K, 0% used [0x00000007f7180000,0x00000007f7180000,0x00000007f8800000)
 ParOldGen       total 84992K, used 23455K [0x0000000783800000, 0x0000000788b00000, 0x00000007d6800000)
  object space 84992K, 27% used [0x0000000783800000,0x0000000784ee7c10,0x0000000788b00000)
 PSPermGen       total 35840K, used 35772K [0x000000077e600000, 0x0000000780900000, 0x0000000783800000)
  object space 35840K, 99% used [0x000000077e600000,0x00000007808ef340,0x0000000780900000)
}
Event: 9,137 GC heap before
{Heap before GC invocations=8 (full 0):
 PSYoungGen      total 273920K, used 273915K [0x00000007d6800000, 0x00000007f8800000, 0x0000000800000000)
  eden space 255488K, 100% used [0x00000007d6800000,0x00000007e6180000,0x00000007e6180000)
  from space 18432K, 99% used [0x00000007e6180000,0x00000007e737ef68,0x00000007e7380000)
  to   space 23040K, 0% used [0x00000007f7180000,0x00000007f7180000,0x00000007f8800000)
 ParOldGen       total 84992K, used 23455K [0x0000000783800000, 0x0000000788b00000, 0x00000007d6800000)
  object space 84992K, 27% used [0x0000000783800000,0x0000000784ee7c10,0x0000000788b00000)
 PSPermGen       total 39424K, used 39192K [0x000000077e600000, 0x0000000780c80000, 0x0000000783800000)
  object space 39424K, 99% used [0x000000077e600000,0x0000000780c460b8,0x0000000780c80000)
Event: 9,160 GC heap after
Heap after GC invocations=8 (full 0):
 PSYoungGen      total 532992K, used 17999K [0x00000007d6800000, 0x00000007f8a00000, 0x0000000800000000)
  eden space 509952K, 0% used [0x00000007d6800000,0x00000007d6800000,0x00000007f5a00000)
  from space 23040K, 78% used [0x00000007f7180000,0x00000007f8313ee0,0x00000007f8800000)
  to   space 24064K, 0% used [0x00000007f5a00000,0x00000007f5a00000,0x00000007f7180000)
 ParOldGen       total 84992K, used 24423K [0x0000000783800000, 0x0000000788b00000, 0x00000007d6800000)
  object space 84992K, 28% used [0x0000000783800000,0x0000000784fd9c10,0x0000000788b00000)
 PSPermGen       total 39424K, used 39192K [0x000000077e600000, 0x0000000780c80000, 0x0000000783800000)
  object space 39424K, 99% used [0x000000077e600000,0x0000000780c460b8,0x0000000780c80000)
}

Deoptimization events (10 events):
Event: 13,855 Thread 0x00007ff2b8001000 Uncommon trap: reason=bimorphic action=maybe_recompile pc=0x00007ff34d29c588 method=java.util.regex.Pattern$Branch.match(Ljava/util/regex/Matcher;ILjava/lang/CharSequence;)Z @ 50
Event: 13,855 Thread 0x00007ff2b8002800 Uncommon trap: reason=bimorphic action=maybe_recompile pc=0x00007ff34d29c588 method=java.util.regex.Pattern$Branch.match(Ljava/util/regex/Matcher;ILjava/lang/CharSequence;)Z @ 50
Event: 13,868 Thread 0x00007ff2b8002800 Uncommon trap: reason=unreached action=reinterpret pc=0x00007ff34d273d68 method=java.util.concurrent.locks.ReentrantLock$Sync.nonfairTryAcquire(I)Z @ 34
Event: 14,004 Thread 0x00007ff2b8001000 Uncommon trap: reason=class_check action=maybe_recompile pc=0x00007ff34d11c214 method=java.lang.AbstractStringBuilder.append(Ljava/lang/CharSequence;II)Ljava/lang/AbstractStringBuilder; @ 18
Event: 14,007 Thread 0x00007ff2b8001000 Uncommon trap: reason=bimorphic action=maybe_recompile pc=0x00007ff34d415050 method=java.lang.AbstractStringBuilder.append(Ljava/lang/CharSequence;II)Ljava/lang/AbstractStringBuilder; @ 18
Event: 14,007 Thread 0x00007ff2b8001000 Uncommon trap: reason=bimorphic action=maybe_recompile pc=0x00007ff34d415050 method=java.lang.AbstractStringBuilder.append(Ljava/lang/CharSequence;II)Ljava/lang/AbstractStringBuilder; @ 18
Event: 14,007 Thread 0x00007ff2b8001000 Uncommon trap: reason=bimorphic action=maybe_recompile pc=0x00007ff34d415050 method=java.lang.AbstractStringBuilder.append(Ljava/lang/CharSequence;II)Ljava/lang/AbstractStringBuilder; @ 18
Event: 14,007 Thread 0x00007ff2b8001000 Uncommon trap: reason=bimorphic action=maybe_recompile pc=0x00007ff34d415050 method=java.lang.AbstractStringBuilder.append(Ljava/lang/CharSequence;II)Ljava/lang/AbstractStringBuilder; @ 18
Event: 14,034 Thread 0x00007ff2b8001000 Uncommon trap: reason=unreached action=reinterpret pc=0x00007ff34d1ed44c method=java.util.concurrent.locks.AbstractQueuedSynchronizer.release(I)Z @ 14
Event: 14,044 Thread 0x00007ff2b8001000 Uncommon trap: reason=class_check action=maybe_recompile pc=0x00007ff34d1fe430 method=java.lang.Throwable.<init>(Ljava/lang/Throwable;)V @ 24

Internal exceptions (10 events):
Event: 14,033 Thread 0x00007ff2b8001000 Threw 0x00000007e3ac96b8 at /HUDSON/workspace/7u-2-build-linux-amd64/jdk7u45/229/hotspot/src/share/vm/prims/jvm.cpp:1244
Event: 14,033 Thread 0x00007ff2b8001000 Threw 0x00000007e3aca038 at /HUDSON/workspace/7u-2-build-linux-amd64/jdk7u45/229/hotspot/src/share/vm/prims/jvm.cpp:1244
Event: 14,034 Thread 0x00007ff2b8001000 Threw 0x00000007e3ad1f10 at /HUDSON/workspace/7u-2-build-linux-amd64/jdk7u45/229/hotspot/src/share/vm/prims/jvm.cpp:1244
Event: 14,034 Thread 0x00007ff2b8001000 Threw 0x00000007e3ad2860 at /HUDSON/workspace/7u-2-build-linux-amd64/jdk7u45/229/hotspot/src/share/vm/prims/jvm.cpp:1244
Event: 14,044 Thread 0x00007ff2b8001000 Threw 0x00000007e3b1aa80 at /HUDSON/workspace/7u-2-build-linux-amd64/jdk7u45/229/hotspot/src/share/vm/prims/jni.cpp:717
Event: 14,044 Thread 0x00007ff2b8001000 Threw 0x00000007e3b1b5e8 at /HUDSON/workspace/7u-2-build-linux-amd64/jdk7u45/229/hotspot/src/share/vm/prims/jni.cpp:717
Event: 14,044 Thread 0x00007ff2b8001000 Threw 0x00000007e3b1bb00 at /HUDSON/workspace/7u-2-build-linux-amd64/jdk7u45/229/hotspot/src/share/vm/prims/jni.cpp:717
Event: 14,044 Thread 0x00007ff2b8001000 Threw 0x00000007e3b1bcd0 at /HUDSON/workspace/7u-2-build-linux-amd64/jdk7u45/229/hotspot/src/share/vm/prims/jni.cpp:717
Event: 42,778 Thread 0x00007ff2a4003800 Threw 0x00000007e1f00c60 at /HUDSON/workspace/7u-2-build-linux-amd64/jdk7u45/229/hotspot/src/share/vm/prims/jvm.cpp:1244
Event: 42,778 Thread 0x00007ff2a4003800 Threw 0x00000007e1f01190 at /HUDSON/workspace/7u-2-build-linux-amd64/jdk7u45/229/hotspot/src/share/vm/prims/jvm.cpp:1244

Events (10 events):
Event: 20,910 loading class 0x00007ff3556c51a0
Event: 20,911 loading class 0x00007ff3556c51a0 done
Event: 20,911 loading class 0x00007ff3556c5170 done
Event: 25,911 Executing VM operation: RevokeBias
Event: 25,911 Executing VM operation: RevokeBias done
Event: 25,911 Executing VM operation: RevokeBias
Event: 25,911 Executing VM operation: RevokeBias done
Event: 25,912 Thread 0x00007ff2c0016800 Thread exited: 0x00007ff2c0016800
Event: 42,778 loading class 0x00007ff2ac056e70
Event: 42,778 loading class 0x00007ff2ac056e70 done


Dynamic libraries:
00400000-00401000 r-xp 00000000 08:03 29624824                           /home/rgalerme/logiciel/jdk/jdk1.7.0_45/bin/java
00600000-00601000 rw-p 00000000 08:03 29624824                           /home/rgalerme/logiciel/jdk/jdk1.7.0_45/bin/java
02047000-02068000 rw-p 00000000 00:00 0                                  [heap]
77e600000-781580000 rw-p 00000000 00:00 0 
781580000-783800000 rw-p 00000000 00:00 0 
783800000-788b00000 rw-p 00000000 00:00 0 
788b00000-7d6800000 rw-p 00000000 00:00 0 
7d6800000-7f8a00000 rw-p 00000000 00:00 0 
7f8a00000-800000000 rw-p 00000000 00:00 0 
7ff29c000000-7ff29c021000 rw-p 00000000 00:00 0 
7ff29c021000-7ff2a0000000 ---p 00000000 00:00 0 
7ff2a4000000-7ff2a4033000 rw-p 00000000 00:00 0 
7ff2a4033000-7ff2a8000000 ---p 00000000 00:00 0 
7ff2a8000000-7ff2a8021000 rw-p 00000000 00:00 0 
7ff2a8021000-7ff2ac000000 ---p 00000000 00:00 0 
7ff2ac000000-7ff2ac079000 rw-p 00000000 00:00 0 
7ff2ac079000-7ff2b0000000 ---p 00000000 00:00 0 
7ff2b0000000-7ff2b0021000 rw-p 00000000 00:00 0 
7ff2b0021000-7ff2b4000000 ---p 00000000 00:00 0 
7ff2b4000000-7ff2b4021000 rw-p 00000000 00:00 0 
7ff2b4021000-7ff2b8000000 ---p 00000000 00:00 0 
7ff2b8000000-7ff2b8021000 rw-p 00000000 00:00 0 
7ff2b8021000-7ff2bc000000 ---p 00000000 00:00 0 
7ff2bc000000-7ff2bc061000 rw-p 00000000 00:00 0 
7ff2bc061000-7ff2c0000000 ---p 00000000 00:00 0 
7ff2c0000000-7ff2c0039000 rw-p 00000000 00:00 0 
7ff2c0039000-7ff2c4000000 ---p 00000000 00:00 0 
7ff2c4000000-7ff2c4021000 rw-p 00000000 00:00 0 
7ff2c4021000-7ff2c8000000 ---p 00000000 00:00 0 
7ff2c8000000-7ff2c8021000 rw-p 00000000 00:00 0 
7ff2c8021000-7ff2cc000000 ---p 00000000 00:00 0 
7ff2cc000000-7ff2cc021000 rw-p 00000000 00:00 0 
7ff2cc021000-7ff2d0000000 ---p 00000000 00:00 0 
7ff2d0000000-7ff2d0021000 rw-p 00000000 00:00 0 
7ff2d0021000-7ff2d4000000 ---p 00000000 00:00 0 
7ff2d4000000-7ff2d4021000 rw-p 00000000 00:00 0 
7ff2d4021000-7ff2d8000000 ---p 00000000 00:00 0 
7ff2d8000000-7ff2d8021000 rw-p 00000000 00:00 0 
7ff2d8021000-7ff2dc000000 ---p 00000000 00:00 0 
7ff2dc000000-7ff2dc021000 rw-p 00000000 00:00 0 
7ff2dc021000-7ff2e0000000 ---p 00000000 00:00 0 
7ff2e0000000-7ff2e0021000 rw-p 00000000 00:00 0 
7ff2e0021000-7ff2e4000000 ---p 00000000 00:00 0 
7ff2e4000000-7ff2e4021000 rw-p 00000000 00:00 0 
7ff2e4021000-7ff2e8000000 ---p 00000000 00:00 0 
7ff2e8000000-7ff2e8021000 rw-p 00000000 00:00 0 
7ff2e8021000-7ff2ec000000 ---p 00000000 00:00 0 
7ff2ec000000-7ff2ec021000 rw-p 00000000 00:00 0 
7ff2ec021000-7ff2f0000000 ---p 00000000 00:00 0 
7ff2f0000000-7ff2f1ac4000 rw-p 00000000 00:00 0 
7ff2f1ac4000-7ff2f4000000 ---p 00000000 00:00 0 
7ff2f4000000-7ff2f4021000 rw-p 00000000 00:00 0 
7ff2f4021000-7ff2f8000000 ---p 00000000 00:00 0 
7ff2f8000000-7ff2f8021000 rw-p 00000000 00:00 0 
7ff2f8021000-7ff2fc000000 ---p 00000000 00:00 0 
7ff2fc000000-7ff2ffffd000 rw-p 00000000 00:00 0 
7ff2ffffd000-7ff300000000 ---p 00000000 00:00 0 
7ff300000000-7ff3025fa000 rw-p 00000000 00:00 0 
7ff3025fa000-7ff304000000 ---p 00000000 00:00 0 
7ff304000000-7ff304021000 rw-p 00000000 00:00 0 
7ff304021000-7ff308000000 ---p 00000000 00:00 0 
7ff308000000-7ff308021000 rw-p 00000000 00:00 0 
7ff308021000-7ff30c000000 ---p 00000000 00:00 0 
7ff30c000000-7ff30c021000 rw-p 00000000 00:00 0 
7ff30c021000-7ff310000000 ---p 00000000 00:00 0 
7ff313f30000-7ff318000000 rw-p 00000000 00:00 0 
7ff318000000-7ff318021000 rw-p 00000000 00:00 0 
7ff318021000-7ff31c000000 ---p 00000000 00:00 0 
7ff31c000000-7ff31c089000 rw-p 00000000 00:00 0 
7ff31c089000-7ff320000000 ---p 00000000 00:00 0 
7ff320000000-7ff320021000 rw-p 00000000 00:00 0 
7ff320021000-7ff324000000 ---p 00000000 00:00 0 
7ff328000000-7ff328021000 rw-p 00000000 00:00 0 
7ff328021000-7ff32c000000 ---p 00000000 00:00 0 
7ff330000000-7ff330021000 rw-p 00000000 00:00 0 
7ff330021000-7ff334000000 ---p 00000000 00:00 0 
7ff338000000-7ff338021000 rw-p 00000000 00:00 0 
7ff338021000-7ff33c000000 ---p 00000000 00:00 0 
7ff33d873000-7ff33d876000 ---p 00000000 00:00 0 
7ff33d876000-7ff33d974000 rw-p 00000000 00:00 0 
7ff33d974000-7ff33d977000 ---p 00000000 00:00 0 
7ff33d977000-7ff33da75000 rw-p 00000000 00:00 0                          [stack:32699]
7ff33da75000-7ff33da78000 ---p 00000000 00:00 0 
7ff33da78000-7ff33db76000 rw-p 00000000 00:00 0                          [stack:32698]
7ff33db76000-7ff33db79000 ---p 00000000 00:00 0 
7ff33db79000-7ff33dc77000 rw-p 00000000 00:00 0                          [stack:32697]
7ff33dc77000-7ff33dc7a000 ---p 00000000 00:00 0 
7ff33dc7a000-7ff33dd78000 rw-p 00000000 00:00 0                          [stack:32692]
7ff33dd78000-7ff33dd7b000 ---p 00000000 00:00 0 
7ff33dd7b000-7ff33de79000 rw-p 00000000 00:00 0                          [stack:32689]
7ff33de79000-7ff33de7c000 ---p 00000000 00:00 0 
7ff33de7c000-7ff33df7a000 rw-p 00000000 00:00 0                          [stack:32688]
7ff33df7a000-7ff33df8e000 r-xp 00000000 08:01 4467855                    /lib/x86_64-linux-gnu/libresolv-2.18.so
7ff33df8e000-7ff33e18d000 ---p 00014000 08:01 4467855                    /lib/x86_64-linux-gnu/libresolv-2.18.so
7ff33e18d000-7ff33e18e000 r--p 00013000 08:01 4467855                    /lib/x86_64-linux-gnu/libresolv-2.18.so
7ff33e18e000-7ff33e18f000 rw-p 00014000 08:01 4467855                    /lib/x86_64-linux-gnu/libresolv-2.18.so
7ff33e18f000-7ff33e191000 rw-p 00000000 00:00 0 
7ff33e191000-7ff33e196000 r-xp 00000000 08:01 4459546                    /lib/x86_64-linux-gnu/libnss_dns-2.18.so
7ff33e196000-7ff33e395000 ---p 00005000 08:01 4459546                    /lib/x86_64-linux-gnu/libnss_dns-2.18.so
7ff33e395000-7ff33e396000 r--p 00004000 08:01 4459546                    /lib/x86_64-linux-gnu/libnss_dns-2.18.so
7ff33e396000-7ff33e397000 rw-p 00005000 08:01 4459546                    /lib/x86_64-linux-gnu/libnss_dns-2.18.so
7ff33e397000-7ff33e399000 r-xp 00000000 08:01 4456565                    /lib/x86_64-linux-gnu/libnss_mdns4_minimal.so.2
7ff33e399000-7ff33e598000 ---p 00002000 08:01 4456565                    /lib/x86_64-linux-gnu/libnss_mdns4_minimal.so.2
7ff33e598000-7ff33e599000 r--p 00001000 08:01 4456565                    /lib/x86_64-linux-gnu/libnss_mdns4_minimal.so.2
7ff33e599000-7ff33e59a000 rw-p 00002000 08:01 4456565                    /lib/x86_64-linux-gnu/libnss_mdns4_minimal.so.2
7ff33e59a000-7ff33e59d000 ---p 00000000 00:00 0 
7ff33e59d000-7ff33e69b000 rw-p 00000000 00:00 0                          [stack:32687]
7ff33e69b000-7ff33e69e000 ---p 00000000 00:00 0 
7ff33e69e000-7ff33e79c000 rw-p 00000000 00:00 0                          [stack:32686]
7ff33e79c000-7ff33e79f000 ---p 00000000 00:00 0 
7ff33e79f000-7ff33e89d000 rw-p 00000000 00:00 0                          [stack:32685]
7ff33e89d000-7ff33e8a0000 ---p 00000000 00:00 0 
7ff33e8a0000-7ff33e99e000 rw-p 00000000 00:00 0                          [stack:32684]
7ff33e99e000-7ff33e9a1000 ---p 00000000 00:00 0 
7ff33e9a1000-7ff33ea9f000 rw-p 00000000 00:00 0                          [stack:32683]
7ff33ea9f000-7ff33eaa2000 ---p 00000000 00:00 0 
7ff33eaa2000-7ff33eba0000 rw-p 00000000 00:00 0                          [stack:32682]
7ff33eba0000-7ff33eba3000 ---p 00000000 00:00 0 
7ff33eba3000-7ff33eca1000 rw-p 00000000 00:00 0                          [stack:32681]
7ff33eca1000-7ff33eca4000 ---p 00000000 00:00 0 
7ff33eca4000-7ff33eda2000 rw-p 00000000 00:00 0                          [stack:32680]
7ff33eda2000-7ff33eda5000 ---p 00000000 00:00 0 
7ff33eda5000-7ff33eea3000 rw-p 00000000 00:00 0                          [stack:32679]
7ff33eea3000-7ff33eea6000 ---p 00000000 00:00 0 
7ff33eea6000-7ff33efa4000 rw-p 00000000 00:00 0                          [stack:32678]
7ff33efa4000-7ff33efa7000 ---p 00000000 00:00 0 
7ff33efa7000-7ff33f0a5000 rw-p 00000000 00:00 0                          [stack:32674]
7ff33f154000-7ff33f155000 rw-p 00000000 00:00 0 
7ff33f155000-7ff33f158000 ---p 00000000 00:00 0 
7ff33f158000-7ff33f256000 rw-p 00000000 00:00 0                          [stack:32677]
7ff33f256000-7ff33f259000 ---p 00000000 00:00 0 
7ff33f259000-7ff33f357000 rw-p 00000000 00:00 0                          [stack:32676]
7ff33f357000-7ff33f381000 r--s 001e9000 08:03 44173209                   /home/rgalerme/.m2/repository/com/google/guava/guava/15.0/guava-15.0.jar
7ff33f381000-7ff33f384000 r--s 00006000 08:03 32901342                   /home/rgalerme/.m2/repository/com/google/code/findbugs/jsr305/1.3.9/jsr305-1.3.9.jar
7ff33f384000-7ff33f391000 r--s 000bc000 08:03 33951215                   /home/rgalerme/.m2/repository/com/google/guava/guava-gwt/15.0/guava-gwt-15.0.jar
7ff33f391000-7ff33f397000 r--s 0004a000 08:03 52166940                   /home/rgalerme/.m2/repository/cglib/cglib-nodep/2.2.2/cglib-nodep-2.2.2.jar
7ff33f397000-7ff33f399000 r--s 00005000 08:03 32641970                   /home/rgalerme/.m2/repository/org/objenesis/objenesis/1.0/objenesis-1.0.jar
7ff33f399000-7ff33f3a0000 r--s 000ca000 08:03 30543654                   /home/rgalerme/.m2/repository/mysql/mysql-connector-java/5.1.26/mysql-connector-java-5.1.26.jar
7ff33f3a0000-7ff33f3ad000 r--s 0017c000 08:03 39066749                   /home/rgalerme/.m2/repository/com/h2database/h2/1.3.174/h2-1.3.174.jar
7ff33f3ad000-7ff33f3b2000 r--s 00016000 08:03 34867162                   /home/rgalerme/.m2/repository/xml-apis/xml-apis/1.0.b2/xml-apis-1.0.b2.jar
7ff33f3b2000-7ff33f3b4000 r--s 00007000 08:03 35400215                   /home/rgalerme/.m2/repository/org/apache/ws/commons/util/ws-commons-util/1.0.2/ws-commons-util-1.0.2.jar
7ff33f3b4000-7ff33f3b8000 r--s 00017000 08:03 35400222                   /home/rgalerme/.m2/repository/org/apache/xmlrpc/xmlrpc-common/3.1.3/xmlrpc-common-3.1.3.jar
7ff33f3b8000-7ff33f3bf000 r--s 0004f000 08:03 50597101                   /home/rgalerme/.m2/repository/commons-configuration/commons-configuration/1.7/commons-configuration-1.7.jar
7ff33f3bf000-7ff33f3c0000 r--s 00002000 08:03 32642082                   /home/rgalerme/.m2/repository/org/slf4j/slf4j-simple/1.7.5/slf4j-simple-1.7.5.jar
7ff33f3c0000-7ff33f3c3000 r--s 00016000 08:03 33560250                   /home/rgalerme/.m2/repository/br/eti/kinoshita/testlink-java-api/1.9.8-1/testlink-java-api-1.9.8-1.jar
7ff33f3c3000-7ff33f3c5000 r--s 00007000 08:03 50597295                   /home/rgalerme/.m2/repository/org/komea/plugins/komea-testlink-plugin/1.0.13-SNAPSHOT/komea-testlink-plugin-1.0.13-SNAPSHOT.jar
7ff33f3c5000-7ff33f3da000 r--s 000bf000 08:03 49286248                   /home/rgalerme/.m2/repository/org/springframework/spring-context/3.2.6.RELEASE/spring-context-3.2.6.RELEASE.jar
7ff33f3da000-7ff33f3e6000 r--s 0008a000 08:03 49154133                   /home/rgalerme/.m2/repository/org/springframework/spring-beans/3.2.6.RELEASE/spring-beans-3.2.6.RELEASE.jar
7ff33f3e6000-7ff33f3f1000 r--s 0004d000 08:03 49685206                   /home/rgalerme/.m2/repository/org/springframework/security/spring-security-core/3.2.0.RELEASE/spring-security-core-3.2.0.RELEASE.jar
7ff33f3f1000-7ff33f3f8000 r--s 00035000 08:03 52429663                   /home/rgalerme/.m2/repository/org/springframework/ldap/spring-ldap-core/1.3.2.RELEASE/spring-ldap-core-1.3.2.RELEASE.jar
7ff33f3f8000-7ff33f3fb000 r--s 00014000 08:03 52429662                   /home/rgalerme/.m2/repository/org/springframework/security/spring-security-ldap/3.2.0.RELEASE/spring-security-ldap-3.2.0.RELEASE.jar
7ff33f3fb000-7ff33f3fd000 r--s 00006000 08:03 52429863                   /home/rgalerme/.m2/repository/org/komea/plugins/komea-ldap-plugin/1.0.13-SNAPSHOT/komea-ldap-plugin-1.0.13-SNAPSHOT.jar
7ff33f3fd000-7ff33f400000 r--s 0000c000 08:03 35400214                   /home/rgalerme/.m2/repository/org/apache/xmlrpc/xmlrpc-client/3.1.3/xmlrpc-client-3.1.3.jar
7ff33f400000-7ff33f402000 r--s 0000a000 08:03 35400217                   /home/rgalerme/.m2/repository/com/j2bugzilla/j2bugzilla/2.2/j2bugzilla-2.2.jar
7ff33f402000-7ff33f405000 r--s 00008000 08:03 50597289                   /home/rgalerme/.m2/repository/org/komea/plugins/komea-bugzilla-plugin/1.0.13-SNAPSHOT/komea-bugzilla-plugin-1.0.13-SNAPSHOT.jar
7ff33f405000-7ff33f407000 r--s 00006000 08:03 53218014                   /home/rgalerme/.m2/repository/com/googlecode/java-diff-utils/diffutils/1.2.1/diffutils-1.2.1.jar
7ff33f407000-7ff33f409000 r--s 00009000 08:03 52429231                   /home/rgalerme/.m2/repository/org/komea/plugins/komea-scm-plugin/1.0.13-SNAPSHOT/komea-scm-plugin-1.0.13-SNAPSHOT.jar
7ff33f409000-7ff33f40e000 r--s 00028000 08:03 34737848                   /home/rgalerme/.m2/repository/org/apache/httpcomponents/httpcore/4.1.4/httpcore-4.1.4.jar
7ff33f40e000-7ff33f417000 r--s 0004e000 08:03 34343478                   /home/rgalerme/.m2/repository/org/apache/httpcomponents/httpclient/4.1.3/httpclient-4.1.3.jar
7ff33f417000-7ff33f41a000 r--s 0001c000 08:03 34213764                   /home/rgalerme/.m2/repository/com/googlecode/javaewah/JavaEWAH/0.7.9/JavaEWAH-0.7.9.jar
7ff33f41a000-7ff33f41e000 r--s 00034000 08:03 50594247                   /home/rgalerme/.m2/repository/com/jcraft/jsch/0.1.46/jsch-0.1.46.jar
7ff33f41e000-7ff33f43c000 r--s 001ac000 08:03 52429599                   /home/rgalerme/.m2/repository/org/eclipse/jgit/org.eclipse.jgit/3.3.0.201403021825-r/org.eclipse.jgit-3.3.0.201403021825-r.jar
7ff33f43c000-7ff33f43e000 r--s 00004000 08:03 50597257                   /home/rgalerme/.m2/repository/org/komea/plugins/komea-git-plugin/1.0.13-SNAPSHOT/komea-git-plugin-1.0.13-SNAPSHOT.jar
7ff33f43e000-7ff33f442000 r--s 00032000 08:03 50594322                   /home/rgalerme/.m2/repository/rome/rome/1.0/rome-1.0.jar
7ff33f442000-7ff33f444000 r--s 00005000 08:03 48237298                   /home/rgalerme/.m2/repository/commons-logging/commons-logging-api/1.0.4/commons-logging-api-1.0.4.jar
7ff33f444000-7ff33f446000 r--s 00006000 08:03 34343279                   /home/rgalerme/.m2/repository/commons-codec/commons-codec/1.2/commons-codec-1.2.jar
7ff33f446000-7ff33f44b000 r--s 00040000 08:03 50594324                   /home/rgalerme/.m2/repository/commons-httpclient/commons-httpclient/3.0.1/commons-httpclient-3.0.1.jar
7ff33f44b000-7ff33f44e000 r--s 00023000 08:03 35400390                   /home/rgalerme/.m2/repository/jdom/jdom/1.0/jdom-1.0.jar
7ff33f44e000-7ff33f450000 r--s 00006000 08:03 50594320                   /home/rgalerme/.m2/repository/rome/rome-fetcher/1.0/rome-fetcher-1.0.jar
7ff33f450000-7ff33f451000 r--s 00003000 08:03 50597251                   /home/rgalerme/.m2/repository/org/komea/plugins/komea-rss-plugin/1.0.13-SNAPSHOT/komea-rss-plugin-1.0.13-SNAPSHOT.jar
7ff33f451000-7ff33f453000 r--s 00009000 08:03 49286446                   /home/rgalerme/.m2/repository/org/komea/product/komea-standard-kpis/1.0.13-SNAPSHOT/komea-standard-kpis-1.0.13-SNAPSHOT.jar
7ff33f453000-7ff33f455000 r--s 00005000 08:03 32641223                   /home/rgalerme/.m2/repository/org/slf4j/slf4j-api/1.7.5/slf4j-api-1.7.5.jar
7ff33f455000-7ff33f463000 r--s 0007f000 08:03 32641196                   /home/rgalerme/.m2/repository/commons-collections/commons-collections/3.2.1/commons-collections-3.2.1.jar
7ff33f463000-7ff33f475000 r--s 000c3000 08:03 49154134                   /home/rgalerme/.m2/repository/org/springframework/spring-core/3.2.6.RELEASE/spring-core-3.2.6.RELEASE.jar
7ff33f475000-7ff33f47b000 r--s 00045000 08:03 31071360                   /home/rgalerme/.m2/repository/org/hamcrest/hamcrest-all/1.3/hamcrest-all-1.3.jar
7ff33f47b000-7ff33f48a000 r--s 0007f000 08:03 49945633                   /home/rgalerme/.m2/repository/joda-time/joda-time/2.3/joda-time-2.3.jar
7ff33f48a000-7ff33f48d000 r--s 00016000 08:03 49945631                   /home/rgalerme/.m2/repository/org/ocpsoft/prettytime/prettytime/3.2.1.Final/prettytime-3.2.1.Final.jar
7ff33f48d000-7ff33f493000 r--s 0003f000 08:03 49818088                   /home/rgalerme/.m2/repository/commons-net/commons-net/3.3/commons-net-3.3.jar
7ff33f493000-7ff33f497000 r--s 0002a000 08:03 32641952                   /home/rgalerme/.m2/repository/commons-io/commons-io/2.4/commons-io-2.4.jar
7ff33f497000-7ff33f49c000 r--s 00041000 08:03 32775171                   /home/rgalerme/.m2/repository/commons-lang/commons-lang/2.6/commons-lang-2.6.jar
7ff33f49c000-7ff33f49e000 r--s 00003000 08:03 41160018                   /home/rgalerme/.m2/repository/org/slf4j/jcl-over-slf4j/1.7.5/jcl-over-slf4j-1.7.5.jar
7ff33f49e000-7ff33f4a8000 r--s 0005d000 08:03 45090680                   /home/rgalerme/.m2/repository/ch/qos/logback/logback-core/1.0.13/logback-core-1.0.13.jar
7ff33f4a8000-7ff33f4ae000 r--s 0003b000 08:03 44828092                   /home/rgalerme/.m2/repository/ch/qos/logback/logback-classic/1.0.13/logback-classic-1.0.13.jar
7ff33f4ae000-7ff33f4b0000 r--s 00004000 08:03 40899604                   /home/rgalerme/.m2/repository/org/slf4j/log4j-over-slf4j/1.7.5/log4j-over-slf4j-1.7.5.jar
7ff33f4b0000-7ff33f4b4000 r--s 00035000 08:03 39849720                   /home/rgalerme/.m2/repository/org/codehaus/jackson/jackson-core-asl/1.9.13/jackson-core-asl-1.9.13.jar
7ff33f4b4000-7ff33f4c2000 r--s 000b1000 08:03 39455995                   /home/rgalerme/.m2/repository/org/codehaus/jackson/jackson-mapper-asl/1.9.13/jackson-mapper-asl-1.9.13.jar
7ff33f4c2000-7ff33f4c9000 r--s 0005b000 08:03 49818086                   /home/rgalerme/.m2/repository/org/springframework/security/spring-security-config/3.2.0.RELEASE/spring-security-config-3.2.0.RELEASE.jar
7ff33f4c9000-7ff33f4d3000 r--s 0004a000 08:03 49818084                   /home/rgalerme/.m2/repository/org/springframework/security/spring-security-web/3.2.0.RELEASE/spring-security-web-3.2.0.RELEASE.jar
7ff33f4d3000-7ff33f4d6000 r--s 00011000 08:03 49685204                   /home/rgalerme/.m2/repository/org/springframework/security/spring-security-acl/3.2.0.RELEASE/spring-security-acl-3.2.0.RELEASE.jar
7ff33f4d6000-7ff33f4d8000 r--s 00004000 08:03 49685202                   /home/rgalerme/.m2/repository/org/springframework/security/spring-security-taglibs/3.2.0.RELEASE/spring-security-taglibs-3.2.0.RELEASE.jar
7ff33f4d8000-7ff33f4e1000 r--s 00098000 08:03 42078790                   /home/rgalerme/.m2/repository/org/javassist/javassist/3.16.1-GA/javassist-3.16.1-GA.jar
7ff33f4e1000-7ff33f4e4000 r--s 00035000 08:03 49685208                   /home/rgalerme/.m2/repository/ognl/ognl/3.0.6/ognl-3.0.6.jar
7ff33f4e4000-7ff33f4f0000 r--s 000ad000 08:03 49546894                   /home/rgalerme/.m2/repository/org/thymeleaf/thymeleaf/2.1.0-m3/thymeleaf-2.1.0-m3.jar
7ff33f4f0000-7ff33f4f3000 r--s 00026000 08:03 49546890                   /home/rgalerme/.m2/repository/org/thymeleaf/thymeleaf-spring3/2.1.0-m3/thymeleaf-spring3-2.1.0-m3.jar
7ff33f4f3000-7ff33f4f4000 r--s 00006000 08:03 49546892                   /home/rgalerme/.m2/repository/org/thymeleaf/extras/thymeleaf-extras-springsecurity3/2.1.0-beta1/thymeleaf-extras-springsecurity3-2.1.0-beta1.jar
7ff33f4f4000-7ff33f4f7000 r--s 00010000 08:03 49415976                   /home/rgalerme/.m2/repository/org/springframework/spring-oxm/3.2.6.RELEASE/spring-oxm-3.2.6.RELEASE.jar
7ff33f4f7000-7ff33f4fc000 r--s 0002c000 08:03 49415975                   /home/rgalerme/.m2/repository/org/springframework/spring-expression/3.2.6.RELEASE/spring-expression-3.2.6.RELEASE.jar
7ff33f4fc000-7ff33f506000 r--s 0005a000 08:03 49415973                   /home/rgalerme/.m2/repository/org/springframework/spring-jdbc/3.2.6.RELEASE/spring-jdbc-3.2.6.RELEASE.jar
7ff33f506000-7ff33f50e000 r--s 0004a000 08:03 49286252                   /home/rgalerme/.m2/repository/org/springframework/spring-aop/3.2.6.RELEASE/spring-aop-3.2.6.RELEASE.jar
7ff33f50e000-7ff33f51a000 r--s 00090000 08:03 49286247                   /home/rgalerme/.m2/repository/org/springframework/spring-webmvc/3.2.6.RELEASE/spring-webmvc-3.2.6.RELEASE.jar
7ff33f51a000-7ff33f529000 r--s 0008b000 08:03 49286254                   /home/rgalerme/.m2/repository/org/springframework/spring-web/3.2.6.RELEASE/spring-web-3.2.6.RELEASE.jar
7ff33f529000-7ff33f52b000 r--s 00000000 08:03 49154132                   /home/rgalerme/.m2/repository/aopalliance/aopalliance/1.0/aopalliance-1.0.jar
7ff33f52b000-7ff33f533000 r--s 00034000 08:03 49154136                   /home/rgalerme/.m2/repository/org/springframework/spring-tx/3.2.6.RELEASE/spring-tx-3.2.6.RELEASE.jar
7ff33f533000-7ff33f535000 r--s 0000d000 08:03 32775846                   /home/rgalerme/.m2/repository/commons-logging/commons-logging/1.1.1/commons-logging-1.1.1.jar
7ff33f535000-7ff33f539000 r--s 00020000 08:03 34867855                   /home/rgalerme/.m2/repository/commons-digester/commons-digester/1.8/commons-digester-1.8.jar
7ff33f539000-7ff33f53e000 r--s 00034000 08:03 50595999                   /home/rgalerme/.m2/repository/commons-beanutils/commons-beanutils/1.8.3/commons-beanutils-1.8.3.jar
7ff33f53e000-7ff33f542000 r--s 00028000 08:03 52429202                   /home/rgalerme/.m2/repository/commons-validator/commons-validator/1.4.0/commons-validator-1.4.0.jar
7ff33f542000-7ff33f544000 r--s 00004000 08:03 50078319                   /home/rgalerme/.m2/repository/org/komea/product/komea-utils/1.0.13-SNAPSHOT/komea-utils-1.0.13-SNAPSHOT.jar
7ff33f544000-7ff33f545000 r--s 00005000 08:03 50597150                   /home/rgalerme/.m2/repository/org/komea/product/komea-rest-api/1.0.13-SNAPSHOT/komea-rest-api-1.0.13-SNAPSHOT.jar
7ff33f545000-7ff33f554000 r--s 000c1000 08:03 35134951                   /home/rgalerme/.m2/repository/com/fasterxml/jackson/core/jackson-databind/2.0.5/jackson-databind-2.0.5.jar
7ff33f554000-7ff33f557000 r--s 0002d000 08:03 32903346                   /home/rgalerme/.m2/repository/com/fasterxml/jackson/core/jackson-core/2.0.5/jackson-core-2.0.5.jar
7ff33f557000-7ff33f55a000 r--s 00006000 08:03 34867913                   /home/rgalerme/.m2/repository/com/fasterxml/jackson/core/jackson-annotations/2.0.5/jackson-annotations-2.0.5.jar
7ff33f55a000-7ff33f560000 r--s 00025000 08:03 34737708                   /home/rgalerme/.m2/repository/com/googlecode/wicked-charts/wicked-charts-highcharts/1.5.0/wicked-charts-highcharts-1.5.0.jar
7ff33f560000-7ff33f562000 r--s 00009000 08:03 34213571                   /home/rgalerme/.m2/repository/com/googlecode/wicked-charts/wicked-charts-wicket6/1.5.0/wicked-charts-wicket6-1.5.0.jar
7ff33f562000-7ff33f564000 r--s 00035000 08:03 33692163                   /home/rgalerme/.m2/repository/com/googlecode/wicket-jquery-ui/wicket-jquery-ui-core/6.14.0/wicket-jquery-ui-core-6.14.0.jar
7ff33f564000-7ff33f56c000 r--s 00033000 08:03 48105770                   /home/rgalerme/.m2/repository/com/googlecode/wicket-jquery-ui/wicket-jquery-ui/6.14.0/wicket-jquery-ui-6.14.0.jar
7ff33f56c000-7ff33f56d000 r--s 00003000 08:03 49416146                   /home/rgalerme/.m2/repository/org/apache/wicket/wicket-native-websocket-jetty9/6.14.0/wicket-native-websocket-jetty9-6.14.0.jar
7ff33f56d000-7ff33f570000 r--s 0000e000 08:03 48105765                   /home/rgalerme/.m2/repository/org/apache/wicket/wicket-native-websocket-core/6.14.0/wicket-native-websocket-core-6.14.0.jar
7ff33f570000-7ff33f571000 r--s 00003000 08:03 48105763                   /home/rgalerme/.m2/repository/org/apache/wicket/wicket-native-websocket-tomcat/6.14.0/wicket-native-websocket-tomcat-6.14.0.jar
7ff33f571000-7ff33f574000 r--s 0000a000 08:03 30279916                   /home/rgalerme/.m2/repository/org/apache/wicket/wicket-auth-roles/6.14.0/wicket-auth-roles-6.14.0.jar
7ff33f574000-7ff33f57d000 r--s 0005f000 08:03 30674599                   /home/rgalerme/.m2/repository/org/apache/wicket/wicket-util/6.14.0/wicket-util-6.14.0.jar
7ff33f57d000-7ff33f58f000 r--s 0013f000 08:03 31595599                   /home/rgalerme/.m2/repository/org/apache/wicket/wicket-extensions/6.14.0/wicket-extensions-6.14.0.jar
7ff33f58f000-7ff33f590000 r--s 00000000 08:03 50595947                   /home/rgalerme/.m2/repository/javax/inject/javax.inject/1/javax.inject-1.jar
7ff33f590000-7ff33f591000 r--s 0000a000 08:03 42731017                   /home/rgalerme/.m2/repository/asm/asm/3.3.1/asm-3.3.1.jar
7ff33f591000-7ff33f598000 r--s 00040000 08:03 50471371                   /home/rgalerme/.m2/repository/cglib/cglib/2.2.2/cglib-2.2.2.jar
7ff33f598000-7ff33f59a000 r--s 00004000 08:03 48105764                   /home/rgalerme/.m2/repository/org/apache/wicket/wicket-ioc/6.14.0/wicket-ioc-6.14.0.jar
7ff33f59a000-7ff33f59e000 r--s 00012000 08:03 30936973                   /home/rgalerme/.m2/repository/org/apache/wicket/wicket-request/6.14.0/wicket-request-6.14.0.jar
7ff33f59e000-7ff33f5c3000 r--s 001e9000 08:03 30410725                   /home/rgalerme/.m2/repository/org/apache/wicket/wicket-core/6.14.0/wicket-core-6.14.0.jar
7ff33f5c3000-7ff33f5c5000 r--s 00005000 08:03 48105766                   /home/rgalerme/.m2/repository/org/apache/wicket/wicket-spring/6.14.0/wicket-spring-6.14.0.jar
7ff33f5c5000-7ff33f5c6000 r--s 00002000 08:03 43255355                   /home/rgalerme/.m2/repository/org/hackrslab/random-avatar/0.2.3/random-avatar-0.2.3.jar
7ff33f5c6000-7ff33f5ca000 r--s 00015000 08:03 49416263                   /home/rgalerme/.m2/repository/org/komea/product/komea-wicket-utils/1.0.13-SNAPSHOT/komea-wicket-utils-1.0.13-SNAPSHOT.jar
7ff33f5ca000-7ff33f5d1000 r--s 00061000 08:03 47843187                   /home/rgalerme/.m2/repository/org/jodd/jodd-core/3.5/jodd-core-3.5.jar
7ff33f5d1000-7ff33f5d2000 r--s 00008000 08:03 40772653                   /home/rgalerme/.m2/repository/org/jodd/jodd-bean/3.5/jodd-bean-3.5.jar
7ff33f5d2000-7ff33f5d4000 r--s 0000a000 08:03 50470140                   /home/rgalerme/.m2/repository/org/mybatis/mybatis-spring/1.2.1/mybatis-spring-1.2.1.jar
7ff33f5d4000-7ff33f5e2000 r--s 000a1000 08:03 50470139                   /home/rgalerme/.m2/repository/org/mybatis/mybatis/3.2.3/mybatis-3.2.3.jar
7ff33f5e2000-7ff33f5e4000 r--s 0000b000 08:03 50471066                   /home/rgalerme/.m2/repository/org/komea/product/komea-dao/1.0.13-SNAPSHOT/komea-dao-1.0.13-SNAPSHOT.jar
7ff33f5e4000-7ff33f5ef000 r--s 0008a000 08:03 30279741                   /home/rgalerme/.m2/repository/c3p0/c3p0/0.9.1.1/c3p0-0.9.1.1.jar
7ff33f5ef000-7ff33f5f9000 r--s 00098000 08:03 29886279                   /home/rgalerme/.m2/repository/org/quartz-scheduler/quartz/2.2.1/quartz-2.2.1.jar
7ff33f5f9000-7ff33f5fb000 r--s 0000d000 08:03 50207530                   /home/rgalerme/.m2/repository/org/jboss/logging/jboss-logging/3.1.0.CR2/jboss-logging-3.1.0.CR2.jar
7ff33f5fb000-7ff33f5fe000 r--s 00009000 08:03 45877681                   /home/rgalerme/.m2/repository/javax/validation/validation-api/1.0.0.GA/validation-api-1.0.0.GA.jar
7ff33f5fe000-7ff33f609000 r--s 0006a000 08:03 50078198                   /home/rgalerme/.m2/repository/org/hibernate/hibernate-validator/4.3.1.Final/hibernate-validator-4.3.1.Final.jar
7ff33f609000-7ff33f611000 r--s 0005a000 08:03 50340886                   /home/rgalerme/.m2/repository/org/komea/product/komea-dto/1.0.13-SNAPSHOT/komea-dto-1.0.13-SNAPSHOT.jar
7ff33f611000-7ff33f614000 r--s 00007000 08:03 50471074                   /home/rgalerme/.m2/repository/org/komea/product/komea-service-api/1.0.13-SNAPSHOT/komea-service-api-1.0.13-SNAPSHOT.jar
7ff33f614000-7ff33f617000 r--s 0001b000 08:03 32903273                   /home/rgalerme/.m2/repository/xpp3/xpp3/1.1.4c/xpp3-1.1.4c.jar
7ff33f617000-7ff33f619000 r--s 00005000 08:03 34213534                   /home/rgalerme/.m2/repository/xpp3/xpp3_min/1.1.3.4.O/xpp3_min-1.1.3.4.O.jar
7ff33f619000-7ff33f623000 r--s 00052000 08:03 38931096                   /home/rgalerme/.m2/repository/com/thoughtworks/xstream/xstream/1.2.2/xstream-1.2.2.jar
7ff33f623000-7ff33f689000 r--s 005de000 08:03 52430491                   /home/rgalerme/.m2/repository/org/codehaus/groovy/groovy-all/2.2.2/groovy-all-2.2.2.jar
7ff33f689000-7ff33f68a000 r--s 00000000 08:03 50207886                   /home/rgalerme/.m2/repository/org/komea/cep-cache-guava/1.0.38/cep-cache-guava-1.0.38.jar
7ff33f68a000-7ff33f68b000 r--s 00002000 08:03 50078620                   /home/rgalerme/.m2/repository/org/komea/cep-formula-springel/1.0.38/cep-formula-springel-1.0.38.jar
7ff33f68b000-7ff33f691000 r--s 00044000 08:03 30280051                   /home/rgalerme/.m2/repository/commons-jxpath/commons-jxpath/1.3/commons-jxpath-1.3.jar
7ff33f691000-7ff33f692000 r--s 00001000 08:03 49946009                   /home/rgalerme/.m2/repository/org/komea/cep-formula-xpath/1.0.38/cep-formula-xpath-1.0.38.jar
7ff33f692000-7ff33f693000 r--s 00000000 08:03 47712064                   /home/rgalerme/.m2/repository/org/komea/cep-bridge-memory/1.0.38/cep-bridge-memory-1.0.38.jar
7ff33f693000-7ff33f697000 r--s 0001e000 08:03 41946224                   /home/rgalerme/.m2/repository/com/googlecode/lambdaj/lambdaj/2.3.3/lambdaj-2.3.3.jar
7ff33f697000-7ff33f699000 r--s 00003000 08:03 47450672                   /home/rgalerme/.m2/repository/org/komea/cep-engine-api/1.0.38/cep-engine-api-1.0.38.jar
7ff33f699000-7ff33f69b000 r--s 0000a000 08:03 47187870                   /home/rgalerme/.m2/repository/org/komea/cep-engine/1.0.38/cep-engine-1.0.38.jar
7ff33f69b000-7ff33f69d000 r--s 00006000 08:03 49154353                   /home/rgalerme/.m2/repository/org/komea/product/komea-cep-engine/1.0.13-SNAPSHOT/komea-cep-engine-1.0.13-SNAPSHOT.jar
7ff33f69d000-7ff33f6a5000 r-xp 00000000 08:03 29624097                   /home/rgalerme/logiciel/jdk/jdk1.7.0_45/jre/lib/amd64/libmanagement.so
7ff33f6a5000-7ff33f8a4000 ---p 00008000 08:03 29624097                   /home/rgalerme/logiciel/jdk/jdk1.7.0_45/jre/lib/amd64/libmanagement.so
7ff33f8a4000-7ff33f8a5000 rw-p 00007000 08:03 29624097                   /home/rgalerme/logiciel/jdk/jdk1.7.0_45/jre/lib/amd64/libmanagement.so
7ff33f8a5000-7ff33f8af000 r--s 00250000 08:03 29623984                   /home/rgalerme/logiciel/jdk/jdk1.7.0_45/jre/lib/resources.jar
7ff33f8af000-7ff33f8d5000 r--p 00000000 08:01 3148083                    /usr/share/locale/fr/LC_MESSAGES/libc.mo
7ff33f8d5000-7ff33f8eb000 r-xp 00000000 08:03 29624122                   /home/rgalerme/logiciel/jdk/jdk1.7.0_45/jre/lib/amd64/libnet.so
7ff33f8eb000-7ff33faeb000 ---p 00016000 08:03 29624122                   /home/rgalerme/logiciel/jdk/jdk1.7.0_45/jre/lib/amd64/libnet.so
7ff33faeb000-7ff33faec000 rw-p 00016000 08:03 29624122                   /home/rgalerme/logiciel/jdk/jdk1.7.0_45/jre/lib/amd64/libnet.so
7ff33faec000-7ff33fafc000 r-xp 00000000 08:03 29624127                   /home/rgalerme/logiciel/jdk/jdk1.7.0_45/jre/lib/amd64/libnio.so
7ff33fafc000-7ff33fcfc000 ---p 00010000 08:03 29624127                   /home/rgalerme/logiciel/jdk/jdk1.7.0_45/jre/lib/amd64/libnio.so
7ff33fcfc000-7ff33fcfd000 rw-p 00010000 08:03 29624127                   /home/rgalerme/logiciel/jdk/jdk1.7.0_45/jre/lib/amd64/libnio.so
7ff33fcfd000-7ff33fcfe000 ---p 00000000 00:00 0 
7ff33fcfe000-7ff33fdfe000 rw-p 00000000 00:00 0                          [stack:32672]
7ff33fdfe000-7ff33fe01000 ---p 00000000 00:00 0 
7ff33fe01000-7ff33feff000 rw-p 00000000 00:00 0                          [stack:32671]
7ff33feff000-7ff33ff02000 ---p 00000000 00:00 0 
7ff33ff02000-7ff340000000 rw-p 00000000 00:00 0                          [stack:32670]
7ff340000000-7ff340021000 rw-p 00000000 00:00 0 
7ff340021000-7ff344000000 ---p 00000000 00:00 0 
7ff344000000-7ff344021000 rw-p 00000000 00:00 0 
7ff344021000-7ff348000000 ---p 00000000 00:00 0 
7ff348000000-7ff348021000 rw-p 00000000 00:00 0 
7ff348021000-7ff34c000000 ---p 00000000 00:00 0 
7ff34c000000-7ff34c004000 r--s 00022000 08:03 50471080                   /home/rgalerme/.m2/repository/org/komea/product/komea-service/1.0.13-SNAPSHOT/komea-service-1.0.13-SNAPSHOT.jar
7ff34c004000-7ff34c008000 r--s 000f7000 08:03 29624069                   /home/rgalerme/logiciel/jdk/jdk1.7.0_45/jre/lib/ext/localedata.jar
7ff34c008000-7ff34c00f000 r--s 00000000 08:01 3171919                    /usr/lib/x86_64-linux-gnu/gconv/gconv-modules.cache
7ff34c00f000-7ff34c013000 r--s 00039000 08:03 43255243                   /home/rgalerme/.m2/repository/org/apache/tomcat/dbcp/6.0.29/dbcp-6.0.29.jar
7ff34c013000-7ff34c01e000 r--s 000af000 08:03 42339774                   /home/rgalerme/.m2/repository/org/apache/tomcat/coyote/6.0.29/coyote-6.0.29.jar
7ff34c01e000-7ff34c020000 r--s 00014000 08:03 41946084                   /home/rgalerme/.m2/repository/org/apache/tomcat/servlet-api/6.0.29/servlet-api-6.0.29.jar
7ff34c020000-7ff34c022000 r--s 00011000 08:03 42731129                   /home/rgalerme/.m2/repository/org/apache/tomcat/jsp-api/6.0.29/jsp-api-6.0.29.jar
7ff34c022000-7ff34c02e000 r--s 0014c000 08:03 42731128                   /home/rgalerme/.m2/repository/org/apache/tomcat/jasper-jdt/6.0.29/jasper-jdt-6.0.29.jar
7ff34c02e000-7ff34c031000 r--s 00018000 08:03 42993027                   /home/rgalerme/.m2/repository/org/apache/tomcat/jasper-el/6.0.29/jasper-el-6.0.29.jar
7ff34c031000-7ff34c039000 r--s 00079000 08:03 42600276                   /home/rgalerme/.m2/repository/org/apache/tomcat/jasper/6.0.29/jasper-6.0.29.jar
7ff34c039000-7ff34c03a000 r--s 00007000 08:03 42473899                   /home/rgalerme/.m2/repository/org/apache/tomcat/el-api/6.0.29/el-api-6.0.29.jar
7ff34c03a000-7ff34c03f000 r--s 00035000 08:03 42473898                   /home/rgalerme/.m2/repository/org/apache/tomcat/tribes/6.0.29/tribes-6.0.29.jar
7ff34c03f000-7ff34c041000 r--s 0001e000 08:03 42208338                   /home/rgalerme/.m2/repository/org/apache/tomcat/catalina-ha/6.0.29/catalina-ha-6.0.29.jar
7ff34c041000-7ff34c042000 r--s 00003000 08:03 42208337                   /home/rgalerme/.m2/repository/org/apache/tomcat/annotations-api/6.0.29/annotations-api-6.0.29.jar
7ff34c042000-7ff34c043000 r--s 00006000 08:03 42078912                   /home/rgalerme/.m2/repository/org/apache/tomcat/juli/6.0.29/juli-6.0.29.jar
7ff34c043000-7ff34c052000 r--s 00114000 08:03 41946083                   /home/rgalerme/.m2/repository/org/apache/tomcat/catalina/6.0.29/catalina-6.0.29.jar
7ff34c052000-7ff34c054000 r--s 0000a000 08:03 32775900                   /home/rgalerme/.m2/repository/commons-codec/commons-codec/1.3/commons-codec-1.3.jar
7ff34c054000-7ff34c056000 r--s 00026000 08:03 33559914                   /home/rgalerme/.m2/repository/org/codehaus/plexus/plexus-utils/1.0.4/plexus-utils-1.0.4.jar
7ff34c056000-7ff34c059000 r--s 00020000 08:03 34612053                   /home/rgalerme/.m2/repository/org/codehaus/plexus/plexus-archiver/1.0-alpha-7/plexus-archiver-1.0-alpha-7.jar
7ff34c059000-7ff34c05b000 r--s 0000d000 08:03 45483900                   /home/rgalerme/.m2/repository/org/codehaus/mojo/tomcat-maven-plugin/1.1/tomcat-maven-plugin-1.1.jar
7ff34c05b000-7ff34c069000 r--s 0008f000 08:03 33820716                   /home/rgalerme/.m2/repository/com/google/collections/google-collections/1.0/google-collections-1.0.jar
7ff34c069000-7ff34c06c000 ---p 00000000 00:00 0 
7ff34c06c000-7ff34c16a000 rw-p 00000000 00:00 0                          [stack:32669]
7ff34c16a000-7ff34c16d000 ---p 00000000 00:00 0 
7ff34c16d000-7ff34c26b000 rw-p 00000000 00:00 0                          [stack:32668]
7ff34c26b000-7ff34c3f4000 r--p 00000000 08:01 3146801                    /usr/lib/locale/locale-archive
7ff34c3f4000-7ff34c3f7000 ---p 00000000 00:00 0 
7ff34c3f7000-7ff34c4f5000 rw-p 00000000 00:00 0                          [stack:32667]
7ff34c4f5000-7ff34c4f8000 ---p 00000000 00:00 0 
7ff34c4f8000-7ff34c5f6000 rw-p 00000000 00:00 0                          [stack:32666]
7ff34c5f6000-7ff34c5f7000 ---p 00000000 00:00 0 
7ff34c5f7000-7ff34d000000 rw-p 00000000 00:00 0                          [stack:32665]
7ff34d000000-7ff34d4c0000 rwxp 00000000 00:00 0 
7ff34d4c0000-7ff351a80000 rw-p 00000000 00:00 0 
7ff351a80000-7ff354000000 ---p 00000000 00:00 0 
7ff354000000-7ff354001000 r--s 00002000 08:03 41290584                   /home/rgalerme/.m2/repository/org/apache/maven/maven-archiver/2.2/maven-archiver-2.2.jar
7ff354001000-7ff354004000 r--s 0001b000 08:03 32641965                   /home/rgalerme/.m2/repository/junit/junit/3.8.2/junit-3.8.2.jar
7ff354004000-7ff354005000 r--s 0000a000 08:03 32903295                   /home/rgalerme/.m2/repository/commons-logging/commons-logging-api/1.1/commons-logging-api-1.1.jar
7ff354005000-7ff35400c000 r--s 00051000 08:03 35268911                   /home/rgalerme/.m2/repository/log4j/log4j/1.2.12/log4j-1.2.12.jar
7ff35400c000-7ff354010000 r--s 0001d000 08:03 41160009                   /home/rgalerme/.m2/repository/org/apache/xbean/xbean-reflect/3.4/xbean-reflect-3.4.jar
7ff354010000-7ff354011000 r--s 00004000 08:03 42078844                   /home/rgalerme/.m2/repository/org/codehaus/plexus/plexus-compiler-javac/2.2/plexus-compiler-javac-2.2.jar
7ff354011000-7ff354013000 r--s 00000000 08:03 50078175                   /home/rgalerme/.m2/repository/org/codehaus/plexus/plexus-compiler-manager/2.2/plexus-compiler-manager-2.2.jar
7ff354013000-7ff354015000 r--s 00005000 08:03 49945641                   /home/rgalerme/.m2/repository/org/codehaus/plexus/plexus-compiler-api/2.2/plexus-compiler-api-2.2.jar
7ff354015000-7ff354017000 r--s 00000000 08:03 35000555                   /home/rgalerme/.m2/repository/org/codehaus/plexus/plexus-component-annotations/1.5.5/plexus-component-annotations-1.5.5.jar
7ff354017000-7ff354019000 r--s 00002000 08:03 41553692                   /home/rgalerme/.m2/repository/org/apache/maven/shared/maven-shared-incremental/1.1/maven-shared-incremental-1.1.jar
7ff354019000-7ff35401b000 r--s 00006000 08:03 34867589                   /home/rgalerme/.m2/repository/com/google/code/findbugs/jsr305/2.0.1/jsr305-2.0.1.jar
7ff35401b000-7ff35401e000 r--s 00023000 08:03 41425763                   /home/rgalerme/.m2/repository/org/apache/maven/shared/maven-shared-utils/0.1/maven-shared-utils-0.1.jar
7ff35401e000-7ff354022000 r--s 00030000 08:03 34473974                   /home/rgalerme/.m2/repository/org/codehaus/plexus/plexus-utils/1.5.1/plexus-utils-1.5.1.jar
7ff354022000-7ff354024000 r--s 00009000 08:03 30674431                   /home/rgalerme/.m2/repository/org/apache/maven/plugins/maven-compiler-plugin/3.1/maven-compiler-plugin-3.1.jar
7ff354024000-7ff354026000 r--s 0000d000 08:03 34474186                   /home/rgalerme/.m2/repository/org/codehaus/plexus/plexus-interpolation/1.13/plexus-interpolation-1.13.jar
7ff354026000-7ff354027000 r--s 00001000 08:03 34473833                   /home/rgalerme/.m2/repository/org/sonatype/plexus/plexus-build-api/0.0.4/plexus-build-api-0.0.4.jar
7ff354027000-7ff354029000 r--s 00009000 08:03 32508430                   /home/rgalerme/.m2/repository/org/apache/maven/shared/maven-filtering/1.1/maven-filtering-1.1.jar
7ff354029000-7ff35402d000 r--s 00033000 08:03 34343293                   /home/rgalerme/.m2/repository/org/codehaus/plexus/plexus-utils/2.0.5/plexus-utils-2.0.5.jar
7ff35402d000-7ff354030000 r--s 0001b000 08:03 32641246                   /home/rgalerme/.m2/repository/junit/junit/3.8.1/junit-3.8.1.jar
7ff354030000-7ff354032000 r--s 00002000 08:03 34343245                   /home/rgalerme/.m2/repository/org/codehaus/plexus/plexus-interactivity-api/1.0-alpha-4/plexus-interactivity-api-1.0-alpha-4.jar
7ff354032000-7ff354034000 r--s 00006000 08:03 34343236                   /home/rgalerme/.m2/repository/commons-cli/commons-cli/1.0/commons-cli-1.0.jar
7ff354034000-7ff354035000 r--s 00001000 08:03 31985029                   /home/rgalerme/.m2/repository/org/apache/maven/doxia/doxia-sink-api/1.0-alpha-7/doxia-sink-api-1.0-alpha-7.jar
7ff354035000-7ff354037000 r--s 00006000 08:03 30543270                   /home/rgalerme/.m2/repository/org/apache/maven/plugins/maven-resources-plugin/2.6/maven-resources-plugin-2.6.jar
7ff354037000-7ff35403b000 r--s 0008a000 08:03 29624000                   /home/rgalerme/logiciel/jdk/jdk1.7.0_45/jre/lib/jsse.jar
7ff35403b000-7ff35406c000 rw-p 00000000 00:00 0 
7ff35406c000-7ff35406e000 r--s 00005000 08:03 30934051                   /home/rgalerme/logiciel/maven/apache-maven-3.1.1/lib/maven-repository-metadata-3.1.1.jar
7ff35406e000-7ff354070000 r--s 00007000 08:03 30934083                   /home/rgalerme/logiciel/maven/apache-maven-3.1.1/lib/aether-connector-wagon-0.9.0.M2.jar
7ff354070000-7ff354074000 r--s 0001d000 08:03 30934089                   /home/rgalerme/logiciel/maven/apache-maven-3.1.1/lib/aether-api-0.9.0.M2.jar
7ff354074000-7ff354076000 r--s 00009000 08:03 30934091                   /home/rgalerme/logiciel/maven/apache-maven-3.1.1/lib/commons-cli-1.2.jar
7ff354076000-7ff354097000 r--s 00172000 08:03 30934081                   /home/rgalerme/logiciel/maven/apache-maven-3.1.1/lib/guava-11.0.2.jar
7ff354097000-7ff354099000 r--s 00000000 08:03 30934077                   /home/rgalerme/logiciel/maven/apache-maven-3.1.1/lib/aopalliance-1.0.jar
7ff354099000-7ff35409b000 r--s 00003000 08:03 30934085                   /home/rgalerme/logiciel/maven/apache-maven-3.1.1/lib/aether-spi-0.9.0.M2.jar
7ff35409b000-7ff35409d000 r--s 00009000 08:03 30934080                   /home/rgalerme/logiciel/maven/apache-maven-3.1.1/lib/maven-settings-3.1.1.jar
7ff35409d000-7ff35409f000 r--s 0000b000 08:03 30934058                   /home/rgalerme/logiciel/maven/apache-maven-3.1.1/lib/maven-artifact-3.1.1.jar
7ff35409f000-7ff3540a3000 r--s 00020000 08:03 30934069                   /home/rgalerme/logiciel/maven/apache-maven-3.1.1/lib/aether-impl-0.9.0.M2.jar
7ff3540a3000-7ff3540a5000 r--s 00024000 08:03 30934082                   /home/rgalerme/logiciel/maven/apache-maven-3.1.1/lib/maven-model-3.1.1.jar
7ff3540a5000-7ff3540a7000 r--s 00000000 08:03 30934066                   /home/rgalerme/logiciel/maven/apache-maven-3.1.1/lib/plexus-component-annotations-1.5.5.jar
7ff3540a7000-7ff3540aa000 r--s 00006000 08:03 30934073                   /home/rgalerme/logiciel/maven/apache-maven-3.1.1/lib/jsr305-1.3.9.jar
7ff3540aa000-7ff3540ac000 r--s 00009000 08:03 30934088                   /home/rgalerme/logiciel/maven/apache-maven-3.1.1/lib/maven-plugin-api-3.1.1.jar
7ff3540ac000-7ff3540af000 r--s 00008000 08:03 30934071                   /home/rgalerme/logiciel/maven/apache-maven-3.1.1/lib/cdi-api-1.0.jar
7ff3540af000-7ff3540b2000 r--s 0000d000 08:03 30934072                   /home/rgalerme/logiciel/maven/apache-maven-3.1.1/lib/plexus-interpolation-1.19.jar
7ff3540b2000-7ff3540b8000 r--s 0002a000 08:03 30934076                   /home/rgalerme/logiciel/maven/apache-maven-3.1.1/lib/org.eclipse.sisu.plexus-0.0.0.M5.jar
7ff3540b8000-7ff3540ba000 r--s 00002000 08:03 30934060                   /home/rgalerme/logiciel/maven/apache-maven-3.1.1/lib/plexus-cipher-1.7.jar
7ff3540ba000-7ff3540d5000 r--s 000fa000 08:03 30934047                   /home/rgalerme/logiciel/maven/apache-maven-3.1.1/lib/wagon-http-2.4-shaded.jar
7ff3540d5000-7ff3540dd000 r--s 00050000 08:03 30934056                   /home/rgalerme/logiciel/maven/apache-maven-3.1.1/lib/sisu-guice-3.1.3-no_aop.jar
7ff3540dd000-7ff3540e1000 r--s 0001d000 08:03 30934086                   /home/rgalerme/logiciel/maven/apache-maven-3.1.1/lib/aether-util-0.9.0.M2.jar
7ff3540e1000-7ff3540e7000 r--s 00042000 08:03 30934063                   /home/rgalerme/logiciel/maven/apache-maven-3.1.1/lib/org.eclipse.sisu.inject-0.0.0.M5.jar
7ff3540e7000-7ff35546d000 rw-p 00000000 00:00 0 
7ff35546d000-7ff355629000 r--s 039b2000 08:03 29624733                   /home/rgalerme/logiciel/jdk/jdk1.7.0_45/jre/lib/rt.jar
7ff355629000-7ff355b58000 rw-p 00000000 00:00 0 
7ff355b58000-7ff355b59000 ---p 00000000 00:00 0 
7ff355b59000-7ff355c59000 rw-p 00000000 00:00 0                          [stack:32664]
7ff355c59000-7ff355c5a000 ---p 00000000 00:00 0 
7ff355c5a000-7ff355d5a000 rw-p 00000000 00:00 0                          [stack:32663]
7ff355d5a000-7ff355d5b000 ---p 00000000 00:00 0 
7ff355d5b000-7ff355e5b000 rw-p 00000000 00:00 0                          [stack:32662]
7ff355e5b000-7ff355e5c000 ---p 00000000 00:00 0 
7ff355e5c000-7ff355f5c000 rw-p 00000000 00:00 0                          [stack:32661]
7ff355f5c000-7ff355f5d000 ---p 00000000 00:00 0 
7ff355f5d000-7ff35605d000 rw-p 00000000 00:00 0                          [stack:32660]
7ff35605d000-7ff35605e000 ---p 00000000 00:00 0 
7ff35605e000-7ff35615e000 rw-p 00000000 00:00 0                          [stack:32659]
7ff35615e000-7ff35615f000 ---p 00000000 00:00 0 
7ff35615f000-7ff35625f000 rw-p 00000000 00:00 0                          [stack:32658]
7ff35625f000-7ff356260000 ---p 00000000 00:00 0 
7ff356260000-7ff356378000 rw-p 00000000 00:00 0                          [stack:32657]
7ff356378000-7ff356389000 rw-p 00000000 00:00 0 
7ff356389000-7ff3563b3000 rw-p 00000000 00:00 0 
7ff3563b3000-7ff356621000 rw-p 00000000 00:00 0 
7ff356621000-7ff356639000 rw-p 00000000 00:00 0 
7ff356639000-7ff35664a000 rw-p 00000000 00:00 0 
7ff35664a000-7ff356674000 rw-p 00000000 00:00 0 
7ff356674000-7ff3568e2000 rw-p 00000000 00:00 0 
7ff3568e2000-7ff3569f3000 rw-p 00000000 00:00 0 
7ff3569f3000-7ff356a2e000 rw-p 00000000 00:00 0 
7ff356a2e000-7ff356a2f000 rw-p 00000000 00:00 0 
7ff356a2f000-7ff356a49000 r-xp 00000000 08:03 29624130                   /home/rgalerme/logiciel/jdk/jdk1.7.0_45/jre/lib/amd64/libzip.so
7ff356a49000-7ff356c49000 ---p 0001a000 08:03 29624130                   /home/rgalerme/logiciel/jdk/jdk1.7.0_45/jre/lib/amd64/libzip.so
7ff356c49000-7ff356c4a000 rw-p 0001a000 08:03 29624130                   /home/rgalerme/logiciel/jdk/jdk1.7.0_45/jre/lib/amd64/libzip.so
7ff356c4a000-7ff356c56000 r-xp 00000000 08:01 4467850                    /lib/x86_64-linux-gnu/libnss_files-2.18.so
7ff356c56000-7ff356e55000 ---p 0000c000 08:01 4467850                    /lib/x86_64-linux-gnu/libnss_files-2.18.so
7ff356e55000-7ff356e56000 r--p 0000b000 08:01 4467850                    /lib/x86_64-linux-gnu/libnss_files-2.18.so
7ff356e56000-7ff356e57000 rw-p 0000c000 08:01 4467850                    /lib/x86_64-linux-gnu/libnss_files-2.18.so
7ff356e57000-7ff356e61000 r-xp 00000000 08:01 4467859                    /lib/x86_64-linux-gnu/libnss_nis-2.18.so
7ff356e61000-7ff357060000 ---p 0000a000 08:01 4467859                    /lib/x86_64-linux-gnu/libnss_nis-2.18.so
7ff357060000-7ff357061000 r--p 00009000 08:01 4467859                    /lib/x86_64-linux-gnu/libnss_nis-2.18.so
7ff357061000-7ff357062000 rw-p 0000a000 08:01 4467859                    /lib/x86_64-linux-gnu/libnss_nis-2.18.so
7ff357062000-7ff357077000 r-xp 00000000 08:01 4467845                    /lib/x86_64-linux-gnu/libnsl-2.18.so
7ff357077000-7ff357276000 ---p 00015000 08:01 4467845                    /lib/x86_64-linux-gnu/libnsl-2.18.so
7ff357276000-7ff357277000 r--p 00014000 08:01 4467845                    /lib/x86_64-linux-gnu/libnsl-2.18.so
7ff357277000-7ff357278000 rw-p 00015000 08:01 4467845                    /lib/x86_64-linux-gnu/libnsl-2.18.so
7ff357278000-7ff35727a000 rw-p 00000000 00:00 0 
7ff35727a000-7ff357281000 r-xp 00000000 08:01 4467852                    /lib/x86_64-linux-gnu/libnss_compat-2.18.so
7ff357281000-7ff357480000 ---p 00007000 08:01 4467852                    /lib/x86_64-linux-gnu/libnss_compat-2.18.so
7ff357480000-7ff357481000 r--p 00006000 08:01 4467852                    /lib/x86_64-linux-gnu/libnss_compat-2.18.so
7ff357481000-7ff357482000 rw-p 00007000 08:01 4467852                    /lib/x86_64-linux-gnu/libnss_compat-2.18.so
7ff357482000-7ff3574ab000 r-xp 00000000 08:03 29624144                   /home/rgalerme/logiciel/jdk/jdk1.7.0_45/jre/lib/amd64/libjava.so
7ff3574ab000-7ff3576ab000 ---p 00029000 08:03 29624144                   /home/rgalerme/logiciel/jdk/jdk1.7.0_45/jre/lib/amd64/libjava.so
7ff3576ab000-7ff3576ad000 rw-p 00029000 08:03 29624144                   /home/rgalerme/logiciel/jdk/jdk1.7.0_45/jre/lib/amd64/libjava.so
7ff3576ad000-7ff3576ba000 r-xp 00000000 08:03 29624133                   /home/rgalerme/logiciel/jdk/jdk1.7.0_45/jre/lib/amd64/libverify.so
7ff3576ba000-7ff3578b9000 ---p 0000d000 08:03 29624133                   /home/rgalerme/logiciel/jdk/jdk1.7.0_45/jre/lib/amd64/libverify.so
7ff3578b9000-7ff3578bb000 rw-p 0000c000 08:03 29624133                   /home/rgalerme/logiciel/jdk/jdk1.7.0_45/jre/lib/amd64/libverify.so
7ff3578bb000-7ff3578c2000 r-xp 00000000 08:01 4467848                    /lib/x86_64-linux-gnu/librt-2.18.so
7ff3578c2000-7ff357ac1000 ---p 00007000 08:01 4467848                    /lib/x86_64-linux-gnu/librt-2.18.so
7ff357ac1000-7ff357ac2000 r--p 00006000 08:01 4467848                    /lib/x86_64-linux-gnu/librt-2.18.so
7ff357ac2000-7ff357ac3000 rw-p 00007000 08:01 4467848                    /lib/x86_64-linux-gnu/librt-2.18.so
7ff357ac3000-7ff357bc4000 r-xp 00000000 08:01 4467851                    /lib/x86_64-linux-gnu/libm-2.18.so
7ff357bc4000-7ff357dc4000 ---p 00101000 08:01 4467851                    /lib/x86_64-linux-gnu/libm-2.18.so
7ff357dc4000-7ff357dc5000 r--p 00101000 08:01 4467851                    /lib/x86_64-linux-gnu/libm-2.18.so
7ff357dc5000-7ff357dc6000 rw-p 00102000 08:01 4467851                    /lib/x86_64-linux-gnu/libm-2.18.so
7ff357dc6000-7ff358928000 r-xp 00000000 08:03 29624100                   /home/rgalerme/logiciel/jdk/jdk1.7.0_45/jre/lib/amd64/server/libjvm.so
7ff358928000-7ff358b28000 ---p 00b62000 08:03 29624100                   /home/rgalerme/logiciel/jdk/jdk1.7.0_45/jre/lib/amd64/server/libjvm.so
7ff358b28000-7ff358beb000 rw-p 00b62000 08:03 29624100                   /home/rgalerme/logiciel/jdk/jdk1.7.0_45/jre/lib/amd64/server/libjvm.so
7ff358beb000-7ff358c2c000 rw-p 00000000 00:00 0 
7ff358c2c000-7ff358dcc000 r-xp 00000000 08:01 4467854                    /lib/x86_64-linux-gnu/libc-2.18.so
7ff358dcc000-7ff358fcb000 ---p 001a0000 08:01 4467854                    /lib/x86_64-linux-gnu/libc-2.18.so
7ff358fcb000-7ff358fcf000 r--p 0019f000 08:01 4467854                    /lib/x86_64-linux-gnu/libc-2.18.so
7ff358fcf000-7ff358fd1000 rw-p 001a3000 08:01 4467854                    /lib/x86_64-linux-gnu/libc-2.18.so
7ff358fd1000-7ff358fd5000 rw-p 00000000 00:00 0 
7ff358fd5000-7ff358fd8000 r-xp 00000000 08:01 4467846                    /lib/x86_64-linux-gnu/libdl-2.18.so
7ff358fd8000-7ff3591d7000 ---p 00003000 08:01 4467846                    /lib/x86_64-linux-gnu/libdl-2.18.so
7ff3591d7000-7ff3591d8000 r--p 00002000 08:01 4467846                    /lib/x86_64-linux-gnu/libdl-2.18.so
7ff3591d8000-7ff3591d9000 rw-p 00003000 08:01 4467846                    /lib/x86_64-linux-gnu/libdl-2.18.so
7ff3591d9000-7ff3591ef000 r-xp 00000000 08:03 29623972                   /home/rgalerme/logiciel/jdk/jdk1.7.0_45/lib/amd64/jli/libjli.so
7ff3591ef000-7ff3593ef000 ---p 00016000 08:03 29623972                   /home/rgalerme/logiciel/jdk/jdk1.7.0_45/lib/amd64/jli/libjli.so
7ff3593ef000-7ff3593f0000 rw-p 00016000 08:03 29623972                   /home/rgalerme/logiciel/jdk/jdk1.7.0_45/lib/amd64/jli/libjli.so
7ff3593f0000-7ff359408000 r-xp 00000000 08:01 4467840                    /lib/x86_64-linux-gnu/libpthread-2.18.so
7ff359408000-7ff359607000 ---p 00018000 08:01 4467840                    /lib/x86_64-linux-gnu/libpthread-2.18.so
7ff359607000-7ff359608000 r--p 00017000 08:01 4467840                    /lib/x86_64-linux-gnu/libpthread-2.18.so
7ff359608000-7ff359609000 rw-p 00018000 08:01 4467840                    /lib/x86_64-linux-gnu/libpthread-2.18.so
7ff359609000-7ff35960d000 rw-p 00000000 00:00 0 
7ff35960d000-7ff35962d000 r-xp 00000000 08:01 4467844                    /lib/x86_64-linux-gnu/ld-2.18.so
7ff35962d000-7ff35962e000 r--s 00002000 08:03 31722916                   /home/rgalerme/.m2/repository/org/apache/maven/reporting/maven-reporting-api/2.0.6/maven-reporting-api-2.0.6.jar
7ff35962e000-7ff35962f000 r--s 00006000 08:03 30934062                   /home/rgalerme/logiciel/maven/apache-maven-3.1.1/lib/plexus-sec-dispatcher-1.3.jar
7ff35962f000-7ff359630000 r--s 00002000 08:03 30934078                   /home/rgalerme/logiciel/maven/apache-maven-3.1.1/lib/slf4j-simple-1.7.5.jar
7ff359630000-7ff359631000 r--s 00002000 08:03 30934093                   /home/rgalerme/logiciel/maven/apache-maven-3.1.1/lib/wagon-file-2.4.jar
7ff359631000-7ff359633000 r--s 0000c000 08:03 30934054                   /home/rgalerme/logiciel/maven/apache-maven-3.1.1/lib/maven-embedder-3.1.1.jar
7ff359633000-7ff359635000 r--s 0000d000 08:03 30934053                   /home/rgalerme/logiciel/maven/apache-maven-3.1.1/lib/maven-aether-provider-3.1.1.jar
7ff359635000-7ff359639000 r--s 00037000 08:03 30934079                   /home/rgalerme/logiciel/maven/apache-maven-3.1.1/lib/plexus-utils-3.0.15.jar
7ff359639000-7ff35963a000 r--s 00001000 08:03 30934052                   /home/rgalerme/logiciel/maven/apache-maven-3.1.1/lib/jsr250-api-1.0.jar
7ff35963a000-7ff359646000 r--s 0007d000 08:03 30934084                   /home/rgalerme/logiciel/maven/apache-maven-3.1.1/lib/maven-core-3.1.1.jar
7ff359646000-7ff359648000 r--s 00005000 08:03 30934096                   /home/rgalerme/logiciel/maven/apache-maven-3.1.1/lib/slf4j-api-1.7.5.jar
7ff359648000-7ff35965b000 rw-p 00000000 00:00 0 
7ff35965b000-7ff359708000 rw-p 00000000 00:00 0 
7ff359708000-7ff35970b000 ---p 00000000 00:00 0 
7ff35970b000-7ff35980d000 rw-p 00000000 00:00 0                          [stack:32656]
7ff35980d000-7ff35980e000 r--s 00000000 08:03 30934090                   /home/rgalerme/logiciel/maven/apache-maven-3.1.1/lib/javax.inject-1.jar
7ff35980e000-7ff359812000 r--s 00023000 08:03 30934070                   /home/rgalerme/logiciel/maven/apache-maven-3.1.1/lib/maven-model-builder-3.1.1.jar
7ff359812000-7ff359818000 r--s 0003d000 08:03 30934064                   /home/rgalerme/logiciel/maven/apache-maven-3.1.1/lib/maven-compat-3.1.1.jar
7ff359818000-7ff35981a000 r--s 0000b000 08:03 30934067                   /home/rgalerme/logiciel/maven/apache-maven-3.1.1/lib/wagon-provider-api-2.4.jar
7ff35981a000-7ff35981d000 r--s 00008000 08:03 30934065                   /home/rgalerme/logiciel/maven/apache-maven-3.1.1/lib/maven-settings-builder-3.1.1.jar
7ff35981d000-7ff359820000 r--s 0000a000 08:03 30934044                   /home/rgalerme/logiciel/maven/apache-maven-3.1.1/boot/plexus-classworlds-2.5.1.jar
7ff359820000-7ff359828000 rw-s 00000000 08:01 917602                     /tmp/hsperfdata_rgalerme/32651
7ff359828000-7ff359829000 rw-p 00000000 00:00 0 
7ff359829000-7ff35982a000 r--p 00000000 00:00 0 
7ff35982a000-7ff35982c000 rw-p 00000000 00:00 0 
7ff35982c000-7ff35982d000 r--p 0001f000 08:01 4467844                    /lib/x86_64-linux-gnu/ld-2.18.so
7ff35982d000-7ff35982e000 rw-p 00020000 08:01 4467844                    /lib/x86_64-linux-gnu/ld-2.18.so
7ff35982e000-7ff35982f000 rw-p 00000000 00:00 0 
7fffcb315000-7fffcb336000 rw-p 00000000 00:00 0                          [stack]
7fffcb34b000-7fffcb34d000 r-xp 00000000 00:00 0                          [vdso]
ffffffffff600000-ffffffffff601000 r-xp 00000000 00:00 0                  [vsyscall]

VM Arguments:
jvm_args: -Dclassworlds.conf=/home/rgalerme/logiciel/maven/apache-maven-3.1.1/bin/m2.conf -Dmaven.home=/home/rgalerme/logiciel/maven/apache-maven-3.1.1 
java_command: org.codehaus.plexus.classworlds.launcher.Launcher tomcat:run -P j2ee
Launcher Type: SUN_STANDARD

Environment Variables:
JAVA_HOME=/home/rgalerme/logiciel/jdk/jdk1.7.0_45/
PATH=/usr/local/bin:/usr/bin:/bin:/usr/local/games:/usr/games:/home/rgalerme/logiciel/gradle/gradle-1.6:/home/rgalerme/logiciel/gradle/gradle-1.6/bin:/home/rgalerme/logiciel/maven/apache-maven-3.1.1/bin
USERNAME=rgalerme
SHELL=/bin/bash
DISPLAY=:0

Signal Handlers:
SIGSEGV: [libjvm.so+0x9935b0], sa_mask[0]=0x7ffbfeff, sa_flags=0x10000004
SIGBUS: [libjvm.so+0x9935b0], sa_mask[0]=0x7ffbfeff, sa_flags=0x10000004
SIGFPE: [libjvm.so+0x810330], sa_mask[0]=0x7ffbfeff, sa_flags=0x10000004
SIGPIPE: [libjvm.so+0x810330], sa_mask[0]=0x7ffbfeff, sa_flags=0x10000004
SIGXFSZ: [libjvm.so+0x810330], sa_mask[0]=0x7ffbfeff, sa_flags=0x10000004
SIGILL: [libjvm.so+0x810330], sa_mask[0]=0x7ffbfeff, sa_flags=0x10000004
SIGUSR1: SIG_DFL, sa_mask[0]=0x00000000, sa_flags=0x00000000
SIGUSR2: [libjvm.so+0x811820], sa_mask[0]=0x00000000, sa_flags=0x10000004
SIGHUP: [libjvm.so+0x812790], sa_mask[0]=0x7ffbfeff, sa_flags=0x10000004
SIGINT: [libjvm.so+0x812790], sa_mask[0]=0x7ffbfeff, sa_flags=0x10000004
SIGTERM: [libjvm.so+0x812790], sa_mask[0]=0x7ffbfeff, sa_flags=0x10000004
SIGQUIT: [libjvm.so+0x812790], sa_mask[0]=0x7ffbfeff, sa_flags=0x10000004


---------------  S Y S T E M  ---------------

OS:jessie/sid

uname:Linux 3.12-1-amd64 #1 SMP Debian 3.12.9-1 (2014-02-01) x86_64
libc:glibc 2.18 NPTL 2.18 
rlimit: STACK 8192k, CORE 0k, NPROC 63602, NOFILE 4096, AS infinity
load average:0,89 0,69 0,52

/proc/meminfo:
MemTotal:        8156744 kB
MemFree:         1054544 kB
Buffers:          268052 kB
Cached:          3073780 kB
SwapCached:        16828 kB
Active:          4324088 kB
Inactive:        2233212 kB
Active(anon):    2595952 kB
Inactive(anon):   655508 kB
Active(file):    1728136 kB
Inactive(file):  1577704 kB
Unevictable:          32 kB
Mlocked:              32 kB
SwapTotal:      16692220 kB
SwapFree:       16621636 kB
Dirty:               940 kB
Writeback:           172 kB
AnonPages:       3202096 kB
Mapped:           164876 kB
Shmem:             35988 kB
Slab:             441736 kB
SReclaimable:     403204 kB
SUnreclaim:        38532 kB
KernelStack:        5120 kB
PageTables:        44260 kB
NFS_Unstable:          0 kB
Bounce:                0 kB
WritebackTmp:          0 kB
CommitLimit:    20770592 kB
Committed_AS:    6484264 kB
VmallocTotal:   34359738367 kB
VmallocUsed:      392104 kB
VmallocChunk:   34359244632 kB
HardwareCorrupted:     0 kB
AnonHugePages:         0 kB
HugePages_Total:       0
HugePages_Free:        0
HugePages_Rsvd:        0
HugePages_Surp:        0
Hugepagesize:       2048 kB
DirectMap4k:       62976 kB
DirectMap2M:     8284160 kB


CPU:total 8 (4 cores per cpu, 2 threads per core) family 6 model 30 stepping 5, cmov, cx8, fxsr, mmx, sse, sse2, sse3, ssse3, sse4.1, sse4.2, popcnt, ht, tsc, tscinvbit

/proc/cpuinfo:
processor	: 0
vendor_id	: GenuineIntel
cpu family	: 6
model		: 30
model name	: Intel(R) Core(TM) i7 CPU         870  @ 2.93GHz
stepping	: 5
microcode	: 0x4
cpu MHz		: 1200.000
cache size	: 8192 KB
physical id	: 0
siblings	: 8
core id		: 0
cpu cores	: 4
apicid		: 0
initial apicid	: 0
fpu		: yes
fpu_exception	: yes
cpuid level	: 11
wp		: yes
flags		: fpu vme de pse tsc msr pae mce cx8 apic sep mtrr pge mca cmov pat pse36 clflush dts acpi mmx fxsr sse sse2 ss ht tm pbe syscall nx rdtscp lm constant_tsc arch_perfmon pebs bts rep_good nopl xtopology nonstop_tsc aperfmperf pni dtes64 monitor ds_cpl vmx smx est tm2 ssse3 cx16 xtpr pdcm sse4_1 sse4_2 popcnt lahf_lm ida dtherm tpr_shadow vnmi flexpriority ept vpid
bogomips	: 5866.67
clflush size	: 64
cache_alignment	: 64
address sizes	: 36 bits physical, 48 bits virtual
power management:

processor	: 1
vendor_id	: GenuineIntel
cpu family	: 6
model		: 30
model name	: Intel(R) Core(TM) i7 CPU         870  @ 2.93GHz
stepping	: 5
microcode	: 0x4
cpu MHz		: 1200.000
cache size	: 8192 KB
physical id	: 0
siblings	: 8
core id		: 1
cpu cores	: 4
apicid		: 2
initial apicid	: 2
fpu		: yes
fpu_exception	: yes
cpuid level	: 11
wp		: yes
flags		: fpu vme de pse tsc msr pae mce cx8 apic sep mtrr pge mca cmov pat pse36 clflush dts acpi mmx fxsr sse sse2 ss ht tm pbe syscall nx rdtscp lm constant_tsc arch_perfmon pebs bts rep_good nopl xtopology nonstop_tsc aperfmperf pni dtes64 monitor ds_cpl vmx smx est tm2 ssse3 cx16 xtpr pdcm sse4_1 sse4_2 popcnt lahf_lm ida dtherm tpr_shadow vnmi flexpriority ept vpid
bogomips	: 5866.67
clflush size	: 64
cache_alignment	: 64
address sizes	: 36 bits physical, 48 bits virtual
power management:

processor	: 2
vendor_id	: GenuineIntel
cpu family	: 6
model		: 30
model name	: Intel(R) Core(TM) i7 CPU         870  @ 2.93GHz
stepping	: 5
microcode	: 0x4
cpu MHz		: 2934.000
cache size	: 8192 KB
physical id	: 0
siblings	: 8
core id		: 2
cpu cores	: 4
apicid		: 4
initial apicid	: 4
fpu		: yes
fpu_exception	: yes
cpuid level	: 11
wp		: yes
flags		: fpu vme de pse tsc msr pae mce cx8 apic sep mtrr pge mca cmov pat pse36 clflush dts acpi mmx fxsr sse sse2 ss ht tm pbe syscall nx rdtscp lm constant_tsc arch_perfmon pebs bts rep_good nopl xtopology nonstop_tsc aperfmperf pni dtes64 monitor ds_cpl vmx smx est tm2 ssse3 cx16 xtpr pdcm sse4_1 sse4_2 popcnt lahf_lm ida dtherm tpr_shadow vnmi flexpriority ept vpid
bogomips	: 5866.67
clflush size	: 64
cache_alignment	: 64
address sizes	: 36 bits physical, 48 bits virtual
power management:

processor	: 3
vendor_id	: GenuineIntel
cpu family	: 6
model		: 30
model name	: Intel(R) Core(TM) i7 CPU         870  @ 2.93GHz
stepping	: 5
microcode	: 0x4
cpu MHz		: 2934.000
cache size	: 8192 KB
physical id	: 0
siblings	: 8
core id		: 3
cpu cores	: 4
apicid		: 6
initial apicid	: 6
fpu		: yes
fpu_exception	: yes
cpuid level	: 11
wp		: yes
flags		: fpu vme de pse tsc msr pae mce cx8 apic sep mtrr pge mca cmov pat pse36 clflush dts acpi mmx fxsr sse sse2 ss ht tm pbe syscall nx rdtscp lm constant_tsc arch_perfmon pebs bts rep_good nopl xtopology nonstop_tsc aperfmperf pni dtes64 monitor ds_cpl vmx smx est tm2 ssse3 cx16 xtpr pdcm sse4_1 sse4_2 popcnt lahf_lm ida dtherm tpr_shadow vnmi flexpriority ept vpid
bogomips	: 5866.67
clflush size	: 64
cache_alignment	: 64
address sizes	: 36 bits physical, 48 bits virtual
power management:

processor	: 4
vendor_id	: GenuineIntel
cpu family	: 6
model		: 30
model name	: Intel(R) Core(TM) i7 CPU         870  @ 2.93GHz
stepping	: 5
microcode	: 0x4
cpu MHz		: 1200.000
cache size	: 8192 KB
physical id	: 0
siblings	: 8
core id		: 0
cpu cores	: 4
apicid		: 1
initial apicid	: 1
fpu		: yes
fpu_exception	: yes
cpuid level	: 11
wp		: yes
flags		: fpu vme de pse tsc msr pae mce cx8 apic sep mtrr pge mca cmov pat pse36 clflush dts acpi mmx fxsr sse sse2 ss ht tm pbe syscall nx rdtscp lm constant_tsc arch_perfmon pebs bts rep_good nopl xtopology nonstop_tsc aperfmperf pni dtes64 monitor ds_cpl vmx smx est tm2 ssse3 cx16 xtpr pdcm sse4_1 sse4_2 popcnt lahf_lm ida dtherm tpr_shadow vnmi flexpriority ept vpid
bogomips	: 5866.67
clflush size	: 64
cache_alignment	: 64
address sizes	: 36 bits physical, 48 bits virtual
power management:

processor	: 5
vendor_id	: GenuineIntel
cpu family	: 6
model		: 30
model name	: Intel(R) Core(TM) i7 CPU         870  @ 2.93GHz
stepping	: 5
microcode	: 0x4
cpu MHz		: 1200.000
cache size	: 8192 KB
physical id	: 0
siblings	: 8
core id		: 1
cpu cores	: 4
apicid		: 3
initial apicid	: 3
fpu		: yes
fpu_exception	: yes
cpuid level	: 11
wp		: yes
flags		: fpu vme de pse tsc msr pae mce cx8 apic sep mtrr pge mca cmov pat pse36 clflush dts acpi mmx fxsr sse sse2 ss ht tm pbe syscall nx rdtscp lm constant_tsc arch_perfmon pebs bts rep_good nopl xtopology nonstop_tsc aperfmperf pni dtes64 monitor ds_cpl vmx smx est tm2 ssse3 cx16 xtpr pdcm sse4_1 sse4_2 popcnt lahf_lm ida dtherm tpr_shadow vnmi flexpriority ept vpid
bogomips	: 5866.67
clflush size	: 64
cache_alignment	: 64
address sizes	: 36 bits physical, 48 bits virtual
power management:

processor	: 6
vendor_id	: GenuineIntel
cpu family	: 6
model		: 30
model name	: Intel(R) Core(TM) i7 CPU         870  @ 2.93GHz
stepping	: 5
microcode	: 0x4
cpu MHz		: 1200.000
cache size	: 8192 KB
physical id	: 0
siblings	: 8
core id		: 2
cpu cores	: 4
apicid		: 5
initial apicid	: 5
fpu		: yes
fpu_exception	: yes
cpuid level	: 11
wp		: yes
flags		: fpu vme de pse tsc msr pae mce cx8 apic sep mtrr pge mca cmov pat pse36 clflush dts acpi mmx fxsr sse sse2 ss ht tm pbe syscall nx rdtscp lm constant_tsc arch_perfmon pebs bts rep_good nopl xtopology nonstop_tsc aperfmperf pni dtes64 monitor ds_cpl vmx smx est tm2 ssse3 cx16 xtpr pdcm sse4_1 sse4_2 popcnt lahf_lm ida dtherm tpr_shadow vnmi flexpriority ept vpid
bogomips	: 5866.67
clflush size	: 64
cache_alignment	: 64
address sizes	: 36 bits physical, 48 bits virtual
power management:

processor	: 7
vendor_id	: GenuineIntel
cpu family	: 6
model		: 30
model name	: Intel(R) Core(TM) i7 CPU         870  @ 2.93GHz
stepping	: 5
microcode	: 0x4
cpu MHz		: 1600.000
cache size	: 8192 KB
physical id	: 0
siblings	: 8
core id		: 3
cpu cores	: 4
apicid		: 7
initial apicid	: 7
fpu		: yes
fpu_exception	: yes
cpuid level	: 11
wp		: yes
flags		: fpu vme de pse tsc msr pae mce cx8 apic sep mtrr pge mca cmov pat pse36 clflush dts acpi mmx fxsr sse sse2 ss ht tm pbe syscall nx rdtscp lm constant_tsc arch_perfmon pebs bts rep_good nopl xtopology nonstop_tsc aperfmperf pni dtes64 monitor ds_cpl vmx smx est tm2 ssse3 cx16 xtpr pdcm sse4_1 sse4_2 popcnt lahf_lm ida dtherm tpr_shadow vnmi flexpriority ept vpid
bogomips	: 5866.67
clflush size	: 64
cache_alignment	: 64
address sizes	: 36 bits physical, 48 bits virtual
power management:



Memory: 4k page, physical 8156744k(1054544k free), swap 16692220k(16621636k free)

vm_info: Java HotSpot(TM) 64-Bit Server VM (24.45-b08) for linux-amd64 JRE (1.7.0_45-b18), built on Oct  8 2013 05:44:25 by "java_re" with gcc 4.3.0 20080428 (Red Hat 4.3.0-8)

time: Wed Apr 30 10:21:23 2014
elapsed time: 42 seconds

